CONFIG
├── train
│   └── seed: 2222                                                              
│       name: null                                                              
│       interval: step                                                          
│       monitor: val/accuracy                                                   
│       mode: max                                                               
│       ema: 0.0                                                                
│       test: false                                                             
│       debug: false                                                            
│       ignore_warnings: false                                                  
│       state:                                                                  
│         mode: null                                                            
│         n_context: 0                                                          
│         n_context_eval: 0                                                     
│       ckpt: null                                                              
│       disable_dataset: false                                                  
│       validate_at_start: false                                                
│       pretrained_model_path: null                                             
│       pretrained_model_strict_load: true                                      
│       pretrained_model_state_hook:                                            
│         _name_: null                                                          
│       post_init_hook:                                                         
│         _name_: null                                                          
│       layer_decay:                                                            
│         _name_: null                                                          
│         decay: 0.7                                                            
│                                                                               
├── tolerance
│   └── logdir: ./resume                                                        
│       id: null                                                                
│                                                                               
├── wandb
│   └── project: TNLM                                                           
│       group: ''                                                               
│       job_type: training                                                      
│       mode: online                                                            
│       save_dir: .                                                             
│       id: null                                                                
│       name: rnn-lin-mnist1                                                    
│                                                                               
├── trainer
│   └── accelerator: gpu                                                        
│       strategy: null                                                          
│       devices: 1                                                              
│       accumulate_grad_batches: 1                                              
│       max_epochs: 100                                                         
│       gradient_clip_val: null                                                 
│       log_every_n_steps: 10                                                   
│       limit_train_batches: 1.0                                                
│       limit_val_batches: 1.0                                                  
│       enable_model_summary: false                                             
│       track_grad_norm: 2                                                      
│                                                                               
├── loader
│   └── batch_size: 50                                                          
│       num_workers: 4                                                          
│       pin_memory: true                                                        
│       drop_last: true                                                         
│                                                                               
├── dataset
│   └── _name_: mnist                                                           
│       permute: true                                                           
│       val_split: 0.1                                                          
│       seed: 42                                                                
│                                                                               
├── task
│   └── _name_: base                                                            
│       loss: cross_entropy                                                     
│       metrics:                                                                
│       - accuracy                                                              
│       torchmetrics: null                                                      
│                                                                               
├── optimizer
│   └── _name_: adamw                                                           
│       lr: 3.0e-06                                                             
│       weight_decay: 0.05                                                      
│       betas:                                                                  
│       - 0.9                                                                   
│       - 0.999                                                                 
│                                                                               
├── scheduler
│   └── _name_: cosine_warmup                                                   
│       num_warmup_steps: 10800                                                 
│       num_training_steps: 108000                                              
│                                                                               
├── encoder
│   └── linear                                                                  
├── decoder
│   └── _name_: sequence                                                        
│       mode: pool                                                              
│                                                                               
├── model
│   └── layer:                                                                  
│         cell:                                                                 
│           _name_: rnn                                                         
│           hidden_activation: identity                                         
│           orthogonal: false                                                   
│           d_input: 384                                                        
│           lr: 7.5e-07                                                         
│         _name_: rnn                                                           
│         return_output: true                                                   
│       _name_: model                                                           
│       prenorm: false                                                          
│       transposed: false                                                       
│       n_layers: 1                                                             
│       d_model: 384                                                            
│       bidirectional: false                                                    
│       residual: R                                                             
│       pool: null                                                              
│       norm: batch                                                             
│       dropout: 0.2                                                            
│       tie_dropout: true                                                       
│       track_norms: false                                                      
│       encoder: null                                                           
│       decoder: null                                                           
│                                                                               
└── callbacks
    └── learning_rate_monitor:                                                  
          logging_interval: step                                                
        timer:                                                                  
          step: true                                                            
          inter_step: false                                                     
          epoch: true                                                           
          val: true                                                             
        params:                                                                 
          total: true                                                           
          trainable: true                                                       
          fixed: true                                                           
        model_checkpoint:                                                       
          monitor: val/accuracy                                                 
          mode: max                                                             
          save_top_k: 1                                                         
          save_last: true                                                       
          dirpath: checkpoints/                                                 
          filename: val/accuracy                                                
          auto_insert_metric_name: false                                        
          verbose: true                                                         
        rich_model_summary:                                                     
          max_depth: 1                                                          
        rich_progress_bar:                                                      
          refresh_rate: 1                                                       
          leave: true                                                           
                                                                                
[rank: 0] Global seed set to 2222
wandb: Currently logged in as: yuqinzhou. Use `wandb login --relogin` to force relogin
wandb: wandb version 0.15.5 is available!  To upgrade, please run:
wandb:  $ pip install wandb --upgrade
wandb: Tracking run with wandb version 0.15.4
wandb: Run data is saved locally in ./wandb/run-20230721_110445-gwzkivfy
wandb: Run `wandb offline` to turn off syncing.
wandb: Syncing run rnn-lin-mnist1
wandb: ⭐️ View project at https://wandb.ai/yuqinzhou/TNLM
wandb: 🚀 View run at https://wandb.ai/yuqinzhou/TNLM/runs/gwzkivfy
[2023-07-21 11:04:51,421][__main__][INFO] - Instantiating callback <pytorch_lightning.callbacks.LearningRateMonitor>
[2023-07-21 11:04:51,423][__main__][INFO] - Instantiating callback <src.callbacks.timer.Timer>
[2023-07-21 11:04:51,428][__main__][INFO] - Instantiating callback <src.callbacks.params.ParamsLog>
[2023-07-21 11:04:51,431][__main__][INFO] - Instantiating callback <pytorch_lightning.callbacks.ModelCheckpoint>
[2023-07-21 11:04:51,436][__main__][INFO] - Instantiating callback <pytorch_lightning.callbacks.RichModelSummary>
[2023-07-21 11:04:51,436][__main__][INFO] - Instantiating callback <pytorch_lightning.callbacks.RichProgressBar>
GPU available: True (cuda), used: True
TPU available: False, using: 0 TPU cores
IPU available: False, using: 0 IPUs
HPU available: False, using: 0 HPUs
`Trainer(limit_train_batches=1.0)` was configured so 100% of the batches per epoch will be used..
`Trainer(limit_val_batches=1.0)` was configured so 100% of the batches will be used..
LOCAL_RANK: 0 - CUDA_VISIBLE_DEVICES: [0]
NOTE: no dropout inside recurrent cell
SequenceLightningModule(
  (model): SequenceModel(
    (drop): Identity()
    (layers): ModuleList(
      (0): SequenceResidualBlock(
        (layer): RNN(
          (cell): RNNCell(
            (W_hx): Linear(in_features=384, out_features=384, bias=False)
            (activate): Identity()
            (W_hh): Linear(in_features=384, out_features=384, bias=False)
          )
        )
        (residual): Residual()
        (norm): Normalization(
          (norm): BatchNorm1d(384, eps=1e-05, momentum=0.1, affine=True, track_running_stats=True)
        )
        (drop): Dropout1d(p=0.2, inplace=False)
        (output_linear): Sequential(
          (0): Conv1d(384, 768, kernel_size=(1,), stride=(1,))
          (1): GLU(dim=-2)
        )
        (activation): GELU(approximate=none)
      )
    )
    (norm): Identity()
  )
  (encoder): Linear(
    (0): Linear(in_features=1, out_features=384, bias=True)
  )
  (decoder): SequenceDecoder(
    (0): SequenceDecoder(
      (output_transform): Linear(in_features=384, out_features=10, bias=True)
    )
  )
)
Hyperparameter groups [{'weight_decay': 0.0, 'lr': 7.5e-07}]
[2023-07-21 11:04:53,849][__main__][INFO] - Optimizer group 0 | 8 tensors | lr 3e-06 | weight_decay 0.05
[2023-07-21 11:04:53,849][__main__][INFO] - Optimizer group 1 | 2 tensors | lr 7.5e-07 | weight_decay 0.0
┏━━━┳━━━━━━━━━┳━━━━━━━━━━━━━━━━━┳━━━━━━━━┓
┃   ┃ Name    ┃ Type            ┃ Params ┃
┡━━━╇━━━━━━━━━╇━━━━━━━━━━━━━━━━━╇━━━━━━━━┩
│ 0 │ model   │ SequenceModel   │  591 K │
│ 1 │ encoder │ Linear          │    768 │
│ 2 │ decoder │ SequenceDecoder │  3.9 K │
└───┴─────────┴─────────────────┴────────┘
Trainable params: 595 K                                                         
Non-trainable params: 0                                                         
Total params: 595 K                                                             
Total estimated model params size (MB): 2                                       
SLURM auto-requeueing enabled. Setting signal handlers.
[2023-07-21 11:04:53,871][__main__][INFO] - Loaded 'val' dataloader:         6000 examples |    120 steps
[2023-07-21 11:04:53,871][__main__][INFO] - Loaded 'test' dataloader:       10000 examples |    200 steps
[2023-07-21 11:04:57,114][__main__][INFO] - Loaded 'train' dataloader:      54000 examples |   1080 steps
Epoch 0, global step 1080: 'val/accuracy' reached 0.10933 (best 0.10933), saving model to '/home/qvk729/Master_thesis/outputs/2023-07-21/11-04-43-553810/checkpoints/val/accuracy.ckpt' as top 1
Epoch 0/99 ━━━━━━━━━━━━━━━ 1400/1400 0:03:12 •       12.93it/s loss: 2.34 v_num:
                                     0:00:00                   ivfy             
                                                               val/accuracy:    
                                                               0.109 val/loss:  
                                                               2.328            
                                                               test/accuracy:   
                                                               0.103 test/loss: 
                                                               2.332            
                                                               train/accuracy:  
                                                               0.104 train/loss:
                                                               2.336            
Epoch 1, global step 2160: 'val/accuracy' was not in top 1
Epoch 1/99 ━━━━━━━━━━━━━━━ 1400/1400 0:03:11 •       12.90it/s loss: 2.32 v_num:
                                     0:00:00                   ivfy             
                                                               val/accuracy:    
                                                               0.109 val/loss:  
                                                               2.315            
                                                               test/accuracy:   
                                                               0.103 test/loss: 
                                                               2.319            
                                                               train/accuracy:  
                                                               0.104 train/loss:
                                                               2.325            
Epoch 2, global step 3240: 'val/accuracy' reached 0.22300 (best 0.22300), saving model to '/home/qvk729/Master_thesis/outputs/2023-07-21/11-04-43-553810/checkpoints/val/accuracy.ckpt' as top 1
Epoch 2/99 ━━━━━━━━━━━━━━━ 1400/1400 0:03:12 •       12.92it/s loss: 2.23 v_num:
                                     0:00:00                   ivfy             
                                                               val/accuracy:    
                                                               0.223 val/loss:  
                                                               2.227            
                                                               test/accuracy:   
                                                               0.217 test/loss: 
                                                               2.228            
                                                               train/accuracy:  
                                                               0.159 train/loss:
                                                               2.28             
Epoch 3, global step 4320: 'val/accuracy' was not in top 1
Epoch 3/99 ━━━━━━━━━━━━━━━ 1400/1400 0:03:11 •       13.04it/s loss: 2.16 v_num:
                                     0:00:00                   ivfy             
                                                               val/accuracy:    
                                                               0.209 val/loss:  
                                                               2.136            
                                                               test/accuracy:   
                                                               0.209 test/loss: 
                                                               2.133            
                                                               train/accuracy:  
                                                               0.216 train/loss:
                                                               2.182            
Epoch 4, global step 5400: 'val/accuracy' was not in top 1
Epoch 4/99 ━━━━━━━━━━━━━━━ 1400/1400 0:03:11 •       13.00it/s loss: 2.11 v_num:
                                     0:00:00                   ivfy             
                                                               val/accuracy:    
                                                               0.217 val/loss:  
                                                               2.095            
                                                               test/accuracy:   
                                                               0.216 test/loss: 
                                                               2.092            
                                                               train/accuracy:  
                                                               0.214 train/loss:
                                                               2.128            
Epoch 5, global step 6480: 'val/accuracy' reached 0.24300 (best 0.24300), saving model to '/home/qvk729/Master_thesis/outputs/2023-07-21/11-04-43-553810/checkpoints/val/accuracy.ckpt' as top 1
Epoch 5/99 ━━━━━━━━━━━━━━━ 1400/1400 0:03:10 •       13.02it/s loss: 2.07 v_num:
                                     0:00:00                   ivfy             
                                                               val/accuracy:    
                                                               0.243 val/loss:  
                                                               2.074            
                                                               test/accuracy:   
                                                               0.238 test/loss: 
                                                               2.072            
                                                               train/accuracy:  
                                                               0.223 train/loss:
                                                               2.094            
Epoch 6, global step 7560: 'val/accuracy' reached 0.25433 (best 0.25433), saving model to '/home/qvk729/Master_thesis/outputs/2023-07-21/11-04-43-553810/checkpoints/val/accuracy.ckpt' as top 1
Epoch 6/99 ━━━━━━━━━━━━━━━ 1400/1400 0:03:10 •       13.07it/s loss: 2.06 v_num:
                                     0:00:00                   ivfy             
                                                               val/accuracy:    
                                                               0.254 val/loss:  
                                                               2.035            
                                                               test/accuracy:   
                                                               0.252 test/loss: 
                                                               2.03             
                                                               train/accuracy:  
                                                               0.245 train/loss:
                                                               2.06             
Epoch 7, global step 8640: 'val/accuracy' reached 0.28567 (best 0.28567), saving model to '/home/qvk729/Master_thesis/outputs/2023-07-21/11-04-43-553810/checkpoints/val/accuracy.ckpt' as top 1
Epoch 7/99 ━━━━━━━━━━━━━━━ 1400/1400 0:03:09 •       12.95it/s loss: 2 v_num:   
                                     0:00:00                   ivfy             
                                                               val/accuracy:    
                                                               0.286 val/loss:  
                                                               2.005            
                                                               test/accuracy:   
                                                               0.285 test/loss: 
                                                               1.998            
                                                               train/accuracy:  
                                                               0.264 train/loss:
                                                               2.021            
Epoch 8, global step 9720: 'val/accuracy' reached 0.28817 (best 0.28817), saving model to '/home/qvk729/Master_thesis/outputs/2023-07-21/11-04-43-553810/checkpoints/val/accuracy.ckpt' as top 1
Epoch 8/99 ━━━━━━━━━━━━━━━ 1400/1400 0:03:10 •       12.98it/s loss: 1.94 v_num:
                                     0:00:00                   ivfy             
                                                               val/accuracy:    
                                                               0.288 val/loss:  
                                                               1.951            
                                                               test/accuracy:   
                                                               0.284 test/loss: 
                                                               1.942            
                                                               train/accuracy:  
                                                               0.281 train/loss:
                                                               1.974            
Epoch 9, global step 10800: 'val/accuracy' reached 0.29900 (best 0.29900), saving model to '/home/qvk729/Master_thesis/outputs/2023-07-21/11-04-43-553810/checkpoints/val/accuracy.ckpt' as top 1
Epoch 9/99 ━━━━━━━━━━━━━━━ 1400/1400 0:03:11 •       13.03it/s loss: 1.94 v_num:
                                     0:00:00                   ivfy             
                                                               val/accuracy:    
                                                               0.299 val/loss:  
                                                               1.913            
                                                               test/accuracy:   
                                                               0.299 test/loss: 
                                                               1.898            
                                                               train/accuracy:  
                                                               0.293 train/loss:
                                                               1.929            
Epoch 10, global step 11880: 'val/accuracy' reached 0.31517 (best 0.31517), saving model to '/home/qvk729/Master_thesis/outputs/2023-07-21/11-04-43-553810/checkpoints/val/accuracy.ckpt' as top 1
Epoch 10/99 ━━━━━━━━━━━━━━━ 1400/1400 0:03:11 •       12.85it/s loss: 1.91      
                                      0:00:00                   v_num: ivfy     
                                                                val/accuracy:   
                                                                0.315 val/loss: 
                                                                1.875           
                                                                test/accuracy:  
                                                                0.312 test/loss:
                                                                1.862           
                                                                train/accuracy: 
                                                                0.305           
                                                                train/loss: 1.89
Epoch 11, global step 12960: 'val/accuracy' reached 0.32367 (best 0.32367), saving model to '/home/qvk729/Master_thesis/outputs/2023-07-21/11-04-43-553810/checkpoints/val/accuracy.ckpt' as top 1
Epoch 11/99 ━━━━━━━━━━━━━━━ 1400/1400 0:03:12 •       12.86it/s loss: 1.86      
                                      0:00:00                   v_num: ivfy     
                                                                val/accuracy:   
                                                                0.324 val/loss: 
                                                                1.839           
                                                                test/accuracy:  
                                                                0.323 test/loss:
                                                                1.828           
                                                                train/accuracy: 
                                                                0.31 train/loss:
                                                                1.86            
Epoch 12, global step 14040: 'val/accuracy' reached 0.32800 (best 0.32800), saving model to '/home/qvk729/Master_thesis/outputs/2023-07-21/11-04-43-553810/checkpoints/val/accuracy.ckpt' as top 1
Epoch 12/99 ━━━━━━━━━━━━━━━ 1400/1400 0:03:10 •       12.91it/s loss: 1.83      
                                      0:00:00                   v_num: ivfy     
                                                                val/accuracy:   
                                                                0.328 val/loss: 
                                                                1.828           
                                                                test/accuracy:  
                                                                0.329 test/loss:
                                                                1.814           
                                                                train/accuracy: 
                                                                0.318           
                                                                train/loss:     
                                                                1.836           
Epoch 13, global step 15120: 'val/accuracy' reached 0.33600 (best 0.33600), saving model to '/home/qvk729/Master_thesis/outputs/2023-07-21/11-04-43-553810/checkpoints/val/accuracy.ckpt' as top 1
Epoch 13/99 ━━━━━━━━━━━━━━━ 1400/1400 0:03:12 •       12.84it/s loss: 1.82      
                                      0:00:00                   v_num: ivfy     
                                                                val/accuracy:   
                                                                0.336 val/loss: 
                                                                1.806           
                                                                test/accuracy:  
                                                                0.331 test/loss:
                                                                1.789           
                                                                train/accuracy: 
                                                                0.323           
                                                                train/loss: 1.82
Epoch 14, global step 16200: 'val/accuracy' was not in top 1
Epoch 14/99 ━━━━━━━━━━━━━━━ 1400/1400 0:03:11 •       12.97it/s loss: 1.78      
                                      0:00:00                   v_num: ivfy     
                                                                val/accuracy:   
                                                                0.327 val/loss: 
                                                                1.81            
                                                                test/accuracy:  
                                                                0.336 test/loss:
                                                                1.789           
                                                                train/accuracy: 
                                                                0.325           
                                                                train/loss:     
                                                                1.808           
Epoch 15, global step 17280: 'val/accuracy' was not in top 1
Epoch 15/99 ━━━━━━━━━━━━━━━ 1400/1400 0:03:11 •       13.02it/s loss: 1.75      
                                      0:00:00                   v_num: ivfy     
                                                                val/accuracy:   
                                                                0.333 val/loss: 
                                                                1.785           
                                                                test/accuracy:  
                                                                0.333 test/loss:
                                                                1.767           
                                                                train/accuracy: 
                                                                0.327           
                                                                train/loss:     
                                                                1.797           
Epoch 16, global step 18360: 'val/accuracy' reached 0.33733 (best 0.33733), saving model to '/home/qvk729/Master_thesis/outputs/2023-07-21/11-04-43-553810/checkpoints/val/accuracy.ckpt' as top 1
Epoch 16/99 ━━━━━━━━━━━━━━━ 1400/1400 0:03:12 •       13.00it/s loss: 1.79      
                                      0:00:00                   v_num: ivfy     
                                                                val/accuracy:   
                                                                0.337 val/loss: 
                                                                1.784           
                                                                test/accuracy:  
                                                                0.342 test/loss:
                                                                1.767           
                                                                train/accuracy: 
                                                                0.329           
                                                                train/loss: 1.79
Epoch 17, global step 19440: 'val/accuracy' reached 0.34200 (best 0.34200), saving model to '/home/qvk729/Master_thesis/outputs/2023-07-21/11-04-43-553810/checkpoints/val/accuracy.ckpt' as top 1
Epoch 17/99 ━━━━━━━━━━━━━━━ 1400/1400 0:03:12 •       12.85it/s loss: 1.8 v_num:
                                      0:00:00                   ivfy            
                                                                val/accuracy:   
                                                                0.342 val/loss: 
                                                                1.772           
                                                                test/accuracy:  
                                                                0.341 test/loss:
                                                                1.755           
                                                                train/accuracy: 
                                                                0.331           
                                                                train/loss:     
                                                                1.786           
Epoch 18, global step 20520: 'val/accuracy' was not in top 1
Epoch 18/99 ━━━━━━━━━━━━━━━ 1400/1400 0:03:11 •       12.94it/s loss: 1.8 v_num:
                                      0:00:00                   ivfy            
                                                                val/accuracy:   
                                                                0.34 val/loss:  
                                                                1.805           
                                                                test/accuracy:  
                                                                0.341 test/loss:
                                                                1.785           
                                                                train/accuracy: 
                                                                0.33 train/loss:
                                                                1.778           
Epoch 19, global step 21600: 'val/accuracy' reached 0.34267 (best 0.34267), saving model to '/home/qvk729/Master_thesis/outputs/2023-07-21/11-04-43-553810/checkpoints/val/accuracy.ckpt' as top 1
Epoch 19/99 ━━━━━━━━━━━━━━━ 1400/1400 0:03:10 •       12.97it/s loss: 1.77      
                                      0:00:00                   v_num: ivfy     
                                                                val/accuracy:   
                                                                0.343 val/loss: 
                                                                1.771           
                                                                test/accuracy:  
                                                                0.346 test/loss:
                                                                1.76            
                                                                train/accuracy: 
                                                                0.33 train/loss:
                                                                1.778           
Epoch 20, global step 22680: 'val/accuracy' reached 0.34917 (best 0.34917), saving model to '/home/qvk729/Master_thesis/outputs/2023-07-21/11-04-43-553810/checkpoints/val/accuracy.ckpt' as top 1
Epoch 20/99 ━━━━━━━━━━━━━━━ 1400/1400 0:03:12 •       12.73it/s loss: 1.78      
                                      0:00:00                   v_num: ivfy     
                                                                val/accuracy:   
                                                                0.349 val/loss: 
                                                                1.758           
                                                                test/accuracy:  
                                                                0.348 test/loss:
                                                                1.742           
                                                                train/accuracy: 
                                                                0.332           
                                                                train/loss:     
                                                                1.775           
Epoch 21, global step 23760: 'val/accuracy' was not in top 1
Epoch 21/99 ━━━━━━━━━━━━━━━ 1400/1400 0:03:16 •       12.21it/s loss: 1.76      
                                      0:00:00                   v_num: ivfy     
                                                                val/accuracy:   
                                                                0.326 val/loss: 
                                                                1.799           
                                                                test/accuracy:  
                                                                0.334 test/loss:
                                                                1.782           
                                                                train/accuracy: 
                                                                0.334           
                                                                train/loss:     
                                                                1.771           
Epoch 22, global step 24840: 'val/accuracy' reached 0.35017 (best 0.35017), saving model to '/home/qvk729/Master_thesis/outputs/2023-07-21/11-04-43-553810/checkpoints/val/accuracy.ckpt' as top 1
Epoch 22/99 ━━━━━━━━━━━━━━━ 1400/1400 0:03:25 •       12.36it/s loss: 1.78      
                                      0:00:00                   v_num: ivfy     
                                                                val/accuracy:   
                                                                0.35 val/loss:  
                                                                1.76            
                                                                test/accuracy:  
                                                                0.354 test/loss:
                                                                1.742           
                                                                train/accuracy: 
                                                                0.332           
                                                                train/loss:     
                                                                1.768           
Epoch 23, global step 25920: 'val/accuracy' was not in top 1
Epoch 23/99 ━━━━━━━━━━━━━━━ 1400/1400 0:03:28 •       12.25it/s loss: 1.77      
                                      0:00:00                   v_num: ivfy     
                                                                val/accuracy:   
                                                                0.344 val/loss: 
                                                                1.763           
                                                                test/accuracy:  
                                                                0.349 test/loss:
                                                                1.747           
                                                                train/accuracy: 
                                                                0.336           
                                                                train/loss:     
                                                                1.766           
Epoch 24, global step 27000: 'val/accuracy' was not in top 1
Epoch 24/99 ━━━━━━━━━━━━━━━ 1400/1400 0:03:22 •       12.16it/s loss: 1.75      
                                      0:00:00                   v_num: ivfy     
                                                                val/accuracy:   
                                                                0.34 val/loss:  
                                                                1.766           
                                                                test/accuracy:  
                                                                0.345 test/loss:
                                                                1.752           
                                                                train/accuracy: 
                                                                0.339           
                                                                train/loss:     
                                                                1.763           
Epoch 25, global step 28080: 'val/accuracy' reached 0.35167 (best 0.35167), saving model to '/home/qvk729/Master_thesis/outputs/2023-07-21/11-04-43-553810/checkpoints/val/accuracy.ckpt' as top 1
Epoch 25/99 ━━━━━━━━━━━━━━━ 1400/1400 0:03:23 •       12.65it/s loss: 1.73      
                                      0:00:00                   v_num: ivfy     
                                                                val/accuracy:   
                                                                0.352 val/loss: 
                                                                1.755           
                                                                test/accuracy:  
                                                                0.352 test/loss:
                                                                1.735           
                                                                train/accuracy: 
                                                                0.337           
                                                                train/loss:     
                                                                1.763           
Epoch 26, global step 29160: 'val/accuracy' was not in top 1
Epoch 26/99 ━━━━━━━━━━━━━━━ 1400/1400 0:03:25 •       12.70it/s loss: 1.74      
                                      0:00:00                   v_num: ivfy     
                                                                val/accuracy:   
                                                                0.338 val/loss: 
                                                                1.77            
                                                                test/accuracy:  
                                                                0.346 test/loss:
                                                                1.752           
                                                                train/accuracy: 
                                                                0.337           
                                                                train/loss:     
                                                                1.763           
Epoch 27, global step 30240: 'val/accuracy' reached 0.35333 (best 0.35333), saving model to '/home/qvk729/Master_thesis/outputs/2023-07-21/11-04-43-553810/checkpoints/val/accuracy.ckpt' as top 1
Epoch 27/99 ━━━━━━━━━━━━━━━ 1400/1400 0:03:29 •       12.52it/s loss: 1.77      
                                      0:00:00                   v_num: ivfy     
                                                                val/accuracy:   
                                                                0.353 val/loss: 
                                                                1.757           
                                                                test/accuracy:  
                                                                0.36 test/loss: 
                                                                1.736           
                                                                train/accuracy: 
                                                                0.334           
                                                                train/loss:     
                                                                1.762           
Epoch 28, global step 31320: 'val/accuracy' was not in top 1
Epoch 28/99 ━━━━━━━━━━━━━━━ 1400/1400 0:03:19 •       12.88it/s loss: 1.75      
                                      0:00:00                   v_num: ivfy     
                                                                val/accuracy:   
                                                                0.35 val/loss:  
                                                                1.76            
                                                                test/accuracy:  
                                                                0.352 test/loss:
                                                                1.742           
                                                                train/accuracy: 
                                                                0.337           
                                                                train/loss:     
                                                                1.758           
Epoch 29, global step 32400: 'val/accuracy' was not in top 1
Epoch 29/99 ━━━━━━━━━━━━━━━ 1400/1400 0:03:11 •       12.99it/s loss: 1.8 v_num:
                                      0:00:00                   ivfy            
                                                                val/accuracy:   
                                                                0.35 val/loss:  
                                                                1.763           
                                                                test/accuracy:  
                                                                0.356 test/loss:
                                                                1.743           
                                                                train/accuracy: 
                                                                0.341           
                                                                train/loss:     
                                                                1.758           
Epoch 30, global step 33480: 'val/accuracy' was not in top 1
Epoch 30/99 ━━━━━━━━━━━━━━━ 1400/1400 0:03:12 •       12.80it/s loss: 1.73      
                                      0:00:00                   v_num: ivfy     
                                                                val/accuracy:   
                                                                0.344 val/loss: 
                                                                1.782           
                                                                test/accuracy:  
                                                                0.347 test/loss:
                                                                1.757           
                                                                train/accuracy: 
                                                                0.34 train/loss:
                                                                1.757           
Epoch 31, global step 34560: 'val/accuracy' was not in top 1
Epoch 31/99 ━━━━━━━━━━━━━━━ 1400/1400 0:03:13 •       12.78it/s loss: 1.76      
                                      0:00:00                   v_num: ivfy     
                                                                val/accuracy:   
                                                                0.352 val/loss: 
                                                                1.753           
                                                                test/accuracy:  
                                                                0.357 test/loss:
                                                                1.734           
                                                                train/accuracy: 
                                                                0.34 train/loss:
                                                                1.759           
Epoch 32, global step 35640: 'val/accuracy' reached 0.36300 (best 0.36300), saving model to '/home/qvk729/Master_thesis/outputs/2023-07-21/11-04-43-553810/checkpoints/val/accuracy.ckpt' as top 1
Epoch 32/99 ━━━━━━━━━━━━━━━ 1400/1400 0:03:11 •       12.85it/s loss: 1.76      
                                      0:00:00                   v_num: ivfy     
                                                                val/accuracy:   
                                                                0.363 val/loss: 
                                                                1.747           
                                                                test/accuracy:  
                                                                0.367 test/loss:
                                                                1.727           
                                                                train/accuracy: 
                                                                0.34 train/loss:
                                                                1.754           
Epoch 33, global step 36720: 'val/accuracy' was not in top 1
Epoch 33/99 ━━━━━━━━━━━━━━━ 1400/1400 0:03:11 •       12.83it/s loss: 1.76      
                                      0:00:00                   v_num: ivfy     
                                                                val/accuracy:   
                                                                0.361 val/loss: 
                                                                1.745           
                                                                test/accuracy:  
                                                                0.366 test/loss:
                                                                1.726           
                                                                train/accuracy: 
                                                                0.339           
                                                                train/loss:     
                                                                1.754           
Epoch 34, global step 37800: 'val/accuracy' was not in top 1
Epoch 34/99 ━━━━━━━━━━━━━━━ 1400/1400 0:03:11 •       12.99it/s loss: 1.75      
                                      0:00:00                   v_num: ivfy     
                                                                val/accuracy:   
                                                                0.351 val/loss: 
                                                                1.751           
                                                                test/accuracy:  
                                                                0.357 test/loss:
                                                                1.735           
                                                                train/accuracy: 
                                                                0.342           
                                                                train/loss:     
                                                                1.754           
Epoch 35, global step 38880: 'val/accuracy' was not in top 1
Epoch 35/99 ━━━━━━━━━━━━━━━ 1400/1400 0:03:11 •       13.00it/s loss: 1.73      
                                      0:00:00                   v_num: ivfy     
                                                                val/accuracy:   
                                                                0.336 val/loss: 
                                                                1.813           
                                                                test/accuracy:  
                                                                0.34 test/loss: 
                                                                1.786           
                                                                train/accuracy: 
                                                                0.341           
                                                                train/loss:     
                                                                1.754           
Epoch 36, global step 39960: 'val/accuracy' was not in top 1
Epoch 36/99 ━━━━━━━━━━━━━━━ 1400/1400 0:03:12 •       12.72it/s loss: 1.69      
                                      0:00:00                   v_num: ivfy     
                                                                val/accuracy:   
                                                                0.305 val/loss: 
                                                                1.816           
                                                                test/accuracy:  
                                                                0.312 test/loss:
                                                                1.802           
                                                                train/accuracy: 
                                                                0.342           
                                                                train/loss:     
                                                                1.753           
Epoch 37, global step 41040: 'val/accuracy' was not in top 1
Epoch 37/99 ━━━━━━━━━━━━━━━ 1400/1400 0:03:11 •       12.81it/s loss: 1.71      
                                      0:00:00                   v_num: ivfy     
                                                                val/accuracy:   
                                                                0.351 val/loss: 
                                                                1.76            
                                                                test/accuracy:  
                                                                0.356 test/loss:
                                                                1.737           
                                                                train/accuracy: 
                                                                0.34 train/loss:
                                                                1.754           
Epoch 38, global step 42120: 'val/accuracy' reached 0.36450 (best 0.36450), saving model to '/home/qvk729/Master_thesis/outputs/2023-07-21/11-04-43-553810/checkpoints/val/accuracy.ckpt' as top 1
Epoch 38/99 ━━━━━━━━━━━━━━━ 1400/1400 0:03:12 •       13.01it/s loss: 1.77      
                                      0:00:00                   v_num: ivfy     
                                                                val/accuracy:   
                                                                0.364 val/loss: 
                                                                1.741           
                                                                test/accuracy:  
                                                                0.368 test/loss:
                                                                1.721           
                                                                train/accuracy: 
                                                                0.339           
                                                                train/loss:     
                                                                1.752           
Epoch 39, global step 43200: 'val/accuracy' was not in top 1
Epoch 39/99 ━━━━━━━━━━━━━━━ 1400/1400 0:03:11 •       12.86it/s loss: 1.8 v_num:
                                      0:00:00                   ivfy            
                                                                val/accuracy:   
                                                                0.345 val/loss: 
                                                                1.765           
                                                                test/accuracy:  
                                                                0.355 test/loss:
                                                                1.741           
                                                                train/accuracy: 
                                                                0.343           
                                                                train/loss: 1.75
Epoch 40, global step 44280: 'val/accuracy' was not in top 1
Epoch 40/99 ━━━━━━━━━━━━━━━ 1400/1400 0:03:10 •       12.96it/s loss: 1.79      
                                      0:00:00                   v_num: ivfy     
                                                                val/accuracy:   
                                                                0.335 val/loss: 
                                                                1.764           
                                                                test/accuracy:  
                                                                0.343 test/loss:
                                                                1.749           
                                                                train/accuracy: 
                                                                0.342           
                                                                train/loss: 1.75
Epoch 41, global step 45360: 'val/accuracy' reached 0.36550 (best 0.36550), saving model to '/home/qvk729/Master_thesis/outputs/2023-07-21/11-04-43-553810/checkpoints/val/accuracy.ckpt' as top 1
Epoch 41/99 ━━━━━━━━━━━━━━━ 1400/1400 0:03:10 •       12.96it/s loss: 1.75      
                                      0:00:00                   v_num: ivfy     
                                                                val/accuracy:   
                                                                0.366 val/loss: 
                                                                1.738           
                                                                test/accuracy:  
                                                                0.369 test/loss:
                                                                1.718           
                                                                train/accuracy: 
                                                                0.342           
                                                                train/loss:     
                                                                1.749           
Epoch 42, global step 46440: 'val/accuracy' was not in top 1
Epoch 42/99 ━━━━━━━━━━━━━━━ 1400/1400 0:03:11 •       13.00it/s loss: 1.84      
                                      0:00:00                   v_num: ivfy     
                                                                val/accuracy:   
                                                                0.36 val/loss:  
                                                                1.75            
                                                                test/accuracy:  
                                                                0.367 test/loss:
                                                                1.729           
                                                                train/accuracy: 
                                                                0.34 train/loss:
                                                                1.75            
Epoch 43, global step 47520: 'val/accuracy' was not in top 1
Epoch 43/99 ━━━━━━━━━━━━━━━ 1400/1400 0:03:11 •       12.88it/s loss: 1.76      
                                      0:00:00                   v_num: ivfy     
                                                                val/accuracy:   
                                                                0.338 val/loss: 
                                                                1.81            
                                                                test/accuracy:  
                                                                0.34 test/loss: 
                                                                1.782           
                                                                train/accuracy: 
                                                                0.344           
                                                                train/loss:     
                                                                1.749           
Epoch 44, global step 48600: 'val/accuracy' was not in top 1
Epoch 44/99 ━━━━━━━━━━━━━━━ 1400/1400 0:03:11 •       12.86it/s loss: 1.73      
                                      0:00:00                   v_num: ivfy     
                                                                val/accuracy:   
                                                                0.315 val/loss: 
                                                                1.795           
                                                                test/accuracy:  
                                                                0.325 test/loss:
                                                                1.785           
                                                                train/accuracy: 
                                                                0.343           
                                                                train/loss:     
                                                                1.747           
Epoch 45, global step 49680: 'val/accuracy' was not in top 1
Epoch 45/99 ━━━━━━━━━━━━━━━ 1400/1400 0:03:12 •       12.85it/s loss: 1.74      
                                      0:00:00                   v_num: ivfy     
                                                                val/accuracy:   
                                                                0.355 val/loss: 
                                                                1.749           
                                                                test/accuracy:  
                                                                0.363 test/loss:
                                                                1.726           
                                                                train/accuracy: 
                                                                0.343           
                                                                train/loss:     
                                                                1.748           
Epoch 46, global step 50760: 'val/accuracy' was not in top 1
Epoch 46/99 ━━━━━━━━━━━━━━━ 1400/1400 0:03:12 •       12.88it/s loss: 1.75      
                                      0:00:00                   v_num: ivfy     
                                                                val/accuracy:   
                                                                0.363 val/loss: 
                                                                1.735           
                                                                test/accuracy:  
                                                                0.367 test/loss:
                                                                1.716           
                                                                train/accuracy: 
                                                                0.343           
                                                                train/loss:     
                                                                1.748           
Epoch 47, global step 51840: 'val/accuracy' was not in top 1
Epoch 47/99 ━━━━━━━━━━━━━━━ 1400/1400 0:03:11 •       12.95it/s loss: 1.75      
                                      0:00:00                   v_num: ivfy     
                                                                val/accuracy:   
                                                                0.361 val/loss: 
                                                                1.738           
                                                                test/accuracy:  
                                                                0.369 test/loss:
                                                                1.718           
                                                                train/accuracy: 
                                                                0.345           
                                                                train/loss:     
                                                                1.746           
Epoch 48, global step 52920: 'val/accuracy' was not in top 1
Epoch 48/99 ━━━━━━━━━━━━━━━ 1400/1400 0:03:11 •       13.00it/s loss: 1.78      
                                      0:00:00                   v_num: ivfy     
                                                                val/accuracy:   
                                                                0.364 val/loss: 
                                                                1.737           
                                                                test/accuracy:  
                                                                0.368 test/loss:
                                                                1.718           
                                                                train/accuracy: 
                                                                0.346           
                                                                train/loss:     
                                                                1.746           
Epoch 49, global step 54000: 'val/accuracy' was not in top 1
Epoch 49/99 ━━━━━━━━━━━━━━━ 1400/1400 0:03:13 •       12.89it/s loss: 1.75      
                                      0:00:00                   v_num: ivfy     
                                                                val/accuracy:   
                                                                0.342 val/loss: 
                                                                1.754           
                                                                test/accuracy:  
                                                                0.352 test/loss:
                                                                1.74            
                                                                train/accuracy: 
                                                                0.344           
                                                                train/loss:     
                                                                1.746           
Epoch 50, global step 55080: 'val/accuracy' was not in top 1
Epoch 50/99 ━━━━━━━━━━━━━━━ 1400/1400 0:03:12 •       12.84it/s loss: 1.75      
                                      0:00:00                   v_num: ivfy     
                                                                val/accuracy:   
                                                                0.354 val/loss: 
                                                                1.745           
                                                                test/accuracy:  
                                                                0.361 test/loss:
                                                                1.727           
                                                                train/accuracy: 
                                                                0.343           
                                                                train/loss:     
                                                                1.746           
Epoch 51, global step 56160: 'val/accuracy' was not in top 1
Epoch 51/99 ━━━━━━━━━━━━━━━ 1400/1400 0:03:10 •       12.94it/s loss: 1.76      
                                      0:00:00                   v_num: ivfy     
                                                                val/accuracy:   
                                                                0.354 val/loss: 
                                                                1.739           
                                                                test/accuracy:  
                                                                0.362 test/loss:
                                                                1.724           
                                                                train/accuracy: 
                                                                0.344           
                                                                train/loss:     
                                                                1.745           
Epoch 52, global step 57240: 'val/accuracy' was not in top 1
Epoch 52/99 ━━━━━━━━━━━━━━━ 1400/1400 0:03:11 •       13.00it/s loss: 1.76      
                                      0:00:00                   v_num: ivfy     
                                                                val/accuracy:   
                                                                0.36 val/loss:  
                                                                1.737           
                                                                test/accuracy:  
                                                                0.366 test/loss:
                                                                1.72            
                                                                train/accuracy: 
                                                                0.346           
                                                                train/loss:     
                                                                1.744           
Epoch 53, global step 58320: 'val/accuracy' was not in top 1
Epoch 53/99 ━━━━━━━━━━━━━━━ 1400/1400 0:03:12 •       12.89it/s loss: 1.77      
                                      0:00:00                   v_num: ivfy     
                                                                val/accuracy:   
                                                                0.362 val/loss: 
                                                                1.732           
                                                                test/accuracy:  
                                                                0.369 test/loss:
                                                                1.716           
                                                                train/accuracy: 
                                                                0.346           
                                                                train/loss:     
                                                                1.744           
Epoch 54, global step 59400: 'val/accuracy' was not in top 1
Epoch 54/99 ━━━━━━━━━━━━━━━ 1400/1400 0:03:11 •       12.98it/s loss: 1.75      
                                      0:00:00                   v_num: ivfy     
                                                                val/accuracy:   
                                                                0.361 val/loss: 
                                                                1.733           
                                                                test/accuracy:  
                                                                0.373 test/loss:
                                                                1.714           
                                                                train/accuracy: 
                                                                0.346           
                                                                train/loss:     
                                                                1.743           
Epoch 55, global step 60480: 'val/accuracy' was not in top 1
Epoch 55/99 ━━━━━━━━━━━━━━━ 1400/1400 0:03:12 •       12.82it/s loss: 1.74      
                                      0:00:00                   v_num: ivfy     
                                                                val/accuracy:   
                                                                0.359 val/loss: 
                                                                1.736           
                                                                test/accuracy:  
                                                                0.367 test/loss:
                                                                1.718           
                                                                train/accuracy: 
                                                                0.346           
                                                                train/loss:     
                                                                1.741           
Epoch 56, global step 61560: 'val/accuracy' was not in top 1
Epoch 56/99 ━━━━━━━━━━━━━━━ 1400/1400 0:03:12 •       12.79it/s loss: 1.76      
                                      0:00:00                   v_num: ivfy     
                                                                val/accuracy:   
                                                                0.341 val/loss: 
                                                                1.797           
                                                                test/accuracy:  
                                                                0.346 test/loss:
                                                                1.769           
                                                                train/accuracy: 
                                                                0.348           
                                                                train/loss:     
                                                                1.741           
Epoch 57, global step 62640: 'val/accuracy' was not in top 1
Epoch 57/99 ━━━━━━━━━━━━━━━ 1400/1400 0:03:11 •       12.84it/s loss: 1.72      
                                      0:00:00                   v_num: ivfy     
                                                                val/accuracy:   
                                                                0.348 val/loss: 
                                                                1.746           
                                                                test/accuracy:  
                                                                0.358 test/loss:
                                                                1.731           
                                                                train/accuracy: 
                                                                0.346           
                                                                train/loss:     
                                                                1.743           
Epoch 58, global step 63720: 'val/accuracy' was not in top 1
Epoch 58/99 ━━━━━━━━━━━━━━━ 1400/1400 0:03:12 •       12.77it/s loss: 1.73      
                                      0:00:00                   v_num: ivfy     
                                                                val/accuracy:   
                                                                0.321 val/loss: 
                                                                1.787           
                                                                test/accuracy:  
                                                                0.329 test/loss:
                                                                1.777           
                                                                train/accuracy: 
                                                                0.346           
                                                                train/loss:     
                                                                1.741           
Epoch 59, global step 64800: 'val/accuracy' reached 0.36850 (best 0.36850), saving model to '/home/qvk729/Master_thesis/outputs/2023-07-21/11-04-43-553810/checkpoints/val/accuracy.ckpt' as top 1
Epoch 59/99 ━━━━━━━━━━━━━━━ 1400/1400 0:03:12 •       12.91it/s loss: 1.73      
                                      0:00:00                   v_num: ivfy     
                                                                val/accuracy:   
                                                                0.368 val/loss: 
                                                                1.731           
                                                                test/accuracy:  
                                                                0.375 test/loss:
                                                                1.711           
                                                                train/accuracy: 
                                                                0.347           
                                                                train/loss: 1.74
Epoch 60, global step 65880: 'val/accuracy' was not in top 1
Epoch 60/99 ━━━━━━━━━━━━━━━ 1400/1400 0:03:12 •       12.87it/s loss: 1.75      
                                      0:00:00                   v_num: ivfy     
                                                                val/accuracy:   
                                                                0.352 val/loss: 
                                                                1.754           
                                                                test/accuracy:  
                                                                0.361 test/loss:
                                                                1.729           
                                                                train/accuracy: 
                                                                0.346           
                                                                train/loss:     
                                                                1.743           
slurmstepd: error: *** JOB 5000 ON hendrixgpu18fl CANCELLED AT 2023-07-21T14:22:34 ***
