Traceback (most recent call last):
  File "/home/qvk729/miniconda3/envs/TNLM_new/lib/python3.10/runpy.py", line 196, in _run_module_as_main
    return _run_code(code, main_globals, None,
  File "/home/qvk729/miniconda3/envs/TNLM_new/lib/python3.10/runpy.py", line 86, in _run_code
    exec(code, run_globals)
  File "/home/qvk729/Master_thesis/train.py", line 713, in <module>
    main()
  File "/home/qvk729/miniconda3/envs/TNLM_new/lib/python3.10/site-packages/hydra/main.py", line 94, in decorated_main
    _run_hydra(
  File "/home/qvk729/miniconda3/envs/TNLM_new/lib/python3.10/site-packages/hydra/_internal/utils.py", line 394, in _run_hydra
    _run_app(
  File "/home/qvk729/miniconda3/envs/TNLM_new/lib/python3.10/site-packages/hydra/_internal/utils.py", line 457, in _run_app
    run_and_report(
  File "/home/qvk729/miniconda3/envs/TNLM_new/lib/python3.10/site-packages/hydra/_internal/utils.py", line 223, in run_and_report
    raise ex
  File "/home/qvk729/miniconda3/envs/TNLM_new/lib/python3.10/site-packages/hydra/_internal/utils.py", line 220, in run_and_report
    return func()
  File "/home/qvk729/miniconda3/envs/TNLM_new/lib/python3.10/site-packages/hydra/_internal/utils.py", line 458, in <lambda>
    lambda: hydra.run(
  File "/home/qvk729/miniconda3/envs/TNLM_new/lib/python3.10/site-packages/hydra/_internal/hydra.py", line 105, in run
    cfg = self.compose_config(
  File "/home/qvk729/miniconda3/envs/TNLM_new/lib/python3.10/site-packages/hydra/_internal/hydra.py", line 594, in compose_config
    cfg = self.config_loader.load_configuration(
  File "/home/qvk729/miniconda3/envs/TNLM_new/lib/python3.10/site-packages/hydra/_internal/config_loader_impl.py", line 142, in load_configuration
    return self._load_configuration_impl(
  File "/home/qvk729/miniconda3/envs/TNLM_new/lib/python3.10/site-packages/hydra/_internal/config_loader_impl.py", line 253, in _load_configuration_impl
    defaults_list = create_defaults_list(
  File "/home/qvk729/miniconda3/envs/TNLM_new/lib/python3.10/site-packages/hydra/_internal/defaults_list.py", line 745, in create_defaults_list
    defaults, tree = _create_defaults_list(
  File "/home/qvk729/miniconda3/envs/TNLM_new/lib/python3.10/site-packages/hydra/_internal/defaults_list.py", line 715, in _create_defaults_list
    defaults_tree = _create_defaults_tree(
  File "/home/qvk729/miniconda3/envs/TNLM_new/lib/python3.10/site-packages/hydra/_internal/defaults_list.py", line 356, in _create_defaults_tree
    ret = _create_defaults_tree_impl(
  File "/home/qvk729/miniconda3/envs/TNLM_new/lib/python3.10/site-packages/hydra/_internal/defaults_list.py", line 457, in _create_defaults_tree_impl
    return _expand_virtual_root(repo, root, overrides, skip_missing)
  File "/home/qvk729/miniconda3/envs/TNLM_new/lib/python3.10/site-packages/hydra/_internal/defaults_list.py", line 280, in _expand_virtual_root
    subtree = _create_defaults_tree_impl(
  File "/home/qvk729/miniconda3/envs/TNLM_new/lib/python3.10/site-packages/hydra/_internal/defaults_list.py", line 573, in _create_defaults_tree_impl
    add_child(children, new_root)
  File "/home/qvk729/miniconda3/envs/TNLM_new/lib/python3.10/site-packages/hydra/_internal/defaults_list.py", line 520, in add_child
    subtree_ = _create_defaults_tree_impl(
  File "/home/qvk729/miniconda3/envs/TNLM_new/lib/python3.10/site-packages/hydra/_internal/defaults_list.py", line 488, in _create_defaults_tree_impl
    config_not_found_error(repo=repo, tree=root)
  File "/home/qvk729/miniconda3/envs/TNLM_new/lib/python3.10/site-packages/hydra/_internal/defaults_list.py", line 799, in config_not_found_error
    raise MissingConfigException(
hydra.errors.MissingConfigException: In 'config.yaml': Could not find 'experiment/cifar/rnn-mnist'

Available options in 'experiment':
	base
	rnn
Config search path:
	provider=hydra, path=pkg://hydra.conf
	provider=main, path=file:///home/qvk729/Master_thesis/configs
	provider=schema, path=structured://
