CONFIG
├── train
│   └── seed: 1111                                                              
│       name: null                                                              
│       interval: step                                                          
│       monitor: val/loss                                                       
│       mode: min                                                               
│       ema: 0.0                                                                
│       test: false                                                             
│       debug: false                                                            
│       ignore_warnings: false                                                  
│       state:                                                                  
│         mode: null                                                            
│         n_context: 0                                                          
│         n_context_eval: 0                                                     
│       ckpt: null                                                              
│       disable_dataset: false                                                  
│       validate_at_start: false                                                
│       pretrained_model_path: null                                             
│       pretrained_model_strict_load: true                                      
│       pretrained_model_state_hook:                                            
│         _name_: null                                                          
│       post_init_hook:                                                         
│         _name_: null                                                          
│       layer_decay:                                                            
│         _name_: null                                                          
│         decay: 0.7                                                            
│                                                                               
├── tolerance
│   └── logdir: ./resume                                                        
│       id: null                                                                
│                                                                               
├── wandb
│   └── project: TNLM                                                           
│       group: ''                                                               
│       job_type: training                                                      
│       mode: online                                                            
│       save_dir: .                                                             
│       id: null                                                                
│       name: mirnn-lin-wt2                                                     
│                                                                               
├── trainer
│   └── accelerator: gpu                                                        
│       devices: 1                                                              
│       accumulate_grad_batches: 1                                              
│       max_epochs: 200                                                         
│       gradient_clip_val: null                                                 
│       log_every_n_steps: 10                                                   
│       precision: 16                                                           
│       enable_model_summary: false                                             
│       track_grad_norm: -1                                                     
│       limit_train_batches: 1.0                                                
│       limit_val_batches: 1.0                                                  
│       replace_sampler_ddp: false                                              
│                                                                               
├── loader
│   └── batch_first: true                                                       
│       batch_size: 50                                                          
│       l_max: 32                                                               
│       pad_last: false                                                         
│       n_context: 1                                                            
│       n_epoch_double: 0                                                       
│       limit_tokens: 1.0                                                       
│       eval:                                                                   
│         l_max: null                                                           
│         batch_size: null                                                      
│                                                                               
├── dataset
│   └── _name_: wt2                                                             
│       data_dir: null                                                          
│       bpe: true                                                               
│       roll_seed: 42                                                           
│       test_split: true                                                        
│                                                                               
├── optimizer
│   └── _name_: adamw                                                           
│       lr: 0.0003                                                              
│       weight_decay: 0.1                                                       
│       betas:                                                                  
│       - 0.9                                                                   
│       - 0.999                                                                 
│                                                                               
├── scheduler
│   └── _name_: cosine_warmup                                                   
│       num_warmup_steps: 30064                                                 
│       num_training_steps: 300640                                              
│                                                                               
├── task
│   └── _name_: adaptivelm                                                      
│       init_scale: 0.5                                                         
│       bias_scale: 1.0                                                         
│       div_val: 1                                                              
│       cutoffs:                                                                
│       - 9997                                                                  
│       - 19997                                                                 
│       - 29997                                                                 
│       tie_weights: true                                                       
│       tie_projs:                                                              
│       - true                                                                  
│       - true                                                                  
│       - true                                                                  
│       dropemb: 0.25                                                           
│       dropsoft: 0.25                                                          
│       loss: null                                                              
│       metrics:                                                                
│       - ppl                                                                   
│                                                                               
├── encoder
│   └── None                                                                    
├── decoder
│   └── sequence                                                                
├── model
│   └── layer:                                                                  
│         cell:                                                                 
│           _name_: mirnn                                                       
│           hidden_activation: identity                                         
│           orthogonal: false                                                   
│           d_input: 384                                                        
│           lr: 7.5e-05                                                         
│         _name_: mirnn                                                         
│         return_output: true                                                   
│       _name_: model                                                           
│       prenorm: false                                                          
│       transposed: false                                                       
│       n_layers: 1                                                             
│       d_model: 384                                                            
│       bidirectional: false                                                    
│       residual: R                                                             
│       pool: null                                                              
│       norm: batch                                                             
│       dropout: 0.25                                                           
│       tie_dropout: false                                                      
│       track_norms: false                                                      
│       encoder: null                                                           
│       decoder: null                                                           
│                                                                               
└── callbacks
    └── learning_rate_monitor:                                                  
          logging_interval: step                                                
        timer:                                                                  
          step: true                                                            
          inter_step: false                                                     
          epoch: true                                                           
          val: true                                                             
        params:                                                                 
          total: true                                                           
          trainable: true                                                       
          fixed: true                                                           
        model_checkpoint:                                                       
          monitor: val/loss                                                     
          mode: min                                                             
          save_top_k: 1                                                         
          save_last: true                                                       
          dirpath: checkpoints/                                                 
          filename: val/loss                                                    
          auto_insert_metric_name: false                                        
          verbose: true                                                         
        rich_model_summary:                                                     
          max_depth: 1                                                          
        rich_progress_bar:                                                      
          refresh_rate: 1                                                       
          leave: true                                                           
                                                                                
[rank: 0] Global seed set to 1111
wandb: Currently logged in as: yuqinzhou. Use `wandb login --relogin` to force relogin
slurmstepd: error: *** JOB 6622 ON hendrixgpu10fl CANCELLED AT 2023-07-27T11:49:40 ***
