CONFIG
├── train
│   └── seed: 1111                                                              
│       name: null                                                              
│       interval: step                                                          
│       monitor: val/loss                                                       
│       mode: min                                                               
│       ema: 0.0                                                                
│       test: false                                                             
│       debug: false                                                            
│       ignore_warnings: false                                                  
│       state:                                                                  
│         mode: null                                                            
│         n_context: 0                                                          
│         n_context_eval: 0                                                     
│       ckpt: null                                                              
│       disable_dataset: false                                                  
│       validate_at_start: false                                                
│       pretrained_model_path: null                                             
│       pretrained_model_strict_load: true                                      
│       pretrained_model_state_hook:                                            
│         _name_: null                                                          
│       post_init_hook:                                                         
│         _name_: null                                                          
│       layer_decay:                                                            
│         _name_: null                                                          
│         decay: 0.7                                                            
│                                                                               
├── tolerance
│   └── logdir: ./resume                                                        
│       id: null                                                                
│                                                                               
├── wandb
│   └── project: TNLM                                                           
│       group: ''                                                               
│       job_type: training                                                      
│       mode: online                                                            
│       save_dir: .                                                             
│       id: null                                                                
│       name: s4-wt2                                                            
│                                                                               
├── trainer
│   └── accelerator: gpu                                                        
│       devices: 1                                                              
│       accumulate_grad_batches: 1                                              
│       max_epochs: 1000                                                        
│       gradient_clip_val: null                                                 
│       log_every_n_steps: 10                                                   
│       precision: 16                                                           
│       enable_model_summary: false                                             
│       track_grad_norm: -1                                                     
│       limit_train_batches: 1.0                                                
│       limit_val_batches: 1.0                                                  
│       replace_sampler_ddp: false                                              
│                                                                               
├── loader
│   └── batch_first: true                                                       
│       batch_size: 1                                                           
│       l_max: 512                                                              
│       pad_last: false                                                         
│       n_context: 1                                                            
│       n_epoch_double: 0                                                       
│       limit_tokens: 1.0                                                       
│       eval:                                                                   
│         l_max: null                                                           
│         batch_size: null                                                      
│                                                                               
├── dataset
│   └── _name_: wt2                                                             
│       data_dir: null                                                          
│       bpe: false                                                              
│       roll_seed: 42                                                           
│       test_split: true                                                        
│                                                                               
├── optimizer
│   └── _name_: adamw                                                           
│       lr: 0.0005                                                              
│       weight_decay: 0.1                                                       
│       betas:                                                                  
│       - 0.9                                                                   
│       - 0.999                                                                 
│                                                                               
├── scheduler
│   └── _name_: cosine_warmup                                                   
│       num_warmup_steps: 1000                                                  
│       num_training_steps: 800000                                              
│                                                                               
├── task
│   └── _name_: adaptivelm                                                      
│       init_scale: 0.5                                                         
│       bias_scale: 1.0                                                         
│       div_val: 1                                                              
│       cutoffs:                                                                
│       - 9997                                                                  
│       - 19997                                                                 
│       - 29997                                                                 
│       tie_weights: true                                                       
│       tie_projs:                                                              
│       - true                                                                  
│       - true                                                                  
│       - true                                                                  
│       dropemb: 0.1                                                            
│       dropsoft: 0.1                                                           
│       loss: null                                                              
│       metrics:                                                                
│       - ppl                                                                   
│                                                                               
├── encoder
│   └── None                                                                    
├── decoder
│   └── sequence                                                                
├── model
│   └── layer:                                                                  
│       - _name_: s4                                                            
│         l_max: 512                                                            
│         final_act: glu                                                        
│         dropout: 0.1                                                          
│         lr: 0.0005                                                            
│         n_ssm: 1                                                              
│       - _name_: s4                                                            
│         l_max: 512                                                            
│         final_act: glu                                                        
│         dropout: 0.1                                                          
│         lr: 0.0005                                                            
│         n_ssm: 1                                                              
│       - _name_: ffn                                                           
│         expand: 4                                                             
│         activation: gelu                                                      
│         dropout: 0.1                                                          
│       _name_: model                                                           
│       prenorm: true                                                           
│       transposed: false                                                       
│       n_layers: 6                                                             
│       d_model: 512                                                            
│       bidirectional: false                                                    
│       residual: R                                                             
│       pool:                                                                   
│         _name_: pool                                                          
│         stride: 1                                                             
│         expand: null                                                          
│       norm: layer                                                             
│       dropout: 0.1                                                            
│       tie_dropout: false                                                      
│       track_norms: true                                                       
│       encoder: null                                                           
│       decoder: null                                                           
│       dropinp: 0.0                                                            
│                                                                               
└── callbacks
    └── learning_rate_monitor:                                                  
          logging_interval: step                                                
        timer:                                                                  
          step: true                                                            
          inter_step: false                                                     
          epoch: true                                                           
          val: true                                                             
        params:                                                                 
          total: true                                                           
          trainable: true                                                       
          fixed: true                                                           
        model_checkpoint:                                                       
          monitor: val/loss                                                     
          mode: min                                                             
          save_top_k: 1                                                         
          save_last: true                                                       
          dirpath: checkpoints/                                                 
          filename: val/loss                                                    
          auto_insert_metric_name: false                                        
          verbose: true                                                         
        rich_model_summary:                                                     
          max_depth: 1                                                          
        rich_progress_bar:                                                      
          refresh_rate: 1                                                       
          leave: true                                                           
                                                                                
[rank: 0] Global seed set to 1111
wandb: Currently logged in as: yuqinzhou. Use `wandb login --relogin` to force relogin
wandb: wandb version 0.15.5 is available!  To upgrade, please run:
wandb:  $ pip install wandb --upgrade
wandb: Tracking run with wandb version 0.15.4
wandb: Run data is saved locally in ./wandb/run-20230715_212221-mt4tyl2h
wandb: Run `wandb offline` to turn off syncing.
wandb: Syncing run s4-wt2
wandb: ⭐️ View project at https://wandb.ai/yuqinzhou/TNLM
wandb: 🚀 View run at https://wandb.ai/yuqinzhou/TNLM/runs/mt4tyl2h
[2023-07-15 21:22:25,839][__main__][INFO] - Instantiating callback <pytorch_lightning.callbacks.LearningRateMonitor>
[2023-07-15 21:22:25,840][__main__][INFO] - Instantiating callback <src.callbacks.timer.Timer>
[2023-07-15 21:22:25,843][__main__][INFO] - Instantiating callback <src.callbacks.params.ParamsLog>
[2023-07-15 21:22:25,845][__main__][INFO] - Instantiating callback <pytorch_lightning.callbacks.ModelCheckpoint>
[2023-07-15 21:22:25,846][__main__][INFO] - Instantiating callback <pytorch_lightning.callbacks.RichModelSummary>
[2023-07-15 21:22:25,846][__main__][INFO] - Instantiating callback <pytorch_lightning.callbacks.RichProgressBar>
Using 16bit None Automatic Mixed Precision (AMP)
GPU available: True (cuda), used: True
TPU available: False, using: 0 TPU cores
IPU available: False, using: 0 IPUs
HPU available: False, using: 0 HPUs
`Trainer(limit_train_batches=1.0)` was configured so 100% of the batches per epoch will be used..
`Trainer(limit_val_batches=1.0)` was configured so 100% of the batches will be used..
[2023-07-15 21:22:25,883][root][INFO] - Loading cached dataset...
Vocab size: 33278
[2023-07-15 21:22:26,083][src.models.sequence.kernels.ssm][WARNING] - CUDA extension for structured kernels (Cauchy and Vandermonde multiplication) not found. Install by going to extensions/kernels/ and running `python setup.py install`, for improved speed and memory efficiency. Note that the kernel changed for state-spaces 4.0 and must be recompiled.
[2023-07-15 21:22:26,083][src.models.sequence.kernels.ssm][WARNING] - Falling back on slow Cauchy and Vandermonde kernel. Install at least one of pykeops or the CUDA extension for better speed and memory efficiency.
[2023-07-15 21:22:26,102][src.models.sequence.kernels.ssm][INFO] - Constructing S4 (H, N, L) = (512, 32, 512)
[2023-07-15 21:22:26,118][src.models.sequence.kernels.ssm][INFO] - Constructing S4 (H, N, L) = (512, 32, 512)
[2023-07-15 21:22:26,164][src.models.sequence.kernels.ssm][INFO] - Constructing S4 (H, N, L) = (512, 32, 512)
[2023-07-15 21:22:26,180][src.models.sequence.kernels.ssm][INFO] - Constructing S4 (H, N, L) = (512, 32, 512)
[2023-07-15 21:22:26,225][src.models.sequence.kernels.ssm][INFO] - Constructing S4 (H, N, L) = (512, 32, 512)
[2023-07-15 21:22:26,242][src.models.sequence.kernels.ssm][INFO] - Constructing S4 (H, N, L) = (512, 32, 512)
[2023-07-15 21:22:26,289][src.models.sequence.kernels.ssm][INFO] - Constructing S4 (H, N, L) = (512, 32, 512)
[2023-07-15 21:22:26,306][src.models.sequence.kernels.ssm][INFO] - Constructing S4 (H, N, L) = (512, 32, 512)
[2023-07-15 21:22:26,357][src.models.sequence.kernels.ssm][INFO] - Constructing S4 (H, N, L) = (512, 32, 512)
[2023-07-15 21:22:26,374][src.models.sequence.kernels.ssm][INFO] - Constructing S4 (H, N, L) = (512, 32, 512)
[2023-07-15 21:22:26,422][src.models.sequence.kernels.ssm][INFO] - Constructing S4 (H, N, L) = (512, 32, 512)
[2023-07-15 21:22:26,440][src.models.sequence.kernels.ssm][INFO] - Constructing S4 (H, N, L) = (512, 32, 512)
vocabulary: 33278
SequenceLightningModule(
  (model): SequenceModel(
    (drop): Identity()
    (layers): ModuleList(
      (0): SequenceResidualBlock(
        (layer): S4Block(
          (layer): FFTConv(
            (activation): GELU(approximate=none)
            (kernel): SSMKernelDPLR()
            (drop): Dropout(p=0.1, inplace=False)
            (drop_kernel): Identity()
          )
          (mult_activation): Identity()
          (drop): Dropout(p=0.1, inplace=False)
          (output_linear): Sequential(
            (0): Linear(in_features=512, out_features=1024, bias=True)
            (1): GLU(dim=-1)
          )
        )
        (residual): Residual()
        (norm): Normalization(
          (norm): LayerNorm((512,), eps=1e-05, elementwise_affine=True)
        )
        (pool): DownAvgPool()
        (drop): Dropout1d(p=0.1, inplace=False)
        (output_linear): Sequential(
          (0): Conv1d(512, 1024, kernel_size=(1,), stride=(1,))
          (1): GLU(dim=-2)
        )
        (activation): GELU(approximate=none)
      )
      (1): SequenceResidualBlock(
        (layer): S4Block(
          (layer): FFTConv(
            (activation): GELU(approximate=none)
            (kernel): SSMKernelDPLR()
            (drop): Dropout(p=0.1, inplace=False)
            (drop_kernel): Identity()
          )
          (mult_activation): Identity()
          (drop): Dropout(p=0.1, inplace=False)
          (output_linear): Sequential(
            (0): Linear(in_features=512, out_features=1024, bias=True)
            (1): GLU(dim=-1)
          )
        )
        (residual): Residual()
        (norm): Normalization(
          (norm): LayerNorm((512,), eps=1e-05, elementwise_affine=True)
        )
        (pool): DownAvgPool()
        (drop): Dropout1d(p=0.1, inplace=False)
        (output_linear): Sequential(
          (0): Conv1d(512, 1024, kernel_size=(1,), stride=(1,))
          (1): GLU(dim=-2)
        )
        (activation): GELU(approximate=none)
      )
      (2): SequenceResidualBlock(
        (layer): FFN(
          (ff): Sequential(
            (0): Sequential(
              (0): Linear(in_features=512, out_features=2048, bias=True)
              (1): GELU(approximate=none)
            )
            (1): Dropout(p=0.1, inplace=False)
            (2): Linear(in_features=2048, out_features=512, bias=True)
          )
        )
        (residual): Residual()
        (norm): Normalization(
          (norm): LayerNorm((512,), eps=1e-05, elementwise_affine=True)
        )
        (pool): DownAvgPool()
        (drop): Dropout1d(p=0.1, inplace=False)
        (output_linear): Sequential(
          (0): Conv1d(512, 1024, kernel_size=(1,), stride=(1,))
          (1): GLU(dim=-2)
        )
        (activation): GELU(approximate=none)
      )
      (3): SequenceResidualBlock(
        (layer): S4Block(
          (layer): FFTConv(
            (activation): GELU(approximate=none)
            (kernel): SSMKernelDPLR()
            (drop): Dropout(p=0.1, inplace=False)
            (drop_kernel): Identity()
          )
          (mult_activation): Identity()
          (drop): Dropout(p=0.1, inplace=False)
          (output_linear): Sequential(
            (0): Linear(in_features=512, out_features=1024, bias=True)
            (1): GLU(dim=-1)
          )
        )
        (residual): Residual()
        (norm): Normalization(
          (norm): LayerNorm((512,), eps=1e-05, elementwise_affine=True)
        )
        (pool): DownAvgPool()
        (drop): Dropout1d(p=0.1, inplace=False)
        (output_linear): Sequential(
          (0): Conv1d(512, 1024, kernel_size=(1,), stride=(1,))
          (1): GLU(dim=-2)
        )
        (activation): GELU(approximate=none)
      )
      (4): SequenceResidualBlock(
        (layer): S4Block(
          (layer): FFTConv(
            (activation): GELU(approximate=none)
            (kernel): SSMKernelDPLR()
            (drop): Dropout(p=0.1, inplace=False)
            (drop_kernel): Identity()
          )
          (mult_activation): Identity()
          (drop): Dropout(p=0.1, inplace=False)
          (output_linear): Sequential(
            (0): Linear(in_features=512, out_features=1024, bias=True)
            (1): GLU(dim=-1)
          )
        )
        (residual): Residual()
        (norm): Normalization(
          (norm): LayerNorm((512,), eps=1e-05, elementwise_affine=True)
        )
        (pool): DownAvgPool()
        (drop): Dropout1d(p=0.1, inplace=False)
        (output_linear): Sequential(
          (0): Conv1d(512, 1024, kernel_size=(1,), stride=(1,))
          (1): GLU(dim=-2)
        )
        (activation): GELU(approximate=none)
      )
      (5): SequenceResidualBlock(
        (layer): FFN(
          (ff): Sequential(
            (0): Sequential(
              (0): Linear(in_features=512, out_features=2048, bias=True)
              (1): GELU(approximate=none)
            )
            (1): Dropout(p=0.1, inplace=False)
            (2): Linear(in_features=2048, out_features=512, bias=True)
          )
        )
        (residual): Residual()
        (norm): Normalization(
          (norm): LayerNorm((512,), eps=1e-05, elementwise_affine=True)
        )
        (pool): DownAvgPool()
        (drop): Dropout1d(p=0.1, inplace=False)
        (output_linear): Sequential(
          (0): Conv1d(512, 1024, kernel_size=(1,), stride=(1,))
          (1): GLU(dim=-2)
        )
        (activation): GELU(approximate=none)
      )
      (6): SequenceResidualBlock(
        (layer): S4Block(
          (layer): FFTConv(
            (activation): GELU(approximate=none)
            (kernel): SSMKernelDPLR()
            (drop): Dropout(p=0.1, inplace=False)
            (drop_kernel): Identity()
          )
          (mult_activation): Identity()
          (drop): Dropout(p=0.1, inplace=False)
          (output_linear): Sequential(
            (0): Linear(in_features=512, out_features=1024, bias=True)
            (1): GLU(dim=-1)
          )
        )
        (residual): Residual()
        (norm): Normalization(
          (norm): LayerNorm((512,), eps=1e-05, elementwise_affine=True)
        )
        (pool): DownAvgPool()
        (drop): Dropout1d(p=0.1, inplace=False)
        (output_linear): Sequential(
          (0): Conv1d(512, 1024, kernel_size=(1,), stride=(1,))
          (1): GLU(dim=-2)
        )
        (activation): GELU(approximate=none)
      )
      (7): SequenceResidualBlock(
        (layer): S4Block(
          (layer): FFTConv(
            (activation): GELU(approximate=none)
            (kernel): SSMKernelDPLR()
            (drop): Dropout(p=0.1, inplace=False)
            (drop_kernel): Identity()
          )
          (mult_activation): Identity()
          (drop): Dropout(p=0.1, inplace=False)
          (output_linear): Sequential(
            (0): Linear(in_features=512, out_features=1024, bias=True)
            (1): GLU(dim=-1)
          )
        )
        (residual): Residual()
        (norm): Normalization(
          (norm): LayerNorm((512,), eps=1e-05, elementwise_affine=True)
        )
        (pool): DownAvgPool()
        (drop): Dropout1d(p=0.1, inplace=False)
        (output_linear): Sequential(
          (0): Conv1d(512, 1024, kernel_size=(1,), stride=(1,))
          (1): GLU(dim=-2)
        )
        (activation): GELU(approximate=none)
      )
      (8): SequenceResidualBlock(
        (layer): FFN(
          (ff): Sequential(
            (0): Sequential(
              (0): Linear(in_features=512, out_features=2048, bias=True)
              (1): GELU(approximate=none)
            )
            (1): Dropout(p=0.1, inplace=False)
            (2): Linear(in_features=2048, out_features=512, bias=True)
          )
        )
        (residual): Residual()
        (norm): Normalization(
          (norm): LayerNorm((512,), eps=1e-05, elementwise_affine=True)
        )
        (pool): DownAvgPool()
        (drop): Dropout1d(p=0.1, inplace=False)
        (output_linear): Sequential(
          (0): Conv1d(512, 1024, kernel_size=(1,), stride=(1,))
          (1): GLU(dim=-2)
        )
        (activation): GELU(approximate=none)
      )
      (9): SequenceResidualBlock(
        (layer): S4Block(
          (layer): FFTConv(
            (activation): GELU(approximate=none)
            (kernel): SSMKernelDPLR()
            (drop): Dropout(p=0.1, inplace=False)
            (drop_kernel): Identity()
          )
          (mult_activation): Identity()
          (drop): Dropout(p=0.1, inplace=False)
          (output_linear): Sequential(
            (0): Linear(in_features=512, out_features=1024, bias=True)
            (1): GLU(dim=-1)
          )
        )
        (residual): Residual()
        (norm): Normalization(
          (norm): LayerNorm((512,), eps=1e-05, elementwise_affine=True)
        )
        (pool): DownAvgPool()
        (drop): Dropout1d(p=0.1, inplace=False)
        (output_linear): Sequential(
          (0): Conv1d(512, 1024, kernel_size=(1,), stride=(1,))
          (1): GLU(dim=-2)
        )
        (activation): GELU(approximate=none)
      )
      (10): SequenceResidualBlock(
        (layer): S4Block(
          (layer): FFTConv(
            (activation): GELU(approximate=none)
            (kernel): SSMKernelDPLR()
            (drop): Dropout(p=0.1, inplace=False)
            (drop_kernel): Identity()
          )
          (mult_activation): Identity()
          (drop): Dropout(p=0.1, inplace=False)
          (output_linear): Sequential(
            (0): Linear(in_features=512, out_features=1024, bias=True)
            (1): GLU(dim=-1)
          )
        )
        (residual): Residual()
        (norm): Normalization(
          (norm): LayerNorm((512,), eps=1e-05, elementwise_affine=True)
        )
        (pool): DownAvgPool()
        (drop): Dropout1d(p=0.1, inplace=False)
        (output_linear): Sequential(
          (0): Conv1d(512, 1024, kernel_size=(1,), stride=(1,))
          (1): GLU(dim=-2)
        )
        (activation): GELU(approximate=none)
      )
      (11): SequenceResidualBlock(
        (layer): FFN(
          (ff): Sequential(
            (0): Sequential(
              (0): Linear(in_features=512, out_features=2048, bias=True)
              (1): GELU(approximate=none)
            )
            (1): Dropout(p=0.1, inplace=False)
            (2): Linear(in_features=2048, out_features=512, bias=True)
          )
        )
        (residual): Residual()
        (norm): Normalization(
          (norm): LayerNorm((512,), eps=1e-05, elementwise_affine=True)
        )
        (pool): DownAvgPool()
        (drop): Dropout1d(p=0.1, inplace=False)
        (output_linear): Sequential(
          (0): Conv1d(512, 1024, kernel_size=(1,), stride=(1,))
          (1): GLU(dim=-2)
        )
        (activation): GELU(approximate=none)
      )
      (12): SequenceResidualBlock(
        (layer): S4Block(
          (layer): FFTConv(
            (activation): GELU(approximate=none)
            (kernel): SSMKernelDPLR()
            (drop): Dropout(p=0.1, inplace=False)
            (drop_kernel): Identity()
          )
          (mult_activation): Identity()
          (drop): Dropout(p=0.1, inplace=False)
          (output_linear): Sequential(
            (0): Linear(in_features=512, out_features=1024, bias=True)
            (1): GLU(dim=-1)
          )
        )
        (residual): Residual()
        (norm): Normalization(
          (norm): LayerNorm((512,), eps=1e-05, elementwise_affine=True)
        )
        (pool): DownAvgPool()
        (drop): Dropout1d(p=0.1, inplace=False)
        (output_linear): Sequential(
          (0): Conv1d(512, 1024, kernel_size=(1,), stride=(1,))
          (1): GLU(dim=-2)
        )
        (activation): GELU(approximate=none)
      )
      (13): SequenceResidualBlock(
        (layer): S4Block(
          (layer): FFTConv(
            (activation): GELU(approximate=none)
            (kernel): SSMKernelDPLR()
            (drop): Dropout(p=0.1, inplace=False)
            (drop_kernel): Identity()
          )
          (mult_activation): Identity()
          (drop): Dropout(p=0.1, inplace=False)
          (output_linear): Sequential(
            (0): Linear(in_features=512, out_features=1024, bias=True)
            (1): GLU(dim=-1)
          )
        )
        (residual): Residual()
        (norm): Normalization(
          (norm): LayerNorm((512,), eps=1e-05, elementwise_affine=True)
        )
        (pool): DownAvgPool()
        (drop): Dropout1d(p=0.1, inplace=False)
        (output_linear): Sequential(
          (0): Conv1d(512, 1024, kernel_size=(1,), stride=(1,))
          (1): GLU(dim=-2)
        )
        (activation): GELU(approximate=none)
      )
      (14): SequenceResidualBlock(
        (layer): FFN(
          (ff): Sequential(
            (0): Sequential(
              (0): Linear(in_features=512, out_features=2048, bias=True)
              (1): GELU(approximate=none)
            )
            (1): Dropout(p=0.1, inplace=False)
            (2): Linear(in_features=2048, out_features=512, bias=True)
          )
        )
        (residual): Residual()
        (norm): Normalization(
          (norm): LayerNorm((512,), eps=1e-05, elementwise_affine=True)
        )
        (pool): DownAvgPool()
        (drop): Dropout1d(p=0.1, inplace=False)
        (output_linear): Sequential(
          (0): Conv1d(512, 1024, kernel_size=(1,), stride=(1,))
          (1): GLU(dim=-2)
        )
        (activation): GELU(approximate=none)
      )
      (15): SequenceResidualBlock(
        (layer): S4Block(
          (layer): FFTConv(
            (activation): GELU(approximate=none)
            (kernel): SSMKernelDPLR()
            (drop): Dropout(p=0.1, inplace=False)
            (drop_kernel): Identity()
          )
          (mult_activation): Identity()
          (drop): Dropout(p=0.1, inplace=False)
          (output_linear): Sequential(
            (0): Linear(in_features=512, out_features=1024, bias=True)
            (1): GLU(dim=-1)
          )
        )
        (residual): Residual()
        (norm): Normalization(
          (norm): LayerNorm((512,), eps=1e-05, elementwise_affine=True)
        )
        (pool): DownAvgPool()
        (drop): Dropout1d(p=0.1, inplace=False)
        (output_linear): Sequential(
          (0): Conv1d(512, 1024, kernel_size=(1,), stride=(1,))
          (1): GLU(dim=-2)
        )
        (activation): GELU(approximate=none)
      )
      (16): SequenceResidualBlock(
        (layer): S4Block(
          (layer): FFTConv(
            (activation): GELU(approximate=none)
            (kernel): SSMKernelDPLR()
            (drop): Dropout(p=0.1, inplace=False)
            (drop_kernel): Identity()
          )
          (mult_activation): Identity()
          (drop): Dropout(p=0.1, inplace=False)
          (output_linear): Sequential(
            (0): Linear(in_features=512, out_features=1024, bias=True)
            (1): GLU(dim=-1)
          )
        )
        (residual): Residual()
        (norm): Normalization(
          (norm): LayerNorm((512,), eps=1e-05, elementwise_affine=True)
        )
        (pool): DownAvgPool()
        (drop): Dropout1d(p=0.1, inplace=False)
        (output_linear): Sequential(
          (0): Conv1d(512, 1024, kernel_size=(1,), stride=(1,))
          (1): GLU(dim=-2)
        )
        (activation): GELU(approximate=none)
      )
      (17): SequenceResidualBlock(
        (layer): FFN(
          (ff): Sequential(
            (0): Sequential(
              (0): Linear(in_features=512, out_features=2048, bias=True)
              (1): GELU(approximate=none)
            )
            (1): Dropout(p=0.1, inplace=False)
            (2): Linear(in_features=2048, out_features=512, bias=True)
          )
        )
        (residual): Residual()
        (norm): Normalization(
          (norm): LayerNorm((512,), eps=1e-05, elementwise_affine=True)
        )
        (pool): DownAvgPool()
        (drop): Dropout1d(p=0.1, inplace=False)
        (output_linear): Sequential(
          (0): Conv1d(512, 1024, kernel_size=(1,), stride=(1,))
          (1): GLU(dim=-2)
        )
        (activation): GELU(approximate=none)
      )
    )
    (norm): Normalization(
      (norm): LayerNorm((512,), eps=1e-05, elementwise_affine=True)
    )
  )
  (encoder): AdaptiveEmbedding(
    (0): AdaptiveEmbedding(
      (drop): Dropout(p=0.1, inplace=False)
      (emb_layers): ModuleList(
        (0): Embedding(33278, 512)
      )
      (emb_projs): ParameterList()
    )
  )
  (decoder): SequenceDecoder(
    (0): SequenceDecoder(
      (output_transform): Identity()
    )
  )
  (loss): ProjectedAdaptiveLogSoftmax(
    (out_layers_biases): ParameterList(  (0): Parameter containing: [torch.FloatTensor of size 33278])
    (shared_out_projs): ParameterList()
    (out_projs): OptionalParameterList()
    (drop): Dropout(p=0.1, inplace=False)
  )
  (loss_val): ProjectedAdaptiveLogSoftmax(
    (out_layers_biases): ParameterList(  (0): Parameter containing: [torch.FloatTensor of size 33278])
    (shared_out_projs): ParameterList()
    (out_projs): OptionalParameterList()
    (drop): Dropout(p=0.1, inplace=False)
  )
)
[2023-07-15 21:22:26,837][root][INFO] - Loading cached dataset...
LOCAL_RANK: 0 - CUDA_VISIBLE_DEVICES: [0]
Vocab size: 33278
Hyperparameter groups [{'lr': 0.0005, 'weight_decay': 0.0}]
[2023-07-15 21:22:28,593][__main__][INFO] - Optimizer group 0 | 150 tensors | lr 0.0005 | weight_decay 0.1
[2023-07-15 21:22:28,593][__main__][INFO] - Optimizer group 1 | 60 tensors | lr 0.0005 | weight_decay 0.0
┏━━━┳━━━━━━━━━┳━━━━━━━━━━━━━━━━━━━━━━━━━━━━━┳━━━━━━━━┓
┃   ┃ Name    ┃ Type                        ┃ Params ┃
┡━━━╇━━━━━━━━━╇━━━━━━━━━━━━━━━━━━━━━━━━━━━━━╇━━━━━━━━┩
│ 0 │ model   │ SequenceModel               │ 28.8 M │
│ 1 │ encoder │ AdaptiveEmbedding           │ 17.0 M │
│ 2 │ decoder │ SequenceDecoder             │      0 │
│ 3 │ loss    │ ProjectedAdaptiveLogSoftmax │ 34.8 K │
└───┴─────────┴─────────────────────────────┴────────┘
Trainable params: 45.9 M                                                        
Non-trainable params: 0                                                         
Total params: 45.9 M                                                            
Total estimated model params size (MB): 91                                      
SLURM auto-requeueing enabled. Setting signal handlers.
eval loader: {'l_max': 512, 'batch_size': 1, 'batch_first': True, 'pad_last': False, 'n_context': 1, 'n_epoch_double': 0, 'limit_tokens': 1.0}
eval loader: {'l_max': 512, 'batch_size': 1, 'batch_first': True, 'pad_last': False, 'n_context': 1, 'n_epoch_double': 0, 'limit_tokens': 1.0}
[2023-07-15 21:22:28,632][src.models.sequence.kernels.ssm][INFO] - S4: Initializing kernel to length 512
[2023-07-15 21:22:30,475][src.models.sequence.kernels.ssm][INFO] - S4: Initializing kernel to length 512
[2023-07-15 21:22:30,482][src.models.sequence.kernels.ssm][INFO] - S4: Initializing kernel to length 512
[2023-07-15 21:22:30,488][src.models.sequence.kernels.ssm][INFO] - S4: Initializing kernel to length 512
[2023-07-15 21:22:30,495][src.models.sequence.kernels.ssm][INFO] - S4: Initializing kernel to length 512
[2023-07-15 21:22:30,501][src.models.sequence.kernels.ssm][INFO] - S4: Initializing kernel to length 512
[2023-07-15 21:22:30,508][src.models.sequence.kernels.ssm][INFO] - S4: Initializing kernel to length 512
[2023-07-15 21:22:30,514][src.models.sequence.kernels.ssm][INFO] - S4: Initializing kernel to length 512
[2023-07-15 21:22:30,520][src.models.sequence.kernels.ssm][INFO] - S4: Initializing kernel to length 512
[2023-07-15 21:22:30,527][src.models.sequence.kernels.ssm][INFO] - S4: Initializing kernel to length 512
[2023-07-15 21:22:30,533][src.models.sequence.kernels.ssm][INFO] - S4: Initializing kernel to length 512
[2023-07-15 21:22:30,539][src.models.sequence.kernels.ssm][INFO] - S4: Initializing kernel to length 512
