CONFIG
├── train
│   └── seed: 2222                                                              
│       name: null                                                              
│       interval: step                                                          
│       monitor: val/accuracy                                                   
│       mode: max                                                               
│       ema: 0.0                                                                
│       test: false                                                             
│       debug: false                                                            
│       ignore_warnings: false                                                  
│       state:                                                                  
│         mode: null                                                            
│         n_context: 0                                                          
│         n_context_eval: 0                                                     
│       ckpt: null                                                              
│       disable_dataset: false                                                  
│       validate_at_start: false                                                
│       pretrained_model_path: null                                             
│       pretrained_model_strict_load: true                                      
│       pretrained_model_state_hook:                                            
│         _name_: null                                                          
│       post_init_hook:                                                         
│         _name_: null                                                          
│       layer_decay:                                                            
│         _name_: null                                                          
│         decay: 0.7                                                            
│                                                                               
├── tolerance
│   └── logdir: ./resume                                                        
│       id: null                                                                
│                                                                               
├── wandb
│   └── project: TNLM                                                           
│       group: ''                                                               
│       job_type: training                                                      
│       mode: online                                                            
│       save_dir: .                                                             
│       id: null                                                                
│       name: rnn-lin-mnist1-Res                                                
│                                                                               
├── trainer
│   └── accelerator: gpu                                                        
│       strategy: null                                                          
│       devices: 1                                                              
│       accumulate_grad_batches: 1                                              
│       max_epochs: 100                                                         
│       gradient_clip_val: null                                                 
│       log_every_n_steps: 10                                                   
│       limit_train_batches: 1.0                                                
│       limit_val_batches: 1.0                                                  
│       enable_model_summary: false                                             
│       track_grad_norm: 2                                                      
│                                                                               
├── loader
│   └── batch_size: 50                                                          
│       num_workers: 4                                                          
│       pin_memory: true                                                        
│       drop_last: true                                                         
│                                                                               
├── dataset
│   └── _name_: mnist                                                           
│       permute: true                                                           
│       val_split: 0.1                                                          
│       seed: 42                                                                
│                                                                               
├── task
│   └── _name_: base                                                            
│       loss: cross_entropy                                                     
│       metrics:                                                                
│       - accuracy                                                              
│       torchmetrics: null                                                      
│                                                                               
├── optimizer
│   └── _name_: sgd                                                             
│       lr: 0.0003                                                              
│       momentum: 0.0                                                           
│       weight_decay: 0.0                                                       
│                                                                               
├── scheduler
│   └── _name_: cosine_warmup                                                   
│       num_warmup_steps: 10800                                                 
│       num_training_steps: 108000                                              
│                                                                               
├── encoder
│   └── linear                                                                  
├── decoder
│   └── _name_: sequence                                                        
│       mode: pool                                                              
│                                                                               
├── model
│   └── layer:                                                                  
│         cell:                                                                 
│           _name_: rnn                                                         
│           hidden_activation: identity                                         
│           orthogonal: false                                                   
│           d_input: 384                                                        
│           lr: 7.5e-05                                                         
│         _name_: rnn                                                           
│         return_output: true                                                   
│       _name_: model                                                           
│       prenorm: false                                                          
│       transposed: false                                                       
│       n_layers: 1                                                             
│       d_model: 384                                                            
│       bidirectional: false                                                    
│       residual: R                                                             
│       pool: null                                                              
│       norm: batch                                                             
│       dropout: 0.2                                                            
│       tie_dropout: false                                                      
│       track_norms: true                                                       
│       encoder: null                                                           
│       decoder: null                                                           
│                                                                               
└── callbacks
    └── learning_rate_monitor:                                                  
          logging_interval: step                                                
        timer:                                                                  
          step: true                                                            
          inter_step: false                                                     
          epoch: true                                                           
          val: true                                                             
        params:                                                                 
          total: true                                                           
          trainable: true                                                       
          fixed: true                                                           
        model_checkpoint:                                                       
          monitor: val/accuracy                                                 
          mode: max                                                             
          save_top_k: 1                                                         
          save_last: true                                                       
          dirpath: checkpoints/                                                 
          filename: val/accuracy                                                
          auto_insert_metric_name: false                                        
          verbose: true                                                         
        rich_model_summary:                                                     
          max_depth: 1                                                          
        rich_progress_bar:                                                      
          refresh_rate: 1                                                       
          leave: true                                                           
                                                                                
[rank: 0] Global seed set to 2222
wandb: Currently logged in as: yuqinzhou. Use `wandb login --relogin` to force relogin
slurmstepd: error: *** JOB 5097 ON hendrixgpu10fl CANCELLED AT 2023-07-21T17:11:48 ***
