CONFIG
├── train
│   └── seed: 2222                                                              
│       name: null                                                              
│       interval: step                                                          
│       monitor: val/accuracy                                                   
│       mode: max                                                               
│       ema: 0.0                                                                
│       test: false                                                             
│       debug: false                                                            
│       ignore_warnings: false                                                  
│       state:                                                                  
│         mode: null                                                            
│         n_context: 0                                                          
│         n_context_eval: 0                                                     
│       ckpt: null                                                              
│       disable_dataset: false                                                  
│       validate_at_start: false                                                
│       pretrained_model_path: null                                             
│       pretrained_model_strict_load: true                                      
│       pretrained_model_state_hook:                                            
│         _name_: null                                                          
│       post_init_hook:                                                         
│         _name_: null                                                          
│       layer_decay:                                                            
│         _name_: null                                                          
│         decay: 0.7                                                            
│                                                                               
├── tolerance
│   └── logdir: ./resume                                                        
│       id: null                                                                
│                                                                               
├── wandb
│   └── project: TNLM                                                           
│       group: ''                                                               
│       job_type: training                                                      
│       mode: online                                                            
│       save_dir: .                                                             
│       id: null                                                                
│       name: rnn-lin-mnist1-GLU                                                
│                                                                               
├── trainer
│   └── accelerator: gpu                                                        
│       strategy: null                                                          
│       devices: 1                                                              
│       accumulate_grad_batches: 1                                              
│       max_epochs: 100                                                         
│       gradient_clip_val: null                                                 
│       log_every_n_steps: 10                                                   
│       limit_train_batches: 1.0                                                
│       limit_val_batches: 1.0                                                  
│       enable_model_summary: false                                             
│       track_grad_norm: 2                                                      
│                                                                               
├── loader
│   └── batch_size: 50                                                          
│       num_workers: 4                                                          
│       pin_memory: true                                                        
│       drop_last: true                                                         
│                                                                               
├── dataset
│   └── _name_: mnist                                                           
│       permute: true                                                           
│       val_split: 0.1                                                          
│       seed: 42                                                                
│                                                                               
├── task
│   └── _name_: base                                                            
│       loss: cross_entropy                                                     
│       metrics:                                                                
│       - accuracy                                                              
│       torchmetrics: null                                                      
│                                                                               
├── optimizer
│   └── _name_: adamw                                                           
│       lr: 0.0003                                                              
│       weight_decay: 0.05                                                      
│       betas:                                                                  
│       - 0.9                                                                   
│       - 0.999                                                                 
│                                                                               
├── scheduler
│   └── _name_: cosine_warmup                                                   
│       num_warmup_steps: 10800                                                 
│       num_training_steps: 108000                                              
│                                                                               
├── encoder
│   └── linear                                                                  
├── decoder
│   └── _name_: sequence                                                        
│       mode: pool                                                              
│                                                                               
├── model
│   └── layer:                                                                  
│         cell:                                                                 
│           _name_: rnn                                                         
│           hidden_activation: identity                                         
│           orthogonal: false                                                   
│           d_input: 384                                                        
│           lr: 7.5e-05                                                         
│         _name_: rnn                                                           
│         return_output: true                                                   
│       _name_: model                                                           
│       prenorm: false                                                          
│       transposed: false                                                       
│       n_layers: 1                                                             
│       d_model: 384                                                            
│       bidirectional: false                                                    
│       residual: R                                                             
│       pool: null                                                              
│       norm: batch                                                             
│       dropout: 0.2                                                            
│       tie_dropout: false                                                      
│       track_norms: true                                                       
│       encoder: null                                                           
│       decoder: null                                                           
│                                                                               
└── callbacks
    └── learning_rate_monitor:                                                  
          logging_interval: step                                                
        timer:                                                                  
          step: true                                                            
          inter_step: false                                                     
          epoch: true                                                           
          val: true                                                             
        params:                                                                 
          total: true                                                           
          trainable: true                                                       
          fixed: true                                                           
        model_checkpoint:                                                       
          monitor: val/accuracy                                                 
          mode: max                                                             
          save_top_k: 1                                                         
          save_last: true                                                       
          dirpath: checkpoints/                                                 
          filename: val/accuracy                                                
          auto_insert_metric_name: false                                        
          verbose: true                                                         
        rich_model_summary:                                                     
          max_depth: 1                                                          
        rich_progress_bar:                                                      
          refresh_rate: 1                                                       
          leave: true                                                           
                                                                                
[rank: 0] Global seed set to 2222
wandb: Currently logged in as: yuqinzhou. Use `wandb login --relogin` to force relogin
wandb: wandb version 0.15.5 is available!  To upgrade, please run:
wandb:  $ pip install wandb --upgrade
wandb: Tracking run with wandb version 0.15.4
wandb: Run data is saved locally in ./wandb/run-20230721_165439-ipwleaci
wandb: Run `wandb offline` to turn off syncing.
wandb: Syncing run rnn-lin-mnist1-GLU
wandb: ⭐️ View project at https://wandb.ai/yuqinzhou/TNLM
wandb: 🚀 View run at https://wandb.ai/yuqinzhou/TNLM/runs/ipwleaci
[2023-07-21 16:54:43,200][__main__][INFO] - Instantiating callback <pytorch_lightning.callbacks.LearningRateMonitor>
[2023-07-21 16:54:43,201][__main__][INFO] - Instantiating callback <src.callbacks.timer.Timer>
[2023-07-21 16:54:43,203][__main__][INFO] - Instantiating callback <src.callbacks.params.ParamsLog>
[2023-07-21 16:54:43,204][__main__][INFO] - Instantiating callback <pytorch_lightning.callbacks.ModelCheckpoint>
[2023-07-21 16:54:43,205][__main__][INFO] - Instantiating callback <pytorch_lightning.callbacks.RichModelSummary>
[2023-07-21 16:54:43,206][__main__][INFO] - Instantiating callback <pytorch_lightning.callbacks.RichProgressBar>
GPU available: True (cuda), used: True
TPU available: False, using: 0 TPU cores
IPU available: False, using: 0 IPUs
HPU available: False, using: 0 HPUs
`Trainer(limit_train_batches=1.0)` was configured so 100% of the batches per epoch will be used..
`Trainer(limit_val_batches=1.0)` was configured so 100% of the batches will be used..
LOCAL_RANK: 0 - CUDA_VISIBLE_DEVICES: [0]
NOTE: no dropout inside recurrent cell
SequenceLightningModule(
  (model): SequenceModel(
    (drop): Identity()
    (layers): ModuleList(
      (0): SequenceResidualBlock(
        (layer): RNN(
          (cell): RNNCell(
            (W_hx): Linear(in_features=384, out_features=384, bias=False)
            (activate): Identity()
            (W_hh): Linear(in_features=384, out_features=384, bias=False)
          )
        )
        (residual): Residual()
        (norm): Normalization(
          (norm): BatchNorm1d(384, eps=1e-05, momentum=0.1, affine=True, track_running_stats=True)
        )
        (drop): Dropout(p=0.2, inplace=False)
        (output_linear): Sequential(
          (0): Conv1d(384, 768, kernel_size=(1,), stride=(1,))
          (1): GLU(dim=-2)
        )
        (activation): GELU(approximate=none)
      )
    )
    (norm): Identity()
  )
  (encoder): Linear(
    (0): Linear(in_features=1, out_features=384, bias=True)
  )
  (decoder): SequenceDecoder(
    (0): SequenceDecoder(
      (output_transform): Linear(in_features=384, out_features=10, bias=True)
    )
  )
)
Hyperparameter groups [{'lr': 7.5e-05, 'weight_decay': 0.0}]
[2023-07-21 16:54:44,739][__main__][INFO] - Optimizer group 0 | 8 tensors | lr 0.0003 | weight_decay 0.05
[2023-07-21 16:54:44,739][__main__][INFO] - Optimizer group 1 | 2 tensors | lr 7.5e-05 | weight_decay 0.0
┏━━━┳━━━━━━━━━┳━━━━━━━━━━━━━━━━━┳━━━━━━━━┓
┃   ┃ Name    ┃ Type            ┃ Params ┃
┡━━━╇━━━━━━━━━╇━━━━━━━━━━━━━━━━━╇━━━━━━━━┩
│ 0 │ model   │ SequenceModel   │  591 K │
│ 1 │ encoder │ Linear          │    768 │
│ 2 │ decoder │ SequenceDecoder │  3.9 K │
└───┴─────────┴─────────────────┴────────┘
Trainable params: 595 K                                                         
Non-trainable params: 0                                                         
Total params: 595 K                                                             
Total estimated model params size (MB): 2                                       
SLURM auto-requeueing enabled. Setting signal handlers.
[2023-07-21 16:54:44,755][__main__][INFO] - Loaded 'val' dataloader:         6000 examples |    120 steps
[2023-07-21 16:54:44,755][__main__][INFO] - Loaded 'test' dataloader:       10000 examples |    200 steps
[2023-07-21 16:54:46,570][__main__][INFO] - Loaded 'train' dataloader:      54000 examples |   1080 steps
Epoch 0, global step 1080: 'val/accuracy' reached 0.17800 (best 0.17800), saving model to '/home/qvk729/Master_thesis/outputs/2023-07-21/16-54-37-404682/checkpoints/val/accuracy.ckpt' as top 1
Epoch 0/99 ━━━━━━━━━━━━━━━ 1400/1400 0:03:01 •       13.35it/s loss: 2.07 v_num:
                                     0:00:00                   eaci             
                                                               val/accuracy:    
                                                               0.178 val/loss:  
                                                               2.201            
                                                               test/accuracy:   
                                                               0.18 test/loss:  
                                                               2.197            
                                                               train/accuracy:  
                                                               0.176 train/loss:
                                                               2.238            
Epoch 1, global step 2160: 'val/accuracy' reached 0.29117 (best 0.29117), saving model to '/home/qvk729/Master_thesis/outputs/2023-07-21/16-54-37-404682/checkpoints/val/accuracy.ckpt' as top 1
Epoch 1/99 ━━━━━━━━━━━━━━━ 1400/1400 0:03:04 •       13.20it/s loss: 1.87 v_num:
                                     0:00:00                   eaci             
                                                               val/accuracy:    
                                                               0.291 val/loss:  
                                                               1.899            
                                                               test/accuracy:   
                                                               0.306 test/loss: 
                                                               1.886            
                                                               train/accuracy:  
                                                               0.287 train/loss:
                                                               1.962            
Epoch 2, global step 3240: 'val/accuracy' reached 0.29800 (best 0.29800), saving model to '/home/qvk729/Master_thesis/outputs/2023-07-21/16-54-37-404682/checkpoints/val/accuracy.ckpt' as top 1
Epoch 2/99 ━━━━━━━━━━━━━━━ 1400/1400 0:03:01 •       13.53it/s loss: 1.82 v_num:
                                     0:00:00                   eaci             
                                                               val/accuracy:    
                                                               0.298 val/loss:  
                                                               1.918            
                                                               test/accuracy:   
                                                               0.304 test/loss: 
                                                               1.885            
                                                               train/accuracy:  
                                                               0.325 train/loss:
                                                               1.816            
Epoch 3, global step 4320: 'val/accuracy' reached 0.29917 (best 0.29917), saving model to '/home/qvk729/Master_thesis/outputs/2023-07-21/16-54-37-404682/checkpoints/val/accuracy.ckpt' as top 1
Epoch 3/99 ━━━━━━━━━━━━━━━ 1400/1400 0:03:04 •       13.37it/s loss: 1.78 v_num:
                                     0:00:00                   eaci             
                                                               val/accuracy:    
                                                               0.299 val/loss:  
                                                               1.989            
                                                               test/accuracy:   
                                                               0.3 test/loss:   
                                                               1.954            
                                                               train/accuracy:  
                                                               0.334 train/loss:
                                                               1.779            
Epoch 4, global step 5400: 'val/accuracy' reached 0.30233 (best 0.30233), saving model to '/home/qvk729/Master_thesis/outputs/2023-07-21/16-54-37-404682/checkpoints/val/accuracy.ckpt' as top 1
Epoch 4/99 ━━━━━━━━━━━━━━━ 1400/1400 0:03:03 •       13.22it/s loss: 1.73 v_num:
                                     0:00:00                   eaci             
                                                               val/accuracy:    
                                                               0.302 val/loss:  
                                                               2.048            
                                                               test/accuracy:   
                                                               0.308 test/loss: 
                                                               2.007            
                                                               train/accuracy:  
                                                               0.341 train/loss:
                                                               1.765            
Epoch 5, global step 6480: 'val/accuracy' was not in top 1
Epoch 5/99 ━━━━━━━━━━━━━━━ 1400/1400 0:03:04 •       13.25it/s loss: 1.68 v_num:
                                     0:00:00                   eaci             
                                                               val/accuracy:    
                                                               0.235 val/loss:  
                                                               2.286            
                                                               test/accuracy:   
                                                               0.247 test/loss: 
                                                               2.273            
                                                               train/accuracy:  
                                                               0.367 train/loss:
                                                               1.735            
Epoch 6, global step 7560: 'val/accuracy' reached 0.36167 (best 0.36167), saving model to '/home/qvk729/Master_thesis/outputs/2023-07-21/16-54-37-404682/checkpoints/val/accuracy.ckpt' as top 1
Epoch 6/99 ━━━━━━━━━━━━━━━ 1400/1400 0:03:03 •       13.36it/s loss: 1.72 v_num:
                                     0:00:00                   eaci             
                                                               val/accuracy:    
                                                               0.362 val/loss:  
                                                               1.84             
                                                               test/accuracy:   
                                                               0.366 test/loss: 
                                                               1.797            
                                                               train/accuracy:  
                                                               0.379 train/loss:
                                                               1.708            
Epoch 7, global step 8640: 'val/accuracy' was not in top 1
Epoch 7/99 ━━━━━━━━━━━━━━━ 1400/1400 0:03:02 •       13.40it/s loss: 1.7 v_num: 
                                     0:00:00                   eaci             
                                                               val/accuracy:    
                                                               0.351 val/loss:  
                                                               1.775            
                                                               test/accuracy:   
                                                               0.359 test/loss: 
                                                               1.736            
                                                               train/accuracy:  
                                                               0.389 train/loss:
                                                               1.68             
Epoch 8, global step 9720: 'val/accuracy' was not in top 1
Epoch 8/99 ━━━━━━━━━━━━━━━ 1400/1400 0:03:05 •       13.16it/s loss: 1.67 v_num:
                                     0:00:00                   eaci             
                                                               val/accuracy:    
                                                               0.332 val/loss:  
                                                               1.845            
                                                               test/accuracy:   
                                                               0.353 test/loss: 
                                                               1.811            
                                                               train/accuracy:  
                                                               0.4 train/loss:  
                                                               1.663            
Epoch 9, global step 10800: 'val/accuracy' reached 0.37233 (best 0.37233), saving model to '/home/qvk729/Master_thesis/outputs/2023-07-21/16-54-37-404682/checkpoints/val/accuracy.ckpt' as top 1
Epoch 9/99 ━━━━━━━━━━━━━━━ 1400/1400 0:03:03 •       13.15it/s loss: 1.67 v_num:
                                     0:00:00                   eaci             
                                                               val/accuracy:    
                                                               0.372 val/loss:  
                                                               1.682            
                                                               test/accuracy:   
                                                               0.388 test/loss: 
                                                               1.664            
                                                               train/accuracy:  
                                                               0.405 train/loss:
                                                               1.646            
Epoch 10, global step 11880: 'val/accuracy' reached 0.39867 (best 0.39867), saving model to '/home/qvk729/Master_thesis/outputs/2023-07-21/16-54-37-404682/checkpoints/val/accuracy.ckpt' as top 1
Epoch 10/99 ━━━━━━━━━━━━━━━ 1400/1400 0:03:04 •       13.24it/s loss: 1.62      
                                      0:00:00                   v_num: eaci     
                                                                val/accuracy:   
                                                                0.399 val/loss: 
                                                                1.631           
                                                                test/accuracy:  
                                                                0.421 test/loss:
                                                                1.6             
                                                                train/accuracy: 
                                                                0.411           
                                                                train/loss:     
                                                                1.624           
Epoch 11, global step 12960: 'val/accuracy' reached 0.44317 (best 0.44317), saving model to '/home/qvk729/Master_thesis/outputs/2023-07-21/16-54-37-404682/checkpoints/val/accuracy.ckpt' as top 1
Epoch 11/99 ━━━━━━━━━━━━━━━ 1400/1400 0:03:04 •       13.27it/s loss: 1.59      
                                      0:00:00                   v_num: eaci     
                                                                val/accuracy:   
                                                                0.443 val/loss: 
                                                                1.613           
                                                                test/accuracy:  
                                                                0.452 test/loss:
                                                                1.599           
                                                                train/accuracy: 
                                                                0.433           
                                                                train/loss:     
                                                                1.594           
Epoch 12, global step 14040: 'val/accuracy' was not in top 1
Epoch 12/99 ━━━━━━━━━━━━━━━ 1400/1400 0:03:02 •       13.40it/s loss: 1.56      
                                      0:00:00                   v_num: eaci     
                                                                val/accuracy:   
                                                                0.285 val/loss: 
                                                                2.676           
                                                                test/accuracy:  
                                                                0.3 test/loss:  
                                                                2.602           
                                                                train/accuracy: 
                                                                0.465           
                                                                train/loss:     
                                                                1.538           
Epoch 13, global step 15120: 'val/accuracy' was not in top 1
Epoch 13/99 ━━━━━━━━━━━━━━━ 1400/1400 0:03:04 •       13.37it/s loss: 1.43      
                                      0:00:00                   v_num: eaci     
                                                                val/accuracy:   
                                                                0.438 val/loss: 
                                                                1.683           
                                                                test/accuracy:  
                                                                0.443 test/loss:
                                                                1.646           
                                                                train/accuracy: 
                                                                0.483           
                                                                train/loss:     
                                                                1.495           
Epoch 14, global step 16200: 'val/accuracy' reached 0.45250 (best 0.45250), saving model to '/home/qvk729/Master_thesis/outputs/2023-07-21/16-54-37-404682/checkpoints/val/accuracy.ckpt' as top 1
Epoch 14/99 ━━━━━━━━━━━━━━━ 1400/1400 0:03:01 •       13.36it/s loss: 1.43      
                                      0:00:00                   v_num: eaci     
                                                                val/accuracy:   
                                                                0.452 val/loss: 
                                                                1.538           
                                                                test/accuracy:  
                                                                0.456 test/loss:
                                                                1.516           
                                                                train/accuracy: 
                                                                0.497           
                                                                train/loss:     
                                                                1.452           
Epoch 15, global step 17280: 'val/accuracy' reached 0.52183 (best 0.52183), saving model to '/home/qvk729/Master_thesis/outputs/2023-07-21/16-54-37-404682/checkpoints/val/accuracy.ckpt' as top 1
Epoch 15/99 ━━━━━━━━━━━━━━━ 1400/1400 0:03:02 •       13.46it/s loss: 1.37      
                                      0:00:00                   v_num: eaci     
                                                                val/accuracy:   
                                                                0.522 val/loss: 
                                                                1.387           
                                                                test/accuracy:  
                                                                0.532 test/loss:
                                                                1.355           
                                                                train/accuracy: 
                                                                0.51 train/loss:
                                                                1.421           
Epoch 16, global step 18360: 'val/accuracy' was not in top 1
Epoch 16/99 ━━━━━━━━━━━━━━━ 1400/1400 0:03:01 •       13.40it/s loss: 1.4 v_num:
                                      0:00:00                   eaci            
                                                                val/accuracy:   
                                                                0.475 val/loss: 
                                                                1.539           
                                                                test/accuracy:  
                                                                0.485 test/loss:
                                                                1.499           
                                                                train/accuracy: 
                                                                0.521           
                                                                train/loss:     
                                                                1.386           
Epoch 17, global step 19440: 'val/accuracy' was not in top 1
Epoch 17/99 ━━━━━━━━━━━━━━━ 1400/1400 0:03:02 •       13.30it/s loss: 1.37      
                                      0:00:00                   v_num: eaci     
                                                                val/accuracy:   
                                                                0.321 val/loss: 
                                                                2.051           
                                                                test/accuracy:  
                                                                0.331 test/loss:
                                                                2.006           
                                                                train/accuracy: 
                                                                0.516           
                                                                train/loss:     
                                                                1.386           
Epoch 18, global step 20520: 'val/accuracy' was not in top 1
Epoch 18/99 ━━━━━━━━━━━━━━━ 1400/1400 0:03:04 •       13.37it/s loss: 1.37      
                                      0:00:00                   v_num: eaci     
                                                                val/accuracy:   
                                                                0.412 val/loss: 
                                                                1.66            
                                                                test/accuracy:  
                                                                0.412 test/loss:
                                                                1.633           
                                                                train/accuracy: 
                                                                0.506           
                                                                train/loss:     
                                                                1.429           
Epoch 19, global step 21600: 'val/accuracy' was not in top 1
Epoch 19/99 ━━━━━━━━━━━━━━━ 1400/1400 0:03:04 •       13.26it/s loss: 1.32      
                                      0:00:00                   v_num: eaci     
                                                                val/accuracy:   
                                                                0.394 val/loss: 
                                                                1.758           
                                                                test/accuracy:  
                                                                0.395 test/loss:
                                                                1.739           
                                                                train/accuracy: 
                                                                0.54 train/loss:
                                                                1.356           
Epoch 20, global step 22680: 'val/accuracy' was not in top 1
Epoch 20/99 ━━━━━━━━━━━━━━━ 1400/1400 0:03:02 •       13.30it/s loss: 1.27      
                                      0:00:00                   v_num: eaci     
                                                                val/accuracy:   
                                                                0.501 val/loss: 
                                                                1.466           
                                                                test/accuracy:  
                                                                0.502 test/loss:
                                                                1.433           
                                                                train/accuracy: 
                                                                0.56 train/loss:
                                                                1.318           
Epoch 21, global step 23760: 'val/accuracy' was not in top 1
Epoch 21/99 ━━━━━━━━━━━━━━━ 1400/1400 0:03:03 •       13.37it/s loss: 1.22      
                                      0:00:00                   v_num: eaci     
                                                                val/accuracy:   
                                                                0.458 val/loss: 
                                                                1.614           
                                                                test/accuracy:  
                                                                0.455 test/loss:
                                                                1.611           
                                                                train/accuracy: 
                                                                0.581           
                                                                train/loss: 1.26
Epoch 22, global step 24840: 'val/accuracy' was not in top 1
Epoch 22/99 ━━━━━━━━━━━━━━━ 1400/1400 0:03:05 •       13.22it/s loss: 1.21      
                                      0:00:00                   v_num: eaci     
                                                                val/accuracy:   
                                                                0.443 val/loss: 
                                                                1.607           
                                                                test/accuracy:  
                                                                0.442 test/loss:
                                                                1.59            
                                                                train/accuracy: 
                                                                0.592           
                                                                train/loss:     
                                                                1.227           
Epoch 23, global step 25920: 'val/accuracy' was not in top 1
Epoch 23/99 ━━━━━━━━━━━━━━━ 1400/1400 0:03:02 •       13.28it/s loss: 1.23      
                                      0:00:00                   v_num: eaci     
                                                                val/accuracy:   
                                                                0.465 val/loss: 
                                                                1.563           
                                                                test/accuracy:  
                                                                0.47 test/loss: 
                                                                1.537           
                                                                train/accuracy: 
                                                                0.608           
                                                                train/loss:     
                                                                1.189           
Epoch 24, global step 27000: 'val/accuracy' reached 0.58483 (best 0.58483), saving model to '/home/qvk729/Master_thesis/outputs/2023-07-21/16-54-37-404682/checkpoints/val/accuracy.ckpt' as top 1
Epoch 24/99 ━━━━━━━━━━━━━━━ 1400/1400 0:03:05 •       13.24it/s loss: 1.21      
                                      0:00:00                   v_num: eaci     
                                                                val/accuracy:   
                                                                0.585 val/loss: 
                                                                1.258           
                                                                test/accuracy:  
                                                                0.58 test/loss: 
                                                                1.231           
                                                                train/accuracy: 
                                                                0.61 train/loss:
                                                                1.184           
Epoch 25, global step 28080: 'val/accuracy' was not in top 1
Epoch 25/99 ━━━━━━━━━━━━━━━ 1400/1400 0:03:03 •       13.21it/s loss: 1.12      
                                      0:00:00                   v_num: eaci     
                                                                val/accuracy:   
                                                                0.532 val/loss: 
                                                                1.442           
                                                                test/accuracy:  
                                                                0.535 test/loss:
                                                                1.398           
                                                                train/accuracy: 
                                                                0.612           
                                                                train/loss:     
                                                                1.181           
Epoch 26, global step 29160: 'val/accuracy' reached 0.61367 (best 0.61367), saving model to '/home/qvk729/Master_thesis/outputs/2023-07-21/16-54-37-404682/checkpoints/val/accuracy.ckpt' as top 1
Epoch 26/99 ━━━━━━━━━━━━━━━ 1400/1400 0:03:04 •       13.23it/s loss: 1.19      
                                      0:00:00                   v_num: eaci     
                                                                val/accuracy:   
                                                                0.614 val/loss: 
                                                                1.226           
                                                                test/accuracy:  
                                                                0.62 test/loss: 
                                                                1.206           
                                                                train/accuracy: 
                                                                0.614           
                                                                train/loss:     
                                                                1.179           
Epoch 27, global step 30240: 'val/accuracy' was not in top 1
Epoch 27/99 ━━━━━━━━━━━━━━━ 1400/1400 0:03:03 •       13.43it/s loss: 1.11      
                                      0:00:00                   v_num: eaci     
                                                                val/accuracy:   
                                                                0.519 val/loss: 
                                                                1.447           
                                                                test/accuracy:  
                                                                0.522 test/loss:
                                                                1.417           
                                                                train/accuracy: 
                                                                0.622           
                                                                train/loss: 1.16
Epoch 28, global step 31320: 'val/accuracy' was not in top 1
Epoch 28/99 ━━━━━━━━━━━━━━━ 1400/1400 0:03:04 •       13.27it/s loss: 1.17      
                                      0:00:00                   v_num: eaci     
                                                                val/accuracy:   
                                                                0.42 val/loss:  
                                                                1.825           
                                                                test/accuracy:  
                                                                0.432 test/loss:
                                                                1.75            
                                                                train/accuracy: 
                                                                0.63 train/loss:
                                                                1.13            
Epoch 29, global step 32400: 'val/accuracy' was not in top 1
Epoch 29/99 ━━━━━━━━━━━━━━━ 1400/1400 0:03:03 •       13.42it/s loss: 1.16      
                                      0:00:00                   v_num: eaci     
                                                                val/accuracy:   
                                                                0.538 val/loss: 
                                                                1.438           
                                                                test/accuracy:  
                                                                0.538 test/loss:
                                                                1.409           
                                                                train/accuracy: 
                                                                0.634           
                                                                train/loss:     
                                                                1.122           
Epoch 30, global step 33480: 'val/accuracy' was not in top 1
Epoch 30/99 ━━━━━━━━━━━━━━━ 1400/1400 0:03:04 •       13.35it/s loss: 1.1 v_num:
                                      0:00:00                   eaci            
                                                                val/accuracy:   
                                                                0.461 val/loss: 
                                                                1.916           
                                                                test/accuracy:  
                                                                0.465 test/loss:
                                                                1.855           
                                                                train/accuracy: 
                                                                0.641           
                                                                train/loss:     
                                                                1.106           
Epoch 31, global step 34560: 'val/accuracy' was not in top 1
Epoch 31/99 ━━━━━━━━━━━━━━━ 1400/1400 0:03:04 •       13.43it/s loss: 1.06      
                                      0:00:00                   v_num: eaci     
                                                                val/accuracy:   
                                                                0.548 val/loss: 
                                                                1.273           
                                                                test/accuracy:  
                                                                0.555 test/loss:
                                                                1.245           
                                                                train/accuracy: 
                                                                0.647           
                                                                train/loss:     
                                                                1.099           
Epoch 32, global step 35640: 'val/accuracy' was not in top 1
Epoch 32/99 ━━━━━━━━━━━━━━━ 1400/1400 0:03:05 •       13.17it/s loss: 1.07      
                                      0:00:00                   v_num: eaci     
                                                                val/accuracy:   
                                                                0.567 val/loss: 
                                                                1.276           
                                                                test/accuracy:  
                                                                0.572 test/loss:
                                                                1.259           
                                                                train/accuracy: 
                                                                0.659           
                                                                train/loss:     
                                                                1.063           
Epoch 33, global step 36720: 'val/accuracy' was not in top 1
Epoch 33/99 ━━━━━━━━━━━━━━━ 1400/1400 0:03:04 •       13.30it/s loss: 1.1 v_num:
                                      0:00:00                   eaci            
                                                                val/accuracy:   
                                                                0.435 val/loss: 
                                                                1.651           
                                                                test/accuracy:  
                                                                0.447 test/loss:
                                                                1.616           
                                                                train/accuracy: 
                                                                0.663           
                                                                train/loss:     
                                                                1.044           
Epoch 34, global step 37800: 'val/accuracy' was not in top 1
Epoch 34/99 ━━━━━━━━━━━━━━━ 1400/1400 0:03:02 •       13.35it/s loss: 1.01      
                                      0:00:00                   v_num: eaci     
                                                                val/accuracy:   
                                                                0.484 val/loss: 
                                                                1.432           
                                                                test/accuracy:  
                                                                0.488 test/loss:
                                                                1.41            
                                                                train/accuracy: 
                                                                0.679           
                                                                train/loss: 1.01
Epoch 35, global step 38880: 'val/accuracy' was not in top 1
Epoch 35/99 ━━━━━━━━━━━━━━━ 1400/1400 0:03:04 •       13.23it/s loss: 1.02      
                                      0:00:00                   v_num: eaci     
                                                                val/accuracy:   
                                                                0.469 val/loss: 
                                                                1.642           
                                                                test/accuracy:  
                                                                0.478 test/loss:
                                                                1.594           
                                                                train/accuracy: 
                                                                0.664           
                                                                train/loss:     
                                                                1.044           
Epoch 36, global step 39960: 'val/accuracy' was not in top 1
Epoch 36/99 ━━━━━━━━━━━━━━━ 1400/1400 0:03:02 •       13.37it/s loss: 1.03      
                                      0:00:00                   v_num: eaci     
                                                                val/accuracy:   
                                                                0.385 val/loss: 
                                                                1.928           
                                                                test/accuracy:  
                                                                0.388 test/loss:
                                                                1.925           
                                                                train/accuracy: 
                                                                0.692           
                                                                train/loss:     
                                                                0.971           
Epoch 37, global step 41040: 'val/accuracy' was not in top 1
Epoch 37/99 ━━━━━━━━━━━━━━━ 1400/1400 0:03:02 •       13.42it/s loss: 0.898     
                                      0:00:00                   v_num: eaci     
                                                                val/accuracy:   
                                                                0.555 val/loss: 
                                                                1.306           
                                                                test/accuracy:  
                                                                0.566 test/loss:
                                                                1.279           
                                                                train/accuracy: 
                                                                0.704           
                                                                train/loss: 0.95
Epoch 38, global step 42120: 'val/accuracy' reached 0.62283 (best 0.62283), saving model to '/home/qvk729/Master_thesis/outputs/2023-07-21/16-54-37-404682/checkpoints/val/accuracy.ckpt' as top 1
Epoch 38/99 ━━━━━━━━━━━━━━━ 1400/1400 0:03:04 •       13.20it/s loss: 0.962     
                                      0:00:00                   v_num: eaci     
                                                                val/accuracy:   
                                                                0.623 val/loss: 
                                                                1.094           
                                                                test/accuracy:  
                                                                0.639 test/loss:
                                                                1.056           
                                                                train/accuracy: 
                                                                0.719           
                                                                train/loss:     
                                                                0.909           
Epoch 39, global step 43200: 'val/accuracy' was not in top 1
Epoch 39/99 ━━━━━━━━━━━━━━━ 1400/1400 0:03:03 •       13.28it/s loss: 0.868     
                                      0:00:00                   v_num: eaci     
                                                                val/accuracy:   
                                                                0.622 val/loss: 
                                                                1.118           
                                                                test/accuracy:  
                                                                0.628 test/loss:
                                                                1.085           
                                                                train/accuracy: 
                                                                0.729           
                                                                train/loss:     
                                                                0.893           
Epoch 40, global step 44280: 'val/accuracy' was not in top 1
Epoch 40/99 ━━━━━━━━━━━━━━━ 1400/1400 0:03:03 •       13.33it/s loss: 0.886     
                                      0:00:00                   v_num: eaci     
                                                                val/accuracy:   
                                                                0.328 val/loss: 
                                                                2.551           
                                                                test/accuracy:  
                                                                0.326 test/loss:
                                                                2.55            
                                                                train/accuracy: 
                                                                0.734           
                                                                train/loss:     
                                                                0.875           
Epoch 41, global step 45360: 'val/accuracy' reached 0.64033 (best 0.64033), saving model to '/home/qvk729/Master_thesis/outputs/2023-07-21/16-54-37-404682/checkpoints/val/accuracy.ckpt' as top 1
Epoch 41/99 ━━━━━━━━━━━━━━━ 1400/1400 0:03:04 •       13.20it/s loss: 0.886     
                                      0:00:00                   v_num: eaci     
                                                                val/accuracy:   
                                                                0.64 val/loss:  
                                                                1.119           
                                                                test/accuracy:  
                                                                0.645 test/loss:
                                                                1.069           
                                                                train/accuracy: 
                                                                0.736           
                                                                train/loss:     
                                                                0.867           
Epoch 42, global step 46440: 'val/accuracy' was not in top 1
Epoch 42/99 ━━━━━━━━━━━━━━━ 1400/1400 0:03:02 •       13.34it/s loss: 0.933     
                                      0:00:00                   v_num: eaci     
                                                                val/accuracy:   
                                                                0.548 val/loss: 
                                                                1.444           
                                                                test/accuracy:  
                                                                0.556 test/loss:
                                                                1.416           
                                                                train/accuracy: 
                                                                0.74 train/loss:
                                                                0.843           
Epoch 43, global step 47520: 'val/accuracy' was not in top 1
Epoch 43/99 ━━━━━━━━━━━━━━━ 1400/1400 0:03:03 •       13.28it/s loss: 0.814     
                                      0:00:00                   v_num: eaci     
                                                                val/accuracy:   
                                                                0.564 val/loss: 
                                                                1.314           
                                                                test/accuracy:  
                                                                0.573 test/loss:
                                                                1.272           
                                                                train/accuracy: 
                                                                0.751           
                                                                train/loss:     
                                                                0.822           
Epoch 44, global step 48600: 'val/accuracy' was not in top 1
Epoch 44/99 ━━━━━━━━━━━━━━━ 1400/1400 0:03:03 •       13.43it/s loss: 0.797     
                                      0:00:00                   v_num: eaci     
                                                                val/accuracy:   
                                                                0.576 val/loss: 
                                                                1.211           
                                                                test/accuracy:  
                                                                0.58 test/loss: 
                                                                1.195           
                                                                train/accuracy: 
                                                                0.756           
                                                                train/loss:     
                                                                0.806           
Epoch 45, global step 49680: 'val/accuracy' reached 0.66083 (best 0.66083), saving model to '/home/qvk729/Master_thesis/outputs/2023-07-21/16-54-37-404682/checkpoints/val/accuracy.ckpt' as top 1
Epoch 45/99 ━━━━━━━━━━━━━━━ 1400/1400 0:03:04 •       13.50it/s loss: 0.775     
                                      0:00:00                   v_num: eaci     
                                                                val/accuracy:   
                                                                0.661 val/loss: 
                                                                1.05            
                                                                test/accuracy:  
                                                                0.672 test/loss:
                                                                1.015           
                                                                train/accuracy: 
                                                                0.761           
                                                                train/loss:     
                                                                0.791           
Epoch 46, global step 50760: 'val/accuracy' was not in top 1
Epoch 46/99 ━━━━━━━━━━━━━━━ 1400/1400 0:03:04 •       13.38it/s loss: 0.752     
                                      0:00:00                   v_num: eaci     
                                                                val/accuracy:   
                                                                0.578 val/loss: 
                                                                1.286           
                                                                test/accuracy:  
                                                                0.609 test/loss:
                                                                1.186           
                                                                train/accuracy: 
                                                                0.763           
                                                                train/loss:     
                                                                0.783           
Epoch 47, global step 51840: 'val/accuracy' reached 0.68783 (best 0.68783), saving model to '/home/qvk729/Master_thesis/outputs/2023-07-21/16-54-37-404682/checkpoints/val/accuracy.ckpt' as top 1
Epoch 47/99 ━━━━━━━━━━━━━━━ 1400/1400 0:03:03 •       13.36it/s loss: 0.779     
                                      0:00:00                   v_num: eaci     
                                                                val/accuracy:   
                                                                0.688 val/loss: 
                                                                0.961           
                                                                test/accuracy:  
                                                                0.697 test/loss:
                                                                0.933           
                                                                train/accuracy: 
                                                                0.765           
                                                                train/loss:     
                                                                0.772           
Epoch 48, global step 52920: 'val/accuracy' was not in top 1
Epoch 48/99 ━━━━━━━━━━━━━━━ 1400/1400 0:03:04 •       13.32it/s loss: 0.797     
                                      0:00:00                   v_num: eaci     
                                                                val/accuracy:   
                                                                0.623 val/loss: 
                                                                1.132           
                                                                test/accuracy:  
                                                                0.62 test/loss: 
                                                                1.124           
                                                                train/accuracy: 
                                                                0.765           
                                                                train/loss:     
                                                                0.772           
Epoch 49, global step 54000: 'val/accuracy' was not in top 1
Epoch 49/99 ━━━━━━━━━━━━━━━ 1400/1400 0:03:03 •       13.37it/s loss: 0.755     
                                      0:00:00                   v_num: eaci     
                                                                val/accuracy:   
                                                                0.686 val/loss: 
                                                                0.959           
                                                                test/accuracy:  
                                                                0.694 test/loss:
                                                                0.914           
                                                                train/accuracy: 
                                                                0.772           
                                                                train/loss:     
                                                                0.754           
Epoch 50, global step 55080: 'val/accuracy' reached 0.73350 (best 0.73350), saving model to '/home/qvk729/Master_thesis/outputs/2023-07-21/16-54-37-404682/checkpoints/val/accuracy.ckpt' as top 1
Epoch 50/99 ━━━━━━━━━━━━━━━ 1400/1400 0:03:04 •       13.24it/s loss: 0.747     
                                      0:00:00                   v_num: eaci     
                                                                val/accuracy:   
                                                                0.734 val/loss: 
                                                                0.858           
                                                                test/accuracy:  
                                                                0.736 test/loss:
                                                                0.823           
                                                                train/accuracy: 
                                                                0.777           
                                                                train/loss:     
                                                                0.742           
Epoch 51, global step 56160: 'val/accuracy' was not in top 1
Epoch 51/99 ━━━━━━━━━━━━━━━ 1400/1400 0:03:02 •       13.27it/s loss: 0.76      
                                      0:00:00                   v_num: eaci     
                                                                val/accuracy:   
                                                                0.445 val/loss: 
                                                                1.825           
                                                                test/accuracy:  
                                                                0.448 test/loss:
                                                                1.787           
                                                                train/accuracy: 
                                                                0.776           
                                                                train/loss:     
                                                                0.742           
Epoch 52, global step 57240: 'val/accuracy' was not in top 1
Epoch 52/99 ━━━━━━━━━━━━━━━ 1400/1400 0:03:03 •       13.20it/s loss: 0.779     
                                      0:00:00                   v_num: eaci     
                                                                val/accuracy:   
                                                                0.527 val/loss: 
                                                                1.55            
                                                                test/accuracy:  
                                                                0.525 test/loss:
                                                                1.536           
                                                                train/accuracy: 
                                                                0.776           
                                                                train/loss:     
                                                                0.742           
Epoch 53, global step 58320: 'val/accuracy' was not in top 1
Epoch 53/99 ━━━━━━━━━━━━━━━ 1400/1400 0:03:04 •       13.17it/s loss: 0.763     
                                      0:00:00                   v_num: eaci     
                                                                val/accuracy:   
                                                                0.534 val/loss: 
                                                                1.514           
                                                                test/accuracy:  
                                                                0.538 test/loss:
                                                                1.455           
                                                                train/accuracy: 
                                                                0.774           
                                                                train/loss:     
                                                                0.745           
Epoch 54, global step 59400: 'val/accuracy' was not in top 1
Epoch 54/99 ━━━━━━━━━━━━━━━ 1400/1400 0:03:02 •       13.37it/s loss: 0.748     
                                      0:00:00                   v_num: eaci     
                                                                val/accuracy:   
                                                                0.672 val/loss: 
                                                                1.085           
                                                                test/accuracy:  
                                                                0.68 test/loss: 
                                                                1.043           
                                                                train/accuracy: 
                                                                0.777           
                                                                train/loss:     
                                                                0.733           
Epoch 55, global step 60480: 'val/accuracy' was not in top 1
Epoch 55/99 ━━━━━━━━━━━━━━━ 1400/1400 0:03:04 •       13.33it/s loss: 0.711     
                                      0:00:00                   v_num: eaci     
                                                                val/accuracy:   
                                                                0.583 val/loss: 
                                                                1.326           
                                                                test/accuracy:  
                                                                0.584 test/loss:
                                                                1.306           
                                                                train/accuracy: 
                                                                0.783           
                                                                train/loss: 0.72
Epoch 56, global step 61560: 'val/accuracy' was not in top 1
Epoch 56/99 ━━━━━━━━━━━━━━━ 1400/1400 0:03:04 •       13.28it/s loss: 0.68      
                                      0:00:00                   v_num: eaci     
                                                                val/accuracy:   
                                                                0.699 val/loss: 
                                                                0.971           
                                                                test/accuracy:  
                                                                0.71 test/loss: 
                                                                0.939           
                                                                train/accuracy: 
                                                                0.783           
                                                                train/loss:     
                                                                0.719           
Epoch 57, global step 62640: 'val/accuracy' was not in top 1
Epoch 57/99 ━━━━━━━━━━━━━━━ 1400/1400 0:03:03 •       13.14it/s loss: 0.654     
                                      0:00:00                   v_num: eaci     
                                                                val/accuracy:   
                                                                0.657 val/loss: 
                                                                1.058           
                                                                test/accuracy:  
                                                                0.663 test/loss:
                                                                1.039           
                                                                train/accuracy: 
                                                                0.789           
                                                                train/loss:     
                                                                0.706           
Epoch 58, global step 63720: 'val/accuracy' was not in top 1
Epoch 58/99 ━━━━━━━━━━━━━━━ 1400/1400 0:03:02 •       13.49it/s loss: 0.653     
                                      0:00:00                   v_num: eaci     
                                                                val/accuracy:   
                                                                0.674 val/loss: 
                                                                0.989           
                                                                test/accuracy:  
                                                                0.69 test/loss: 
                                                                0.938           
                                                                train/accuracy: 
                                                                0.791           
                                                                train/loss:     
                                                                0.697           
Epoch 59, global step 64800: 'val/accuracy' was not in top 1
Epoch 59/99 ━━━━━━━━━━━━━━━ 1400/1400 0:03:05 •       13.36it/s loss: 0.658     
                                      0:00:00                   v_num: eaci     
                                                                val/accuracy:   
                                                                0.732 val/loss: 
                                                                0.869           
                                                                test/accuracy:  
                                                                0.746 test/loss:
                                                                0.813           
                                                                train/accuracy: 
                                                                0.795           
                                                                train/loss: 0.69
Epoch 60, global step 65880: 'val/accuracy' was not in top 1
Epoch 60/99 ━━━━━━━━━━━━━━━ 1400/1400 0:03:02 •       13.31it/s loss: 0.628     
                                      0:00:00                   v_num: eaci     
                                                                val/accuracy:   
                                                                0.689 val/loss: 
                                                                1.023           
                                                                test/accuracy:  
                                                                0.694 test/loss:
                                                                0.979           
                                                                train/accuracy: 
                                                                0.801           
                                                                train/loss:     
                                                                0.674           
Epoch 61, global step 66960: 'val/accuracy' was not in top 1
Epoch 61/99 ━━━━━━━━━━━━━━━ 1400/1400 0:03:03 •       13.40it/s loss: 0.672     
                                      0:00:00                   v_num: eaci     
                                                                val/accuracy:   
                                                                0.655 val/loss: 
                                                                1.044           
                                                                test/accuracy:  
                                                                0.67 test/loss: 
                                                                1.003           
                                                                train/accuracy: 
                                                                0.801           
                                                                train/loss: 0.67
Epoch 62, global step 68040: 'val/accuracy' was not in top 1
Epoch 62/99 ━━━━━━━━━━━━━━━ 1400/1400 0:03:03 •       13.48it/s loss: 0.686     
                                      0:00:00                   v_num: eaci     
                                                                val/accuracy:   
                                                                0.692 val/loss: 
                                                                0.932           
                                                                test/accuracy:  
                                                                0.699 test/loss:
                                                                0.904           
                                                                train/accuracy: 
                                                                0.802           
                                                                train/loss:     
                                                                0.663           
Epoch 63, global step 69120: 'val/accuracy' was not in top 1
Epoch 63/99 ━━━━━━━━━━━━━━━ 1400/1400 0:03:04 •       13.26it/s loss: 0.619     
                                      0:00:00                   v_num: eaci     
                                                                val/accuracy:   
                                                                0.724 val/loss: 
                                                                0.895           
                                                                test/accuracy:  
                                                                0.74 test/loss: 
                                                                0.829           
                                                                train/accuracy: 
                                                                0.806           
                                                                train/loss:     
                                                                0.654           
Epoch 64, global step 70200: 'val/accuracy' was not in top 1
Epoch 64/99 ━━━━━━━━━━━━━━━ 1400/1400 0:03:04 •       13.50it/s loss: 0.701     
                                      0:00:00                   v_num: eaci     
                                                                val/accuracy:   
                                                                0.721 val/loss: 
                                                                0.873           
                                                                test/accuracy:  
                                                                0.739 test/loss:
                                                                0.813           
                                                                train/accuracy: 
                                                                0.808           
                                                                train/loss:     
                                                                0.653           
Epoch 65, global step 71280: 'val/accuracy' was not in top 1
Epoch 65/99 ━━━━━━━━━━━━━━━ 1400/1400 0:03:03 •       13.49it/s loss: 0.621     
                                      0:00:00                   v_num: eaci     
                                                                val/accuracy:   
                                                                0.579 val/loss: 
                                                                1.333           
                                                                test/accuracy:  
                                                                0.599 test/loss:
                                                                1.267           
                                                                train/accuracy: 
                                                                0.81 train/loss:
                                                                0.644           
Epoch 66, global step 72360: 'val/accuracy' reached 0.75517 (best 0.75517), saving model to '/home/qvk729/Master_thesis/outputs/2023-07-21/16-54-37-404682/checkpoints/val/accuracy.ckpt' as top 1
Epoch 66/99 ━━━━━━━━━━━━━━━ 1400/1400 0:03:01 •       13.15it/s loss: 0.597     
                                      0:00:00                   v_num: eaci     
                                                                val/accuracy:   
                                                                0.755 val/loss: 
                                                                0.758           
                                                                test/accuracy:  
                                                                0.781 test/loss:
                                                                0.701           
                                                                train/accuracy: 
                                                                0.812           
                                                                train/loss:     
                                                                0.641           
Epoch 67, global step 73440: 'val/accuracy' was not in top 1
Epoch 67/99 ━━━━━━━━━━━━━━━ 1400/1400 0:03:06 •       13.15it/s loss: 0.627     
                                      0:00:00                   v_num: eaci     
                                                                val/accuracy:   
                                                                0.733 val/loss: 
                                                                0.822           
                                                                test/accuracy:  
                                                                0.742 test/loss:
                                                                0.768           
                                                                train/accuracy: 
                                                                0.814           
                                                                train/loss:     
                                                                0.631           
Epoch 68, global step 74520: 'val/accuracy' was not in top 1
Epoch 68/99 ━━━━━━━━━━━━━━━ 1400/1400 0:03:04 •       13.31it/s loss: 0.703     
                                      0:00:00                   v_num: eaci     
                                                                val/accuracy:   
                                                                0.653 val/loss: 
                                                                1.038           
                                                                test/accuracy:  
                                                                0.648 test/loss:
                                                                1.015           
                                                                train/accuracy: 
                                                                0.814           
                                                                train/loss:     
                                                                0.629           
Epoch 69, global step 75600: 'val/accuracy' was not in top 1
Epoch 69/99 ━━━━━━━━━━━━━━━ 1400/1400 0:03:04 •       13.31it/s loss: 0.616     
                                      0:00:00                   v_num: eaci     
                                                                val/accuracy:   
                                                                0.674 val/loss: 
                                                                0.984           
                                                                test/accuracy:  
                                                                0.68 test/loss: 
                                                                0.941           
                                                                train/accuracy: 
                                                                0.815           
                                                                train/loss:     
                                                                0.625           
Epoch 70, global step 76680: 'val/accuracy' was not in top 1
Epoch 70/99 ━━━━━━━━━━━━━━━ 1400/1400 0:03:04 •       13.39it/s loss: 0.633     
                                      0:00:00                   v_num: eaci     
                                                                val/accuracy:   
                                                                0.692 val/loss: 
                                                                0.945           
                                                                test/accuracy:  
                                                                0.717 test/loss:
                                                                0.891           
                                                                train/accuracy: 
                                                                0.816           
                                                                train/loss:     
                                                                0.622           
Epoch 71, global step 77760: 'val/accuracy' was not in top 1
Epoch 71/99 ━━━━━━━━━━━━━━━ 1400/1400 0:03:03 •       13.34it/s loss: 0.631     
                                      0:00:00                   v_num: eaci     
                                                                val/accuracy:   
                                                                0.742 val/loss: 
                                                                0.782           
                                                                test/accuracy:  
                                                                0.761 test/loss:
                                                                0.736           
                                                                train/accuracy: 
                                                                0.82 train/loss:
                                                                0.616           
Epoch 72, global step 78840: 'val/accuracy' was not in top 1
Epoch 72/99 ━━━━━━━━━━━━━━━ 1400/1400 0:03:03 •       13.43it/s loss: 0.586     
                                      0:00:00                   v_num: eaci     
                                                                val/accuracy:   
                                                                0.696 val/loss: 
                                                                0.935           
                                                                test/accuracy:  
                                                                0.713 test/loss:
                                                                0.894           
                                                                train/accuracy: 
                                                                0.818           
                                                                train/loss:     
                                                                0.617           
Epoch 73, global step 79920: 'val/accuracy' reached 0.81717 (best 0.81717), saving model to '/home/qvk729/Master_thesis/outputs/2023-07-21/16-54-37-404682/checkpoints/val/accuracy.ckpt' as top 1
Epoch 73/99 ━━━━━━━━━━━━━━━ 1400/1400 0:03:04 •       13.30it/s loss: 0.594     
                                      0:00:00                   v_num: eaci     
                                                                val/accuracy:   
                                                                0.817 val/loss: 
                                                                0.613           
                                                                test/accuracy:  
                                                                0.833 test/loss:
                                                                0.568           
                                                                train/accuracy: 
                                                                0.82 train/loss:
                                                                0.612           
