CONFIG
├── train
│   └── seed: 2222                                                              
│       name: null                                                              
│       interval: step                                                          
│       monitor: val/accuracy                                                   
│       mode: max                                                               
│       ema: 0.0                                                                
│       test: false                                                             
│       debug: false                                                            
│       ignore_warnings: false                                                  
│       state:                                                                  
│         mode: null                                                            
│         n_context: 0                                                          
│         n_context_eval: 0                                                     
│       ckpt: null                                                              
│       disable_dataset: false                                                  
│       validate_at_start: false                                                
│       pretrained_model_path: null                                             
│       pretrained_model_strict_load: true                                      
│       pretrained_model_state_hook:                                            
│         _name_: null                                                          
│       post_init_hook:                                                         
│         _name_: null                                                          
│       layer_decay:                                                            
│         _name_: null                                                          
│         decay: 0.7                                                            
│                                                                               
├── tolerance
│   └── logdir: ./resume                                                        
│       id: null                                                                
│                                                                               
├── wandb
│   └── project: TNLM                                                           
│       group: ''                                                               
│       job_type: training                                                      
│       mode: online                                                            
│       save_dir: .                                                             
│       id: null                                                                
│       name: rnn-lin-mnist-pla                                                 
│                                                                               
├── trainer
│   └── accelerator: gpu                                                        
│       strategy: null                                                          
│       devices: 1                                                              
│       accumulate_grad_batches: 1                                              
│       max_epochs: 100                                                         
│       gradient_clip_val: 0.25                                                 
│       log_every_n_steps: 10                                                   
│       limit_train_batches: 1.0                                                
│       limit_val_batches: 1.0                                                  
│       enable_model_summary: false                                             
│       track_grad_norm: 2                                                      
│       gradient_clip_algorithm: norm                                           
│                                                                               
├── loader
│   └── batch_size: 50                                                          
│       num_workers: 4                                                          
│       pin_memory: true                                                        
│       drop_last: true                                                         
│                                                                               
├── dataset
│   └── _name_: mnist                                                           
│       permute: true                                                           
│       val_split: 0.1                                                          
│       seed: 42                                                                
│                                                                               
├── task
│   └── _name_: base                                                            
│       loss: cross_entropy                                                     
│       metrics:                                                                
│       - accuracy                                                              
│       torchmetrics: null                                                      
│                                                                               
├── optimizer
│   └── _name_: adamw                                                           
│       lr: 2.5e-05                                                             
│       weight_decay: 0.05                                                      
│       betas:                                                                  
│       - 0.9                                                                   
│       - 0.999                                                                 
│                                                                               
├── scheduler
│   └── _name_: cosine_warmup                                                   
│       num_warmup_steps: 1080                                                  
│       num_training_steps: 108000                                              
│                                                                               
├── encoder
│   └── linear                                                                  
├── decoder
│   └── _name_: sequence                                                        
│       mode: pool                                                              
│                                                                               
├── model
│   └── layer:                                                                  
│         cell:                                                                 
│           _name_: rnn                                                         
│           hidden_activation: identity                                         
│           orthogonal: false                                                   
│           d_input: 384                                                        
│           lr: 1.0e-05                                                         
│         _name_: rnn                                                           
│         return_output: true                                                   
│       _name_: model                                                           
│       prenorm: false                                                          
│       transposed: false                                                       
│       n_layers: 1                                                             
│       d_model: 384                                                            
│       bidirectional: false                                                    
│       residual: R                                                             
│       pool: null                                                              
│       norm: batch                                                             
│       dropout: 0.1                                                            
│       tie_dropout: false                                                      
│       track_norms: true                                                       
│       encoder: null                                                           
│       decoder: null                                                           
│                                                                               
└── callbacks
    └── learning_rate_monitor:                                                  
          logging_interval: step                                                
        timer:                                                                  
          step: true                                                            
          inter_step: false                                                     
          epoch: true                                                           
          val: true                                                             
        params:                                                                 
          total: true                                                           
          trainable: true                                                       
          fixed: true                                                           
        model_checkpoint:                                                       
          monitor: val/accuracy                                                 
          mode: max                                                             
          save_top_k: 1                                                         
          save_last: true                                                       
          dirpath: checkpoints/                                                 
          filename: val/accuracy                                                
          auto_insert_metric_name: false                                        
          verbose: true                                                         
        early_stopping:                                                         
          monitor: val/accuracy                                                 
          mode: max                                                             
          patience: 20                                                          
          min_delta: 0                                                          
        rich_model_summary:                                                     
          max_depth: 1                                                          
        rich_progress_bar:                                                      
          refresh_rate: 1                                                       
          leave: true                                                           
                                                                                
[rank: 0] Global seed set to 2222
wandb: Currently logged in as: yuqinzhou. Use `wandb login --relogin` to force relogin
wandb: Tracking run with wandb version 0.15.4
wandb: Run data is saved locally in ./wandb/run-20230622_214929-47dg9h96
wandb: Run `wandb offline` to turn off syncing.
wandb: Syncing run rnn-lin-mnist-pla
wandb: ⭐️ View project at https://wandb.ai/yuqinzhou/TNLM
wandb: 🚀 View run at https://wandb.ai/yuqinzhou/TNLM/runs/47dg9h96
[2023-06-22 21:49:36,131][__main__][INFO] - Instantiating callback <pytorch_lightning.callbacks.LearningRateMonitor>
[2023-06-22 21:49:36,132][__main__][INFO] - Instantiating callback <src.callbacks.timer.Timer>
[2023-06-22 21:49:36,137][__main__][INFO] - Instantiating callback <src.callbacks.params.ParamsLog>
[2023-06-22 21:49:36,139][__main__][INFO] - Instantiating callback <pytorch_lightning.callbacks.ModelCheckpoint>
[2023-06-22 21:49:36,144][__main__][INFO] - Instantiating callback <pytorch_lightning.callbacks.EarlyStopping>
[2023-06-22 21:49:36,145][__main__][INFO] - Instantiating callback <pytorch_lightning.callbacks.RichModelSummary>
[2023-06-22 21:49:36,146][__main__][INFO] - Instantiating callback <pytorch_lightning.callbacks.RichProgressBar>
GPU available: True (cuda), used: True
TPU available: False, using: 0 TPU cores
IPU available: False, using: 0 IPUs
HPU available: False, using: 0 HPUs
`Trainer(limit_train_batches=1.0)` was configured so 100% of the batches per epoch will be used..
`Trainer(limit_val_batches=1.0)` was configured so 100% of the batches will be used..
LOCAL_RANK: 0 - CUDA_VISIBLE_DEVICES: [0]
NOTE: no dropout inside recurrent cell
SequenceModel(
  (drop): Identity()
  (layers): ModuleList(
    (0): SequenceResidualBlock(
      (layer): RNN(
        (cell): RNNCell(
          (W_hx): Linear(in_features=384, out_features=384, bias=False)
          (activate): Identity()
          (W_hh): Linear(in_features=384, out_features=384, bias=False)
        )
      )
      (residual): Residual()
      (norm): Normalization(
        (norm): BatchNorm1d(384, eps=1e-05, momentum=0.1, affine=True, track_running_stats=True)
      )
      (drop): Dropout(p=0.1, inplace=False)
      (output_linear): Sequential(
        (0): Conv1d(384, 768, kernel_size=(1,), stride=(1,))
        (1): GLU(dim=-2)
      )
      (drop_path): Identity()
    )
  )
  (norm): Identity()
)
NOTE: no dropout inside recurrent cell
Hyperparameter groups [{'weight_decay': 0.0, 'lr': 1e-05}]
[2023-06-22 21:49:38,901][__main__][INFO] - Optimizer group 0 | 8 tensors | lr 2.5e-05 | weight_decay 0.05
[2023-06-22 21:49:38,901][__main__][INFO] - Optimizer group 1 | 2 tensors | lr 1e-05 | weight_decay 0.0
┏━━━┳━━━━━━━━━┳━━━━━━━━━━━━━━━━━┳━━━━━━━━┓
┃   ┃ Name    ┃ Type            ┃ Params ┃
┡━━━╇━━━━━━━━━╇━━━━━━━━━━━━━━━━━╇━━━━━━━━┩
│ 0 │ model   │ SequenceModel   │  591 K │
│ 1 │ encoder │ Linear          │    768 │
│ 2 │ decoder │ SequenceDecoder │  3.9 K │
└───┴─────────┴─────────────────┴────────┘
Trainable params: 595 K                                                         
Non-trainable params: 0                                                         
Total params: 595 K                                                             
Total estimated model params size (MB): 2                                       
SLURM auto-requeueing enabled. Setting signal handlers.
[2023-06-22 21:49:38,923][__main__][INFO] - Loaded 'val' dataloader:         6000 examples |    120 steps
[2023-06-22 21:49:38,923][__main__][INFO] - Loaded 'test' dataloader:       10000 examples |    200 steps
[2023-06-22 21:49:41,444][__main__][INFO] - Loaded 'train' dataloader:      54000 examples |   1080 steps
Epoch 0, global step 1080: 'val/accuracy' reached 0.15767 (best 0.15767), saving model to '/home/qvk729/Master_thesis/outputs/2023-06-22/21-49-27-257486/checkpoints/val/accuracy.ckpt' as top 1
Epoch 0/99 ━━━━━━━━━━━━━━━ 1400/1400 0:03:33 •       12.57it/s loss: 2.13 v_num:
                                     0:00:00                   9h96             
                                                               val/accuracy:    
                                                               0.158 val/loss:  
                                                               2.269            
                                                               test/accuracy:   
                                                               0.153 test/loss: 
                                                               2.268            
                                                               train/accuracy:  
                                                               0.181 train/loss:
                                                               2.171            
Epoch 1, global step 2160: 'val/accuracy' reached 0.20800 (best 0.20800), saving model to '/home/qvk729/Master_thesis/outputs/2023-06-22/21-49-27-257486/checkpoints/val/accuracy.ckpt' as top 1
Epoch 1/99 ━━━━━━━━━━━━━━━ 1400/1400 0:03:31 •       12.32it/s loss: 2.12 v_num:
                                     0:00:00                   9h96             
                                                               val/accuracy:    
                                                               0.208 val/loss:  
                                                               2.107            
                                                               test/accuracy:   
                                                               0.207 test/loss: 
                                                               2.101            
                                                               train/accuracy:  
                                                               0.198 train/loss:
                                                               2.118            
Epoch 2, global step 3240: 'val/accuracy' reached 0.20850 (best 0.20850), saving model to '/home/qvk729/Master_thesis/outputs/2023-06-22/21-49-27-257486/checkpoints/val/accuracy.ckpt' as top 1
Epoch 2/99 ━━━━━━━━━━━━━━━ 1400/1400 0:03:32 •       12.31it/s loss: 2.11 v_num:
                                     0:00:00                   9h96             
                                                               val/accuracy:    
                                                               0.208 val/loss:  
                                                               2.096            
                                                               test/accuracy:   
                                                               0.206 test/loss: 
                                                               2.091            
                                                               train/accuracy:  
                                                               0.202 train/loss:
                                                               2.107            
Epoch 3, global step 4320: 'val/accuracy' reached 0.23350 (best 0.23350), saving model to '/home/qvk729/Master_thesis/outputs/2023-06-22/21-49-27-257486/checkpoints/val/accuracy.ckpt' as top 1
Epoch 3/99 ━━━━━━━━━━━━━━━ 1400/1400 0:03:33 •       12.36it/s loss: 2.13 v_num:
                                     0:00:00                   9h96             
                                                               val/accuracy:    
                                                               0.234 val/loss:  
                                                               2.119            
                                                               test/accuracy:   
                                                               0.222 test/loss: 
                                                               2.121            
                                                               train/accuracy:  
                                                               0.213 train/loss:
                                                               2.098            
Epoch 4, global step 5400: 'val/accuracy' was not in top 1
Epoch 4/99 ━━━━━━━━━━━━━━━ 1400/1400 0:03:31 •       12.57it/s loss: 2.05 v_num:
                                     0:00:00                   9h96             
                                                               val/accuracy:    
                                                               0.213 val/loss:  
                                                               2.088            
                                                               test/accuracy:   
                                                               0.209 test/loss: 
                                                               2.084            
                                                               train/accuracy:  
                                                               0.227 train/loss:
                                                               2.088            
Epoch 5, global step 6480: 'val/accuracy' reached 0.25300 (best 0.25300), saving model to '/home/qvk729/Master_thesis/outputs/2023-06-22/21-49-27-257486/checkpoints/val/accuracy.ckpt' as top 1
Epoch 5/99 ━━━━━━━━━━━━━━━ 1400/1400 0:03:31 •       12.42it/s loss: 2.1 v_num: 
                                     0:00:00                   9h96             
                                                               val/accuracy:    
                                                               0.253 val/loss:  
                                                               2.07             
                                                               test/accuracy:   
                                                               0.248 test/loss: 
                                                               2.067            
                                                               train/accuracy:  
                                                               0.239 train/loss:
                                                               2.079            
Epoch 6, global step 7560: 'val/accuracy' was not in top 1
Epoch 6/99 ━━━━━━━━━━━━━━━ 1400/1400 0:03:33 •       12.24it/s loss: 2.07 v_num:
                                     0:00:00                   9h96             
                                                               val/accuracy:    
                                                               0.22 val/loss:   
                                                               2.11             
                                                               test/accuracy:   
                                                               0.209 test/loss: 
                                                               2.112            
                                                               train/accuracy:  
                                                               0.248 train/loss:
                                                               2.065            
Epoch 7, global step 8640: 'val/accuracy' was not in top 1
Epoch 7/99 ━━━━━━━━━━━━━━━ 1400/1400 0:03:32 •       12.50it/s loss: 2.02 v_num:
                                     0:00:00                   9h96             
                                                               val/accuracy:    
                                                               0.237 val/loss:  
                                                               2.064            
                                                               test/accuracy:   
                                                               0.226 test/loss: 
                                                               2.058            
                                                               train/accuracy:  
                                                               0.258 train/loss:
                                                               2.052            
Epoch 8, global step 9720: 'val/accuracy' reached 0.28233 (best 0.28233), saving model to '/home/qvk729/Master_thesis/outputs/2023-06-22/21-49-27-257486/checkpoints/val/accuracy.ckpt' as top 1
Epoch 8/99 ━━━━━━━━━━━━━━━ 1400/1400 0:03:31 •       12.31it/s loss: 2.02 v_num:
                                     0:00:00                   9h96             
                                                               val/accuracy:    
                                                               0.282 val/loss:  
                                                               1.99             
                                                               test/accuracy:   
                                                               0.277 test/loss: 
                                                               1.986            
                                                               train/accuracy:  
                                                               0.267 train/loss:
                                                               2.029            
Epoch 9, global step 10800: 'val/accuracy' was not in top 1
Epoch 9/99 ━━━━━━━━━━━━━━━ 1400/1400 0:03:33 •       12.28it/s loss: 1.99 v_num:
                                     0:00:00                   9h96             
                                                               val/accuracy:    
                                                               0.265 val/loss:  
                                                               2.035            
                                                               test/accuracy:   
                                                               0.261 test/loss: 
                                                               2.036            
                                                               train/accuracy:  
                                                               0.28 train/loss: 
                                                               2.0              
Epoch 10, global step 11880: 'val/accuracy' reached 0.28433 (best 0.28433), saving model to '/home/qvk729/Master_thesis/outputs/2023-06-22/21-49-27-257486/checkpoints/val/accuracy.ckpt' as top 1
Epoch 10/99 ━━━━━━━━━━━━━━━ 1400/1400 0:03:34 •       12.37it/s loss: 1.93      
                                      0:00:00                   v_num: 9h96     
                                                                val/accuracy:   
                                                                0.284 val/loss: 
                                                                2.012           
                                                                test/accuracy:  
                                                                0.28 test/loss: 
                                                                2.012           
                                                                train/accuracy: 
                                                                0.292           
                                                                train/loss:     
                                                                1.969           
Epoch 11, global step 12960: 'val/accuracy' reached 0.31000 (best 0.31000), saving model to '/home/qvk729/Master_thesis/outputs/2023-06-22/21-49-27-257486/checkpoints/val/accuracy.ckpt' as top 1
Epoch 11/99 ━━━━━━━━━━━━━━━ 1400/1400 0:03:30 •       12.62it/s loss: 1.93      
                                      0:00:00                   v_num: 9h96     
                                                                val/accuracy:   
                                                                0.31 val/loss:  
                                                                1.931           
                                                                test/accuracy:  
                                                                0.31 test/loss: 
                                                                1.926           
                                                                train/accuracy: 
                                                                0.297           
                                                                train/loss:     
                                                                1.953           
Epoch 12, global step 14040: 'val/accuracy' reached 0.31083 (best 0.31083), saving model to '/home/qvk729/Master_thesis/outputs/2023-06-22/21-49-27-257486/checkpoints/val/accuracy.ckpt' as top 1
Epoch 12/99 ━━━━━━━━━━━━━━━ 1400/1400 0:03:33 •       12.45it/s loss: 1.95      
                                      0:00:00                   v_num: 9h96     
                                                                val/accuracy:   
                                                                0.311 val/loss: 
                                                                1.896           
                                                                test/accuracy:  
                                                                0.314 test/loss:
                                                                1.891           
                                                                train/accuracy: 
                                                                0.304           
                                                                train/loss: 1.93
Epoch 13, global step 15120: 'val/accuracy' was not in top 1
Epoch 13/99 ━━━━━━━━━━━━━━━ 1400/1400 0:03:29 •       12.46it/s loss: 1.91      
                                      0:00:00                   v_num: 9h96     
                                                                val/accuracy:   
                                                                0.31 val/loss:  
                                                                1.876           
                                                                test/accuracy:  
                                                                0.307 test/loss:
                                                                1.864           
                                                                train/accuracy: 
                                                                0.309           
                                                                train/loss:     
                                                                1.913           
Epoch 14, global step 16200: 'val/accuracy' reached 0.31183 (best 0.31183), saving model to '/home/qvk729/Master_thesis/outputs/2023-06-22/21-49-27-257486/checkpoints/val/accuracy.ckpt' as top 1
Epoch 14/99 ━━━━━━━━━━━━━━━ 1400/1400 0:03:32 •       12.62it/s loss: 1.9 v_num:
                                      0:00:00                   9h96            
                                                                val/accuracy:   
                                                                0.312 val/loss: 
                                                                1.91            
                                                                test/accuracy:  
                                                                0.308 test/loss:
                                                                1.909           
                                                                train/accuracy: 
                                                                0.309           
                                                                train/loss:     
                                                                1.903           
Epoch 15, global step 17280: 'val/accuracy' reached 0.31367 (best 0.31367), saving model to '/home/qvk729/Master_thesis/outputs/2023-06-22/21-49-27-257486/checkpoints/val/accuracy.ckpt' as top 1
Epoch 15/99 ━━━━━━━━━━━━━━━ 1400/1400 0:03:30 •       12.40it/s loss: 1.85      
                                      0:00:00                   v_num: 9h96     
                                                                val/accuracy:   
                                                                0.314 val/loss: 
                                                                1.887           
                                                                test/accuracy:  
                                                                0.313 test/loss:
                                                                1.882           
                                                                train/accuracy: 
                                                                0.312           
                                                                train/loss:     
                                                                1.897           
Epoch 16, global step 18360: 'val/accuracy' reached 0.31467 (best 0.31467), saving model to '/home/qvk729/Master_thesis/outputs/2023-06-22/21-49-27-257486/checkpoints/val/accuracy.ckpt' as top 1
Epoch 16/99 ━━━━━━━━━━━━━━━ 1400/1400 0:03:32 •       12.53it/s loss: 1.93      
                                      0:00:00                   v_num: 9h96     
                                                                val/accuracy:   
                                                                0.315 val/loss: 
                                                                1.89            
                                                                test/accuracy:  
                                                                0.313 test/loss:
                                                                1.881           
                                                                train/accuracy: 
                                                                0.31 train/loss:
                                                                1.894           
Epoch 17, global step 19440: 'val/accuracy' reached 0.32517 (best 0.32517), saving model to '/home/qvk729/Master_thesis/outputs/2023-06-22/21-49-27-257486/checkpoints/val/accuracy.ckpt' as top 1
Epoch 17/99 ━━━━━━━━━━━━━━━ 1400/1400 0:03:29 •       12.58it/s loss: 1.84      
                                      0:00:00                   v_num: 9h96     
                                                                val/accuracy:   
                                                                0.325 val/loss: 
                                                                1.85            
                                                                test/accuracy:  
                                                                0.325 test/loss:
                                                                1.835           
                                                                train/accuracy: 
                                                                0.316           
                                                                train/loss:     
                                                                1.883           
Epoch 18, global step 20520: 'val/accuracy' reached 0.32617 (best 0.32617), saving model to '/home/qvk729/Master_thesis/outputs/2023-06-22/21-49-27-257486/checkpoints/val/accuracy.ckpt' as top 1
Epoch 18/99 ━━━━━━━━━━━━━━━ 1400/1400 0:03:29 •       12.58it/s loss: 1.84      
                                      0:00:00                   v_num: 9h96     
                                                                val/accuracy:   
                                                                0.326 val/loss: 
                                                                1.829           
                                                                test/accuracy:  
                                                                0.327 test/loss:
                                                                1.819           
                                                                train/accuracy: 
                                                                0.319           
                                                                train/loss:     
                                                                1.876           
Epoch 19, global step 21600: 'val/accuracy' was not in top 1
Epoch 19/99 ━━━━━━━━━━━━━━━ 1400/1400 0:03:32 •       12.47it/s loss: 1.83      
                                      0:00:00                   v_num: 9h96     
                                                                val/accuracy:   
                                                                0.31 val/loss:  
                                                                1.924           
                                                                test/accuracy:  
                                                                0.302 test/loss:
                                                                1.922           
                                                                train/accuracy: 
                                                                0.321           
                                                                train/loss:     
                                                                1.865           
Epoch 20, global step 22680: 'val/accuracy' reached 0.33250 (best 0.33250), saving model to '/home/qvk729/Master_thesis/outputs/2023-06-22/21-49-27-257486/checkpoints/val/accuracy.ckpt' as top 1
Epoch 20/99 ━━━━━━━━━━━━━━━ 1400/1400 0:03:31 •       12.37it/s loss: 1.87      
                                      0:00:00                   v_num: 9h96     
                                                                val/accuracy:   
                                                                0.333 val/loss: 
                                                                1.815           
                                                                test/accuracy:  
                                                                0.332 test/loss:
                                                                1.801           
                                                                train/accuracy: 
                                                                0.322           
                                                                train/loss:     
                                                                1.867           
Epoch 21, global step 23760: 'val/accuracy' reached 0.33617 (best 0.33617), saving model to '/home/qvk729/Master_thesis/outputs/2023-06-22/21-49-27-257486/checkpoints/val/accuracy.ckpt' as top 1
Epoch 21/99 ━━━━━━━━━━━━━━━ 1400/1400 0:03:31 •       12.27it/s loss: 1.85      
                                      0:00:00                   v_num: 9h96     
                                                                val/accuracy:   
                                                                0.336 val/loss: 
                                                                1.81            
                                                                test/accuracy:  
                                                                0.334 test/loss:
                                                                1.796           
                                                                train/accuracy: 
                                                                0.322           
                                                                train/loss:     
                                                                1.857           
Epoch 22, global step 24840: 'val/accuracy' was not in top 1
Epoch 22/99 ━━━━━━━━━━━━━━━ 1400/1400 0:03:30 •       12.47it/s loss: 1.82      
                                      0:00:00                   v_num: 9h96     
                                                                val/accuracy:   
                                                                0.305 val/loss: 
                                                                1.928           
                                                                test/accuracy:  
                                                                0.304 test/loss:
                                                                1.932           
                                                                train/accuracy: 
                                                                0.322           
                                                                train/loss:     
                                                                1.857           
Epoch 23, global step 25920: 'val/accuracy' reached 0.33667 (best 0.33667), saving model to '/home/qvk729/Master_thesis/outputs/2023-06-22/21-49-27-257486/checkpoints/val/accuracy.ckpt' as top 1
Epoch 23/99 ━━━━━━━━━━━━━━━ 1400/1400 0:03:30 •       12.22it/s loss: 1.88      
                                      0:00:00                   v_num: 9h96     
                                                                val/accuracy:   
                                                                0.337 val/loss: 
                                                                1.827           
                                                                test/accuracy:  
                                                                0.336 test/loss:
                                                                1.823           
                                                                train/accuracy: 
                                                                0.321           
                                                                train/loss:     
                                                                1.869           
Epoch 24, global step 27000: 'val/accuracy' was not in top 1
Epoch 24/99 ━━━━━━━━━━━━━━━ 1400/1400 0:03:31 •       12.35it/s loss: 1.86      
                                      0:00:00                   v_num: 9h96     
                                                                val/accuracy:   
                                                                0.267 val/loss: 
                                                                2.875           
                                                                test/accuracy:  
                                                                0.255 test/loss:
                                                                2.871           
                                                                train/accuracy: 
                                                                0.325           
                                                                train/loss:     
                                                                1.851           
Epoch 25, global step 28080: 'val/accuracy' was not in top 1
Epoch 25/99 ━━━━━━━━━━━━━━━ 1400/1400 0:03:34 •       12.28it/s loss: 1.88      
                                      0:00:00                   v_num: 9h96     
                                                                val/accuracy:   
                                                                0.329 val/loss: 
                                                                1.837           
                                                                test/accuracy:  
                                                                0.33 test/loss: 
                                                                1.829           
                                                                train/accuracy: 
                                                                0.328           
                                                                train/loss:     
                                                                1.846           
Epoch 26, global step 29160: 'val/accuracy' was not in top 1
Epoch 26/99 ━━━━━━━━━━━━━━━ 1400/1400 0:03:31 •       12.55it/s loss: 1.91      
                                      0:00:00                   v_num: 9h96     
                                                                val/accuracy:   
                                                                0.312 val/loss: 
                                                                1.908           
                                                                test/accuracy:  
                                                                0.308 test/loss:
                                                                1.91            
                                                                train/accuracy: 
                                                                0.322           
                                                                train/loss:     
                                                                1.856           
Epoch 27, global step 30240: 'val/accuracy' was not in top 1
Epoch 27/99 ━━━━━━━━━━━━━━━ 1400/1400 0:03:32 •       12.53it/s loss: 1.86      
                                      0:00:00                   v_num: 9h96     
                                                                val/accuracy:   
                                                                0.33 val/loss:  
                                                                1.842           
                                                                test/accuracy:  
                                                                0.322 test/loss:
                                                                1.831           
                                                                train/accuracy: 
                                                                0.327           
                                                                train/loss:     
                                                                1.847           
Epoch 28, global step 31320: 'val/accuracy' was not in top 1
Epoch 28/99 ━━━━━━━━━━━━━━━ 1400/1400 0:03:33 •       12.46it/s loss: 1.81      
                                      0:00:00                   v_num: 9h96     
                                                                val/accuracy:   
                                                                0.253 val/loss: 
                                                                1.983           
                                                                test/accuracy:  
                                                                0.252 test/loss:
                                                                1.978           
                                                                train/accuracy: 
                                                                0.325           
                                                                train/loss:     
                                                                1.849           
Epoch 29, global step 32400: 'val/accuracy' was not in top 1
Epoch 29/99 ━━━━━━━━━━━━━━━ 1400/1400 0:03:33 •       12.46it/s loss: 1.83      
                                      0:00:00                   v_num: 9h96     
                                                                val/accuracy:   
                                                                0.319 val/loss: 
                                                                1.894           
                                                                test/accuracy:  
                                                                0.315 test/loss:
                                                                1.895           
                                                                train/accuracy: 
                                                                0.329           
                                                                train/loss:     
                                                                1.842           
Epoch 30, global step 33480: 'val/accuracy' was not in top 1
Epoch 30/99 ━━━━━━━━━━━━━━━ 1400/1400 0:03:30 •       12.56it/s loss: 1.94      
                                      0:00:00                   v_num: 9h96     
                                                                val/accuracy:   
                                                                0.234 val/loss: 
                                                                2.017           
                                                                test/accuracy:  
                                                                0.236 test/loss:
                                                                2.021           
                                                                train/accuracy: 
                                                                0.327           
                                                                train/loss:     
                                                                1.846           
Epoch 31, global step 34560: 'val/accuracy' was not in top 1
Epoch 31/99 ━━━━━━━━━━━━━━━ 1400/1400 0:03:31 •       12.45it/s loss: 1.82      
                                      0:00:00                   v_num: 9h96     
                                                                val/accuracy:   
                                                                0.307 val/loss: 
                                                                1.904           
                                                                test/accuracy:  
                                                                0.314 test/loss:
                                                                1.906           
                                                                train/accuracy: 
                                                                0.328           
                                                                train/loss: 1.84
Epoch 32, global step 35640: 'val/accuracy' was not in top 1
Epoch 32/99 ━━━━━━━━━━━━━━━ 1400/1400 0:03:30 •       12.58it/s loss: 1.85      
                                      0:00:00                   v_num: 9h96     
                                                                val/accuracy:   
                                                                0.32 val/loss:  
                                                                1.862           
                                                                test/accuracy:  
                                                                0.32 test/loss: 
                                                                1.86            
                                                                train/accuracy: 
                                                                0.329           
                                                                train/loss: 1.84
Epoch 33, global step 36720: 'val/accuracy' was not in top 1
Epoch 33/99 ━━━━━━━━━━━━━━━ 1400/1400 0:03:32 •       12.30it/s loss: 1.85      
                                      0:00:00                   v_num: 9h96     
                                                                val/accuracy:   
                                                                0.298 val/loss: 
                                                                1.938           
                                                                test/accuracy:  
                                                                0.302 test/loss:
                                                                1.943           
                                                                train/accuracy: 
                                                                0.328           
                                                                train/loss: 1.84
Epoch 34, global step 37800: 'val/accuracy' was not in top 1
Epoch 34/99 ━━━━━━━━━━━━━━━ 1400/1400 0:03:34 •       12.33it/s loss: 1.84      
                                      0:00:00                   v_num: 9h96     
                                                                val/accuracy:   
                                                                0.311 val/loss: 
                                                                1.934           
                                                                test/accuracy:  
                                                                0.311 test/loss:
                                                                1.938           
                                                                train/accuracy: 
                                                                0.332           
                                                                train/loss:     
                                                                1.833           
Epoch 35, global step 38880: 'val/accuracy' was not in top 1
Epoch 35/99 ━━━━━━━━━━━━━━━ 1400/1400 0:03:30 •       12.24it/s loss: 1.83      
                                      0:00:00                   v_num: 9h96     
                                                                val/accuracy:   
                                                                0.319 val/loss: 
                                                                1.867           
                                                                test/accuracy:  
                                                                0.324 test/loss:
                                                                1.867           
                                                                train/accuracy: 
                                                                0.328           
                                                                train/loss: 1.84
Epoch 36, global step 39960: 'val/accuracy' was not in top 1
Epoch 36/99 ━━━━━━━━━━━━━━━ 1400/1400 0:03:30 •       12.54it/s loss: 1.87      
                                      0:00:00                   v_num: 9h96     
                                                                val/accuracy:   
                                                                0.301 val/loss: 
                                                                1.925           
                                                                test/accuracy:  
                                                                0.307 test/loss:
                                                                1.93            
                                                                train/accuracy: 
                                                                0.333           
                                                                train/loss:     
                                                                1.836           
Epoch 37, global step 41040: 'val/accuracy' was not in top 1
Epoch 37/99 ━━━━━━━━━━━━━━━ 1400/1400 0:03:29 •       12.54it/s loss: 1.86      
                                      0:00:00                   v_num: 9h96     
                                                                val/accuracy:   
                                                                0.26 val/loss:  
                                                                2.375           
                                                                test/accuracy:  
                                                                0.246 test/loss:
                                                                2.374           
                                                                train/accuracy: 
                                                                0.33 train/loss:
                                                                1.835           
Epoch 38, global step 42120: 'val/accuracy' was not in top 1
Epoch 38/99 ━━━━━━━━━━━━━━━ 1400/1400 0:03:31 •       12.60it/s loss: 1.83      
                                      0:00:00                   v_num: 9h96     
                                                                val/accuracy:   
                                                                0.326 val/loss: 
                                                                1.844           
                                                                test/accuracy:  
                                                                0.322 test/loss:
                                                                1.837           
                                                                train/accuracy: 
                                                                0.332           
                                                                train/loss:     
                                                                1.834           
Epoch 39, global step 43200: 'val/accuracy' reached 0.34383 (best 0.34383), saving model to '/home/qvk729/Master_thesis/outputs/2023-06-22/21-49-27-257486/checkpoints/val/accuracy.ckpt' as top 1
Epoch 39/99 ━━━━━━━━━━━━━━━ 1400/1400 0:03:27 •       12.60it/s loss: 1.83      
                                      0:00:00                   v_num: 9h96     
                                                                val/accuracy:   
                                                                0.344 val/loss: 
                                                                1.8             
                                                                test/accuracy:  
                                                                0.34 test/loss: 
                                                                1.786           
                                                                train/accuracy: 
                                                                0.334           
                                                                train/loss: 1.83
Epoch 40, global step 44280: 'val/accuracy' reached 0.34533 (best 0.34533), saving model to '/home/qvk729/Master_thesis/outputs/2023-06-22/21-49-27-257486/checkpoints/val/accuracy.ckpt' as top 1
Epoch 40/99 ━━━━━━━━━━━━━━━ 1400/1400 0:03:32 •       12.36it/s loss: 1.8 v_num:
                                      0:00:00                   9h96            
                                                                val/accuracy:   
                                                                0.345 val/loss: 
                                                                1.787           
                                                                test/accuracy:  
                                                                0.341 test/loss:
                                                                1.777           
                                                                train/accuracy: 
                                                                0.333           
                                                                train/loss:     
                                                                1.833           
Epoch 41, global step 45360: 'val/accuracy' was not in top 1
Epoch 41/99 ━━━━━━━━━━━━━━━ 1400/1400 0:03:30 •       12.49it/s loss: 1.87      
                                      0:00:00                   v_num: 9h96     
                                                                val/accuracy:   
                                                                0.332 val/loss: 
                                                                1.846           
                                                                test/accuracy:  
                                                                0.336 test/loss:
                                                                1.842           
                                                                train/accuracy: 
                                                                0.333           
                                                                train/loss:     
                                                                1.827           
Epoch 42, global step 46440: 'val/accuracy' was not in top 1
Epoch 42/99 ━━━━━━━━━━━━━━━ 1400/1400 0:03:30 •       12.55it/s loss: 1.82      
                                      0:00:00                   v_num: 9h96     
                                                                val/accuracy:   
                                                                0.323 val/loss: 
                                                                1.885           
                                                                test/accuracy:  
                                                                0.324 test/loss:
                                                                1.867           
                                                                train/accuracy: 
                                                                0.334           
                                                                train/loss:     
                                                                1.827           
Epoch 43, global step 47520: 'val/accuracy' was not in top 1
Epoch 43/99 ━━━━━━━━━━━━━━━ 1400/1400 0:03:32 •       12.36it/s loss: 1.84      
                                      0:00:00                   v_num: 9h96     
                                                                val/accuracy:   
                                                                0.314 val/loss: 
                                                                1.893           
                                                                test/accuracy:  
                                                                0.315 test/loss:
                                                                1.897           
                                                                train/accuracy: 
                                                                0.333           
                                                                train/loss: 1.83
Epoch 44, global step 48600: 'val/accuracy' reached 0.34750 (best 0.34750), saving model to '/home/qvk729/Master_thesis/outputs/2023-06-22/21-49-27-257486/checkpoints/val/accuracy.ckpt' as top 1
Epoch 44/99 ━━━━━━━━━━━━━━━ 1400/1400 0:03:30 •       12.56it/s loss: 1.89      
                                      0:00:00                   v_num: 9h96     
                                                                val/accuracy:   
                                                                0.347 val/loss: 
                                                                1.812           
                                                                test/accuracy:  
                                                                0.345 test/loss:
                                                                1.802           
                                                                train/accuracy: 
                                                                0.333           
                                                                train/loss:     
                                                                1.827           
Epoch 45, global step 49680: 'val/accuracy' was not in top 1
Epoch 45/99 ━━━━━━━━━━━━━━━ 1400/1400 0:03:29 •       12.46it/s loss: 1.85      
                                      0:00:00                   v_num: 9h96     
                                                                val/accuracy:   
                                                                0.336 val/loss: 
                                                                1.814           
                                                                test/accuracy:  
                                                                0.337 test/loss:
                                                                1.812           
                                                                train/accuracy: 
                                                                0.332           
                                                                train/loss:     
                                                                1.826           
Epoch 46, global step 50760: 'val/accuracy' was not in top 1
Epoch 46/99 ━━━━━━━━━━━━━━━ 1400/1400 0:03:32 •       12.40it/s loss: 1.85      
                                      0:00:00                   v_num: 9h96     
                                                                val/accuracy:   
                                                                0.325 val/loss: 
                                                                1.854           
                                                                test/accuracy:  
                                                                0.333 test/loss:
                                                                1.845           
                                                                train/accuracy: 
                                                                0.334           
                                                                train/loss:     
                                                                1.824           
Epoch 47, global step 51840: 'val/accuracy' was not in top 1
Epoch 47/99 ━━━━━━━━━━━━━━━ 1400/1400 0:03:30 •       12.54it/s loss: 1.82      
                                      0:00:00                   v_num: 9h96     
                                                                val/accuracy:   
                                                                0.32 val/loss:  
                                                                1.889           
                                                                test/accuracy:  
                                                                0.324 test/loss:
                                                                1.89            
                                                                train/accuracy: 
                                                                0.335           
                                                                train/loss: 1.82
Epoch 48, global step 52920: 'val/accuracy' was not in top 1
Epoch 48/99 ━━━━━━━━━━━━━━━ 1400/1400 0:03:30 •       12.51it/s loss: 1.82      
                                      0:00:00                   v_num: 9h96     
                                                                val/accuracy:   
                                                                0.32 val/loss:  
                                                                1.87            
                                                                test/accuracy:  
                                                                0.32 test/loss: 
                                                                1.872           
                                                                train/accuracy: 
                                                                0.336           
                                                                train/loss:     
                                                                1.822           
Epoch 49, global step 54000: 'val/accuracy' was not in top 1
Epoch 49/99 ━━━━━━━━━━━━━━━ 1400/1400 0:03:32 •       12.49it/s loss: 1.81      
                                      0:00:00                   v_num: 9h96     
                                                                val/accuracy:   
                                                                0.311 val/loss: 
                                                                1.975           
                                                                test/accuracy:  
                                                                0.314 test/loss:
                                                                1.96            
                                                                train/accuracy: 
                                                                0.334           
                                                                train/loss:     
                                                                1.817           
Epoch 50, global step 55080: 'val/accuracy' was not in top 1
Epoch 50/99 ━━━━━━━━━━━━━━━ 1400/1400 0:03:31 •       12.47it/s loss: 1.81      
                                      0:00:00                   v_num: 9h96     
                                                                val/accuracy:   
                                                                0.341 val/loss: 
                                                                1.821           
                                                                test/accuracy:  
                                                                0.342 test/loss:
                                                                1.813           
                                                                train/accuracy: 
                                                                0.337           
                                                                train/loss:     
                                                                1.822           
Epoch 51, global step 56160: 'val/accuracy' was not in top 1
Epoch 51/99 ━━━━━━━━━━━━━━━ 1400/1400 0:03:30 •       12.40it/s loss: 1.82      
                                      0:00:00                   v_num: 9h96     
                                                                val/accuracy:   
                                                                0.336 val/loss: 
                                                                1.818           
                                                                test/accuracy:  
                                                                0.327 test/loss:
                                                                1.816           
                                                                train/accuracy: 
                                                                0.337           
                                                                train/loss:     
                                                                1.815           
Epoch 52, global step 57240: 'val/accuracy' was not in top 1
Epoch 52/99 ━━━━━━━━━━━━━━━ 1400/1400 0:03:30 •       12.41it/s loss: 1.83      
                                      0:00:00                   v_num: 9h96     
                                                                val/accuracy:   
                                                                0.334 val/loss: 
                                                                1.839           
                                                                test/accuracy:  
                                                                0.339 test/loss:
                                                                1.831           
                                                                train/accuracy: 
                                                                0.337           
                                                                train/loss:     
                                                                1.817           
Epoch 53, global step 58320: 'val/accuracy' was not in top 1
Epoch 53/99 ━━━━━━━━━━━━━━━ 1400/1400 0:03:31 •       12.44it/s loss: 1.85      
                                      0:00:00                   v_num: 9h96     
                                                                val/accuracy:   
                                                                0.328 val/loss: 
                                                                1.841           
                                                                test/accuracy:  
                                                                0.329 test/loss:
                                                                1.843           
                                                                train/accuracy: 
                                                                0.336           
                                                                train/loss:     
                                                                1.817           
Epoch 54, global step 59400: 'val/accuracy' was not in top 1
Epoch 54/99 ━━━━━━━━━━━━━━━ 1400/1400 0:03:31 •       12.31it/s loss: 1.79      
                                      0:00:00                   v_num: 9h96     
                                                                val/accuracy:   
                                                                0.326 val/loss: 
                                                                1.848           
                                                                test/accuracy:  
                                                                0.325 test/loss:
                                                                1.847           
                                                                train/accuracy: 
                                                                0.336           
                                                                train/loss:     
                                                                1.816           
Epoch 55, global step 60480: 'val/accuracy' was not in top 1
Epoch 55/99 ━━━━━━━━━━━━━━━ 1400/1400 0:03:28 •       12.51it/s loss: 1.77      
                                      0:00:00                   v_num: 9h96     
                                                                val/accuracy:   
                                                                0.334 val/loss: 
                                                                1.845           
                                                                test/accuracy:  
                                                                0.326 test/loss:
                                                                1.834           
                                                                train/accuracy: 
                                                                0.337           
                                                                train/loss:     
                                                                1.814           
Epoch 56, global step 61560: 'val/accuracy' was not in top 1
Epoch 56/99 ━━━━━━━━━━━━━━━ 1400/1400 0:03:33 •       12.30it/s loss: 1.79      
                                      0:00:00                   v_num: 9h96     
                                                                val/accuracy:   
                                                                0.343 val/loss: 
                                                                1.802           
                                                                test/accuracy:  
                                                                0.336 test/loss:
                                                                1.792           
                                                                train/accuracy: 
                                                                0.338           
                                                                train/loss:     
                                                                1.809           
Epoch 57, global step 62640: 'val/accuracy' was not in top 1
Epoch 57/99 ━━━━━━━━━━━━━━━ 1400/1400 0:03:32 •       12.24it/s loss: 1.83      
                                      0:00:00                   v_num: 9h96     
                                                                val/accuracy:   
                                                                0.342 val/loss: 
                                                                1.812           
                                                                test/accuracy:  
                                                                0.344 test/loss:
                                                                1.809           
                                                                train/accuracy: 
                                                                0.338           
                                                                train/loss:     
                                                                1.811           
Epoch 58, global step 63720: 'val/accuracy' was not in top 1
Epoch 58/99 ━━━━━━━━━━━━━━━ 1400/1400 0:03:30 •       12.48it/s loss: 1.88      
                                      0:00:00                   v_num: 9h96     
                                                                val/accuracy:   
                                                                0.339 val/loss: 
                                                                1.83            
                                                                test/accuracy:  
                                                                0.341 test/loss:
                                                                1.823           
                                                                train/accuracy: 
                                                                0.341           
                                                                train/loss:     
                                                                1.809           
Epoch 59, global step 64800: 'val/accuracy' was not in top 1
Epoch 59/99 ━━━━━━━━━━━━━━━ 1400/1400 0:03:29 •       12.56it/s loss: 1.86      
                                      0:00:00                   v_num: 9h96     
                                                                val/accuracy:   
                                                                0.329 val/loss: 
                                                                1.853           
                                                                test/accuracy:  
                                                                0.331 test/loss:
                                                                1.848           
                                                                train/accuracy: 
                                                                0.338           
                                                                train/loss:     
                                                                1.808           
Epoch 60, global step 65880: 'val/accuracy' was not in top 1
Epoch 60/99 ━━━━━━━━━━━━━━━ 1400/1400 0:03:32 •       12.33it/s loss: 1.83      
                                      0:00:00                   v_num: 9h96     
                                                                val/accuracy:   
                                                                0.329 val/loss: 
                                                                1.845           
                                                                test/accuracy:  
                                                                0.333 test/loss:
                                                                1.835           
                                                                train/accuracy: 
                                                                0.337           
                                                                train/loss:     
                                                                1.809           
Epoch 61, global step 66960: 'val/accuracy' was not in top 1
Epoch 61/99 ━━━━━━━━━━━━━━━ 1400/1400 0:03:30 •       12.66it/s loss: 1.81      
                                      0:00:00                   v_num: 9h96     
                                                                val/accuracy:   
                                                                0.335 val/loss: 
                                                                1.819           
                                                                test/accuracy:  
                                                                0.331 test/loss:
                                                                1.807           
                                                                train/accuracy: 
                                                                0.339           
                                                                train/loss: 1.81
Epoch 62, global step 68040: 'val/accuracy' was not in top 1
Epoch 62/99 ━━━━━━━━━━━━━━━ 1400/1400 0:03:32 •       12.21it/s loss: 1.84      
                                      0:00:00                   v_num: 9h96     
                                                                val/accuracy:   
                                                                0.342 val/loss: 
                                                                1.823           
                                                                test/accuracy:  
                                                                0.344 test/loss:
                                                                1.818           
                                                                train/accuracy: 
                                                                0.339           
                                                                train/loss:     
                                                                1.809           
Epoch 63, global step 69120: 'val/accuracy' was not in top 1
Epoch 63/99 ━━━━━━━━━━━━━━━ 1400/1400 0:03:33 •       12.34it/s loss: 1.8 v_num:
                                      0:00:00                   9h96            
                                                                val/accuracy:   
                                                                0.334 val/loss: 
                                                                1.821           
                                                                test/accuracy:  
                                                                0.329 test/loss:
                                                                1.819           
                                                                train/accuracy: 
                                                                0.338           
                                                                train/loss:     
                                                                1.808           
Epoch 64, global step 70200: 'val/accuracy' was not in top 1
Epoch 64/99 ━━━━━━━━━━━━━━━ 1400/1400 0:03:29 •       12.55it/s loss: 1.76      
                                      0:00:00                   v_num: 9h96     
                                                                val/accuracy:   
                                                                0.339 val/loss: 
                                                                1.792           
                                                                test/accuracy:  
                                                                0.34 test/loss: 
                                                                1.782           
                                                                train/accuracy: 
                                                                0.339           
                                                                train/loss:     
                                                                1.805           
wandb: Waiting for W&B process to finish... (success).
wandb: 
wandb: Run history:
wandb:                                                     epoch ▁▁▁▂▂▂▂▂▂▃▃▃▃▃▄▄▄▄▄▄▅▅▅▅▅▅▆▆▆▆▆▇▇▇▇▇▇███
wandb:       grad_2.0_norm/decoder.0.output_transform.bias_epoch ▅█▆▅▃▄▃▄▃▃▃▂▃▃▃▂▂▂▃▂▂▂▁▂▂▂▂▁▂▁▂▂▁▂▁▁▁▂▁▁
wandb:        grad_2.0_norm/decoder.0.output_transform.bias_step ▅▂▂▆▃▅▆▅▄▅▅▄▄▆▂▅▁▄▆▅▆▄▅▃▄▃▄▅▄▄▂▃▄▄▅▅▃▆▃█
wandb:     grad_2.0_norm/decoder.0.output_transform.weight_epoch █▇▃▃▂▁▂▂▂▂▂▂▂▂▂▂▂▂▂▂▂▁▂▂▁▁▁▁▁▁▁▁▁▁▁▁▁▁▁▁
wandb:      grad_2.0_norm/decoder.0.output_transform.weight_step █▅▁▂▂▃▁▂▃▃▂▂▂▂▂▁▂▄▄▄▃▃▁▂▄▂▃▂▂▄▃▂▃▁▂▃▂▂▁▃
wandb:                        grad_2.0_norm/encoder.0.bias_epoch █▇▂▁▁▁▃▃▃▃▃▃▃▃▃▃▃▃▄▃▃▃▄▄▃▃▄▄▃▄▃▃▃▃▄▃▃▃▃▃
wandb:                         grad_2.0_norm/encoder.0.bias_step ▂▃▂▂▁▂▁█▃▇▁▃▃▃▂▂▂▄▁▂▂▃▆▄▅▃▂▃▅▃▇▃▂▂▂▄▇▁▄▂
wandb:                      grad_2.0_norm/encoder.0.weight_epoch ▂▁▁▂▃▄▄▅▆▆▇▇▇▇▇▇█▇▇▇▇▇▇▇▇▇▇█▇▇██▇███████
wandb:                       grad_2.0_norm/encoder.0.weight_step ▁▁▁▁▂▄▂▃▂▄▃▅▂▁▃▃▄▄▃▂▃▆▃▃▅▂▄▂▂█▃▃▃▂▆▄▄▂▃▁
wandb: grad_2.0_norm/model.layers.0.layer.cell.W_hh.weight_epoch ▂▁▁▁▂▃▄▅▆▇▇█▇▇▇▇██▇▇▇▇▇▇▇▇▇▇▇▇▇▇▇▇▆▆▆▆▆▆
wandb:  grad_2.0_norm/model.layers.0.layer.cell.W_hh.weight_step ▂▁▁▁▁▁▄▃▂▆█▆▄▂▅▅▅▇▅▅▂▄▄█▄▃▇▁▅▃▆▄▂▃▃▃▇▄▅▂
wandb: grad_2.0_norm/model.layers.0.layer.cell.W_hx.weight_epoch █▆▁▁▁▂▃▄▄▅▅▅▅▅▅▅▅▅▅▅▅▅▅▅▅▅▅▅▅▅▅▅▅▅▅▅▅▅▅▅
wandb:  grad_2.0_norm/model.layers.0.layer.cell.W_hx.weight_step ▂▂▂▁▂▄▂▇▂▇▂▅▃▂▂▃▄▄▂▂▃▆▅▄▆▂▄▂▃█▅▃▃▂▆▅▆▁▃▁
wandb:         grad_2.0_norm/model.layers.0.norm.norm.bias_epoch ▁▁▁▁▁▂▂▂▃▃▄▄▅▅▅▆▆▆▆▇▇▇▇▇▇▇▇▇▇█▇█▇█▇█▇███
wandb:          grad_2.0_norm/model.layers.0.norm.norm.bias_step ▂▁▁▂▁▂▂▃▂▃▄▂▄▃▂▃▁▃▄▃▃▂▄▅▅▅▄▃▄▇▃▂▃▄▆▃▂▄▃█
wandb:       grad_2.0_norm/model.layers.0.norm.norm.weight_epoch █▆▃▃▂▁▂▃▃▃▄▄▄▅▅▅▆▅▅▆▆▆▆▆▆▅▆▆▆▆▆▅▅▅▅▅▅▅▅▅
wandb:        grad_2.0_norm/model.layers.0.norm.norm.weight_step ▆▃▁▂▁▃▁▂▃▃▂▃▃▂▂▁▃▆▃▆▃▇▂▃█▄▄▄▄█▃▂▃▂▆▄▃▂▂▃
wandb:                                 grad_2.0_norm_total_epoch ▂▁▁▁▂▃▄▅▆▇▇█▇▇▇▇██▇▇▇▇▇▇▇▇▇▇▇▇▇▇▇▇▆▆▆▆▆▆
wandb:                                  grad_2.0_norm_total_step ▂▁▁▁▁▁▄▃▂▆█▆▄▂▅▅▅▇▅▅▂▄▄█▄▃▇▁▅▃▆▄▂▃▃▃▇▄▅▂
wandb:                                                    norm/0 ██▇▇▇▆▇▆▆▅▅▅▅▅▅▄▄▄▄▃▃▃▃▃▂▃▂▃▂▂▂▁▂▂▁▂▁▁▁▁
wandb:                                                    norm/1 ▂▁▁▁▁▁▂▂▃▄▄▅▅▆▆▆▇▇▇▇▇▇██████████████████
wandb:                                             test/accuracy ▁▃▄▃▃▆▅▇▇▇▇▇▆█▇▅▇▇▇▇▇▇▇▄██▇██▇▇██▇▇█████
wandb:                                                 test/loss ▄▃▃▃▃▂▃▂▂▂▂▁▂▁▂█▂▁▂▂▁▂▂▅▁▁▂▁▁▂▂▁▁▁▁▁▁▁▁▁
wandb:                                               timer/epoch ▇▅▇▅▇▅▇▄▃▆▆▃▆▅▄▅▅▆▇▆▃█▄▂▁▄▄▄▃▄▆▅▄▅▂▇▃▇▆▃
wandb:                                                timer/step █▆▇▃▃▃▆▄▇▇▂▃▃▇▂▄▇▇▃▂▄█▃▂▃▇▇▇▄▃█▃▂▁▆▄▆▆█▂
wandb:                                          timer/validation ▁▇█▇▇▇██▇▇█▇██▇██▇▇▇▇██▇▇█▇▇▇▇▇███▇█▇██▇
wandb:                                            train/accuracy ▁▂▂▃▄▅▅▆▇▇▇▇▇▇▇▇▇▇██████████████████████
wandb:                                                train/loss █▇▇▆▆▅▅▄▃▃▃▂▂▂▂▂▂▂▂▂▂▂▂▂▁▁▁▁▁▁▁▁▁▁▁▁▁▁▁▁
wandb:                                             trainer/epoch ▁▁▁▂▂▂▂▂▂▃▃▃▃▃▄▄▄▄▄▄▅▅▅▅▅▅▆▆▆▆▆▆▇▇▇▇▇███
wandb:                                       trainer/global_step ▁▁▁▂▂▂▂▂▂▃▃▃▃▃▄▄▄▄▄▄▅▅▅▅▅▅▆▆▆▆▆▇▇▇▇▇▇███
wandb:                                              trainer/loss █▇▇██▆▇▅▆▅▆▅▄▄▆▅▄█▅▁▅▃▃▇▆▅▅▇▄▆▂▂▃▃▆▃▃▄▁▃
wandb:                                            trainer/lr/pg1 ▄█████████▇▇▇▇▇▇▆▆▆▆▆▅▅▅▅▄▄▄▄▄▃▃▃▂▂▂▂▂▁▁
wandb:                                            trainer/lr/pg2 ▄█████████▇▇▇▇▇▇▆▆▆▆▆▅▅▅▅▄▄▄▄▄▃▃▃▂▂▂▂▂▁▁
wandb:                                              val/accuracy ▁▃▄▃▃▆▅▇▇▇▇▇▇█▆▅▇▇▇▇▇▇▆▅█▇▇██▇▇█▇▇██▇▇██
wandb:                                                  val/loss ▄▃▃▃▃▂▃▂▂▂▂▁▂▁▂█▂▁▂▂▁▂▂▅▁▁▂▁▁▂▂▁▁▁▁▁▁▁▁▁
wandb: 
wandb: Run summary:
wandb:                                                     epoch 64
wandb:       grad_2.0_norm/decoder.0.output_transform.bias_epoch 0.12782
wandb:        grad_2.0_norm/decoder.0.output_transform.bias_step 0.0702
wandb:     grad_2.0_norm/decoder.0.output_transform.weight_epoch 0.71843
wandb:      grad_2.0_norm/decoder.0.output_transform.weight_step 0.6192
wandb:                        grad_2.0_norm/encoder.0.bias_epoch 0.03986
wandb:                         grad_2.0_norm/encoder.0.bias_step 0.0381
wandb:                      grad_2.0_norm/encoder.0.weight_epoch 0.05741
wandb:                       grad_2.0_norm/encoder.0.weight_step 0.0514
wandb: grad_2.0_norm/model.layers.0.layer.cell.W_hh.weight_epoch 92.20181
wandb:  grad_2.0_norm/model.layers.0.layer.cell.W_hh.weight_step 18.1934
wandb: grad_2.0_norm/model.layers.0.layer.cell.W_hx.weight_epoch 0.7667
wandb:  grad_2.0_norm/model.layers.0.layer.cell.W_hx.weight_step 0.6476
wandb:         grad_2.0_norm/model.layers.0.norm.norm.bias_epoch 0.16535
wandb:          grad_2.0_norm/model.layers.0.norm.norm.bias_step 0.0946
wandb:       grad_2.0_norm/model.layers.0.norm.norm.weight_epoch 0.03428
wandb:        grad_2.0_norm/model.layers.0.norm.norm.weight_step 0.0253
wandb:                                 grad_2.0_norm_total_epoch 92.21204
wandb:                                  grad_2.0_norm_total_step 18.216
wandb:                                                    norm/0 0.32111
wandb:                                                    norm/1 1.11199
wandb:                                             test/accuracy 0.3404
wandb:                                                 test/loss 1.78224
wandb:                                               timer/epoch 209.48658
wandb:                                                timer/step 0.16872
wandb:                                          timer/validation 19.78749
wandb:                                            train/accuracy 0.33906
wandb:                                                train/loss 1.80475
wandb:                                             trainer/epoch 64.0
wandb:                                       trainer/global_step 70199
wandb:                                              trainer/loss 1.74192
wandb:                                            trainer/lr/pg1 1e-05
wandb:                                            trainer/lr/pg2 0.0
wandb:                                              val/accuracy 0.33933
wandb:                                                  val/loss 1.79229
wandb: 
wandb: 🚀 View run rnn-lin-mnist-pla at: https://wandb.ai/yuqinzhou/TNLM/runs/47dg9h96
wandb: Synced 6 W&B file(s), 0 media file(s), 0 artifact file(s) and 0 other file(s)
wandb: Find logs at: ./wandb/run-20230622_214929-47dg9h96/logs
