CONFIG
├── train
│   └── seed: 2222                                                              
│       name: null                                                              
│       interval: step                                                          
│       monitor: val/accuracy                                                   
│       mode: max                                                               
│       ema: 0.0                                                                
│       test: false                                                             
│       debug: false                                                            
│       ignore_warnings: false                                                  
│       state:                                                                  
│         mode: null                                                            
│         n_context: 0                                                          
│         n_context_eval: 0                                                     
│       ckpt: null                                                              
│       disable_dataset: false                                                  
│       validate_at_start: false                                                
│       pretrained_model_path: null                                             
│       pretrained_model_strict_load: true                                      
│       pretrained_model_state_hook:                                            
│         _name_: null                                                          
│       post_init_hook:                                                         
│         _name_: null                                                          
│       layer_decay:                                                            
│         _name_: null                                                          
│         decay: 0.7                                                            
│                                                                               
├── tolerance
│   └── logdir: ./resume                                                        
│       id: null                                                                
│                                                                               
├── wandb
│   └── project: TNLM                                                           
│       group: ''                                                               
│       job_type: training                                                      
│       mode: online                                                            
│       save_dir: .                                                             
│       id: null                                                                
│       name: rnn-lin-cifar1-O                                                  
│                                                                               
├── trainer
│   └── accelerator: gpu                                                        
│       strategy: null                                                          
│       devices: 1                                                              
│       accumulate_grad_batches: 1                                              
│       max_epochs: 200                                                         
│       gradient_clip_val: null                                                 
│       log_every_n_steps: 10                                                   
│       limit_train_batches: 1.0                                                
│       limit_val_batches: 1.0                                                  
│       enable_model_summary: false                                             
│       track_grad_norm: 2                                                      
│                                                                               
├── loader
│   └── batch_size: 50                                                          
│       num_workers: 4                                                          
│       pin_memory: true                                                        
│       drop_last: true                                                         
│                                                                               
├── dataset
│   └── _name_: cifar                                                           
│       permute: null                                                           
│       grayscale: false                                                        
│       tokenize: false                                                         
│       augment: false                                                          
│       cutout: false                                                           
│       random_erasing: false                                                   
│       val_split: 0.1                                                          
│       seed: 42                                                                
│                                                                               
├── task
│   └── _name_: base                                                            
│       loss: cross_entropy                                                     
│       metrics:                                                                
│       - accuracy                                                              
│       torchmetrics: null                                                      
│                                                                               
├── optimizer
│   └── _name_: adamw                                                           
│       lr: 0.0003                                                              
│       weight_decay: 0.05                                                      
│       betas:                                                                  
│       - 0.9                                                                   
│       - 0.999                                                                 
│                                                                               
├── scheduler
│   └── _name_: cosine_warmup                                                   
│       num_warmup_steps: 18000                                                 
│       num_training_steps: 180000                                              
│                                                                               
├── encoder
│   └── linear                                                                  
├── decoder
│   └── _name_: sequence                                                        
│       mode: pool                                                              
│                                                                               
├── model
│   └── layer:                                                                  
│         cell:                                                                 
│           _name_: rnn                                                         
│           hidden_activation: identity                                         
│           orthogonal: false                                                   
│           d_input: 384                                                        
│           lr: 7.5e-05                                                         
│         _name_: rnn                                                           
│         return_output: true                                                   
│       _name_: model                                                           
│       prenorm: false                                                          
│       transposed: false                                                       
│       n_layers: 1                                                             
│       d_model: 384                                                            
│       bidirectional: false                                                    
│       residual: R                                                             
│       pool: null                                                              
│       norm: batch                                                             
│       dropout: 0.2                                                            
│       tie_dropout: false                                                      
│       track_norms: true                                                       
│       encoder: null                                                           
│       decoder: null                                                           
│                                                                               
└── callbacks
    └── learning_rate_monitor:                                                  
          logging_interval: step                                                
        timer:                                                                  
          step: true                                                            
          inter_step: false                                                     
          epoch: true                                                           
          val: true                                                             
        params:                                                                 
          total: true                                                           
          trainable: true                                                       
          fixed: true                                                           
        model_checkpoint:                                                       
          monitor: val/accuracy                                                 
          mode: max                                                             
          save_top_k: 1                                                         
          save_last: true                                                       
          dirpath: checkpoints/                                                 
          filename: val/accuracy                                                
          auto_insert_metric_name: false                                        
          verbose: true                                                         
        rich_model_summary:                                                     
          max_depth: 1                                                          
        rich_progress_bar:                                                      
          refresh_rate: 1                                                       
          leave: true                                                           
                                                                                
[rank: 0] Global seed set to 2222
wandb: Currently logged in as: yuqinzhou. Use `wandb login --relogin` to force relogin
wandb: wandb version 0.15.5 is available!  To upgrade, please run:
wandb:  $ pip install wandb --upgrade
wandb: Tracking run with wandb version 0.15.4
wandb: Run data is saved locally in ./wandb/run-20230721_174518-ikjxb1zs
wandb: Run `wandb offline` to turn off syncing.
wandb: Syncing run rnn-lin-cifar1-O
wandb: ⭐️ View project at https://wandb.ai/yuqinzhou/TNLM
wandb: 🚀 View run at https://wandb.ai/yuqinzhou/TNLM/runs/ikjxb1zs
[2023-07-21 17:45:23,584][__main__][INFO] - Instantiating callback <pytorch_lightning.callbacks.LearningRateMonitor>
[2023-07-21 17:45:23,586][__main__][INFO] - Instantiating callback <src.callbacks.timer.Timer>
[2023-07-21 17:45:23,588][__main__][INFO] - Instantiating callback <src.callbacks.params.ParamsLog>
[2023-07-21 17:45:23,589][__main__][INFO] - Instantiating callback <pytorch_lightning.callbacks.ModelCheckpoint>
[2023-07-21 17:45:23,591][__main__][INFO] - Instantiating callback <pytorch_lightning.callbacks.RichModelSummary>
[2023-07-21 17:45:23,592][__main__][INFO] - Instantiating callback <pytorch_lightning.callbacks.RichProgressBar>
GPU available: True (cuda), used: True
TPU available: False, using: 0 TPU cores
IPU available: False, using: 0 IPUs
HPU available: False, using: 0 HPUs
`Trainer(limit_train_batches=1.0)` was configured so 100% of the batches per epoch will be used..
`Trainer(limit_val_batches=1.0)` was configured so 100% of the batches will be used..
LOCAL_RANK: 0 - CUDA_VISIBLE_DEVICES: [0]
Files already downloaded and verified
NOTE: no dropout inside recurrent cell
SequenceLightningModule(
  (model): SequenceModel(
    (drop): Identity()
    (layers): ModuleList(
      (0): SequenceResidualBlock(
        (layer): RNN(
          (cell): RNNCell(
            (W_hx): Linear(in_features=384, out_features=384, bias=False)
            (activate): Identity()
            (W_hh): Linear(in_features=384, out_features=384, bias=False)
          )
        )
        (residual): Residual()
        (norm): Normalization(
          (norm): BatchNorm1d(384, eps=1e-05, momentum=0.1, affine=True, track_running_stats=True)
        )
        (drop): Dropout(p=0.2, inplace=False)
        (output_linear): Sequential(
          (0): Conv1d(384, 768, kernel_size=(1,), stride=(1,))
          (1): GLU(dim=-2)
        )
        (activation): GELU(approximate=none)
      )
    )
    (norm): Identity()
  )
  (encoder): Linear(
    (0): Linear(in_features=3, out_features=384, bias=True)
  )
  (decoder): SequenceDecoder(
    (0): SequenceDecoder(
      (output_transform): Linear(in_features=384, out_features=10, bias=True)
    )
  )
)
Files already downloaded and verified
Hyperparameter groups [{'lr': 7.5e-05, 'weight_decay': 0.0}]
[2023-07-21 17:45:27,810][__main__][INFO] - Optimizer group 0 | 8 tensors | lr 0.0003 | weight_decay 0.05
[2023-07-21 17:45:27,810][__main__][INFO] - Optimizer group 1 | 2 tensors | lr 7.5e-05 | weight_decay 0.0
┏━━━┳━━━━━━━━━┳━━━━━━━━━━━━━━━━━┳━━━━━━━━┓
┃   ┃ Name    ┃ Type            ┃ Params ┃
┡━━━╇━━━━━━━━━╇━━━━━━━━━━━━━━━━━╇━━━━━━━━┩
│ 0 │ model   │ SequenceModel   │  591 K │
│ 1 │ encoder │ Linear          │  1.5 K │
│ 2 │ decoder │ SequenceDecoder │  3.9 K │
└───┴─────────┴─────────────────┴────────┘
Trainable params: 596 K                                                         
Non-trainable params: 0                                                         
Total params: 596 K                                                             
Total estimated model params size (MB): 2                                       
SLURM auto-requeueing enabled. Setting signal handlers.
[2023-07-21 17:45:27,829][__main__][INFO] - Loaded 'val' dataloader:         5000 examples |    100 steps
[2023-07-21 17:45:27,829][__main__][INFO] - Loaded 'test' dataloader:       10000 examples |    200 steps
[2023-07-21 17:45:30,229][__main__][INFO] - Loaded 'train' dataloader:      45000 examples |    900 steps
Epoch 0, global step 900: 'val/accuracy' reached 0.13400 (best 0.13400), saving model to '/home/qvk729/Master_thesis/outputs/2023-07-21/17-45-16-669653/checkpoints/val/accuracy.ckpt' as top 1
Epoch 0/199 ━━━━━━━━━━━━━━━ 1200/1200 0:03:48 •       10.80it/s loss: 2.15      
                                      0:00:00                   v_num: b1zs     
                                                                val/accuracy:   
                                                                0.134 val/loss: 
                                                                2.247           
                                                                test/accuracy:  
                                                                0.128 test/loss:
                                                                2.248           
                                                                train/accuracy: 
                                                                0.157           
                                                                train/loss:     
                                                                2.214           
Epoch 1, global step 1800: 'val/accuracy' reached 0.19400 (best 0.19400), saving model to '/home/qvk729/Master_thesis/outputs/2023-07-21/17-45-16-669653/checkpoints/val/accuracy.ckpt' as top 1
Epoch 1/199 ━━━━━━━━━━━━━━━ 1200/1200 0:03:57 •       10.55it/s loss: 2.03      
                                      0:00:00                   v_num: b1zs     
                                                                val/accuracy:   
                                                                0.194 val/loss: 
                                                                2.173           
                                                                test/accuracy:  
                                                                0.187 test/loss:
                                                                2.168           
                                                                train/accuracy: 
                                                                0.224           
                                                                train/loss:     
                                                                2.078           
Epoch 2, global step 2700: 'val/accuracy' reached 0.24460 (best 0.24460), saving model to '/home/qvk729/Master_thesis/outputs/2023-07-21/17-45-16-669653/checkpoints/val/accuracy.ckpt' as top 1
Epoch 2/199 ━━━━━━━━━━━━━━━ 1200/1200 0:03:55 •       10.82it/s loss: 2.04      
                                      0:00:00                   v_num: b1zs     
                                                                val/accuracy:   
                                                                0.245 val/loss: 
                                                                2.048           
                                                                test/accuracy:  
                                                                0.253 test/loss:
                                                                2.04            
                                                                train/accuracy: 
                                                                0.242           
                                                                train/loss:     
                                                                2.041           
Epoch 3, global step 3600: 'val/accuracy' was not in top 1
Epoch 3/199 ━━━━━━━━━━━━━━━ 1200/1200 0:03:56 •       10.73it/s loss: 1.98      
                                      0:00:00                   v_num: b1zs     
                                                                val/accuracy:   
                                                                0.235 val/loss: 
                                                                2.345           
                                                                test/accuracy:  
                                                                0.241 test/loss:
                                                                2.295           
                                                                train/accuracy: 
                                                                0.262           
                                                                train/loss:     
                                                                1.996           
Epoch 4, global step 4500: 'val/accuracy' reached 0.29220 (best 0.29220), saving model to '/home/qvk729/Master_thesis/outputs/2023-07-21/17-45-16-669653/checkpoints/val/accuracy.ckpt' as top 1
Epoch 4/199 ━━━━━━━━━━━━━━━ 1200/1200 0:03:52 •       10.74it/s loss: 1.96      
                                      0:00:00                   v_num: b1zs     
                                                                val/accuracy:   
                                                                0.292 val/loss: 
                                                                1.942           
                                                                test/accuracy:  
                                                                0.295 test/loss:
                                                                1.922           
                                                                train/accuracy: 
                                                                0.28 train/loss:
                                                                1.951           
Epoch 5, global step 5400: 'val/accuracy' reached 0.31720 (best 0.31720), saving model to '/home/qvk729/Master_thesis/outputs/2023-07-21/17-45-16-669653/checkpoints/val/accuracy.ckpt' as top 1
Epoch 5/199 ━━━━━━━━━━━━━━━ 1200/1200 0:03:52 •       10.74it/s loss: 1.85      
                                      0:00:00                   v_num: b1zs     
                                                                val/accuracy:   
                                                                0.317 val/loss: 
                                                                1.865           
                                                                test/accuracy:  
                                                                0.329 test/loss:
                                                                1.856           
                                                                train/accuracy: 
                                                                0.306           
                                                                train/loss:     
                                                                1.904           
Epoch 6, global step 6300: 'val/accuracy' reached 0.32120 (best 0.32120), saving model to '/home/qvk729/Master_thesis/outputs/2023-07-21/17-45-16-669653/checkpoints/val/accuracy.ckpt' as top 1
Epoch 6/199 ━━━━━━━━━━━━━━━ 1200/1200 0:03:59 •       10.53it/s loss: 1.78      
                                      0:00:00                   v_num: b1zs     
                                                                val/accuracy:   
                                                                0.321 val/loss: 
                                                                1.842           
                                                                test/accuracy:  
                                                                0.329 test/loss:
                                                                1.822           
                                                                train/accuracy: 
                                                                0.325           
                                                                train/loss: 1.85
Epoch 7, global step 7200: 'val/accuracy' reached 0.33720 (best 0.33720), saving model to '/home/qvk729/Master_thesis/outputs/2023-07-21/17-45-16-669653/checkpoints/val/accuracy.ckpt' as top 1
Epoch 7/199 ━━━━━━━━━━━━━━━ 1200/1200 0:04:01 •       10.46it/s loss: 1.77      
                                      0:00:00                   v_num: b1zs     
                                                                val/accuracy:   
                                                                0.337 val/loss: 
                                                                1.784           
                                                                test/accuracy:  
                                                                0.354 test/loss:
                                                                1.761           
                                                                train/accuracy: 
                                                                0.341           
                                                                train/loss:     
                                                                1.802           
Epoch 8, global step 8100: 'val/accuracy' was not in top 1
Epoch 8/199 ━━━━━━━━━━━━━━━ 1200/1200 0:03:55 •       10.73it/s loss: 1.74      
                                      0:00:00                   v_num: b1zs     
                                                                val/accuracy:   
                                                                0.293 val/loss: 
                                                                1.866           
                                                                test/accuracy:  
                                                                0.295 test/loss:
                                                                1.852           
                                                                train/accuracy: 
                                                                0.353           
                                                                train/loss:     
                                                                1.774           
Epoch 9, global step 9000: 'val/accuracy' reached 0.36760 (best 0.36760), saving model to '/home/qvk729/Master_thesis/outputs/2023-07-21/17-45-16-669653/checkpoints/val/accuracy.ckpt' as top 1
Epoch 9/199 ━━━━━━━━━━━━━━━ 1200/1200 0:03:58 •       10.51it/s loss: 1.78      
                                      0:00:00                   v_num: b1zs     
                                                                val/accuracy:   
                                                                0.368 val/loss: 
                                                                1.759           
                                                                test/accuracy:  
                                                                0.373 test/loss:
                                                                1.738           
                                                                train/accuracy: 
                                                                0.363           
                                                                train/loss:     
                                                                1.752           
Epoch 10, global step 9900: 'val/accuracy' reached 0.38160 (best 0.38160), saving model to '/home/qvk729/Master_thesis/outputs/2023-07-21/17-45-16-669653/checkpoints/val/accuracy.ckpt' as top 1
Epoch 10/199 ━━━━━━━━━━━━━━━ 1200/1200 0:03:56 •       10.63it/s loss: 1.7      
                                       0:00:00                   v_num: b1zs    
                                                                 val/accuracy:  
                                                                 0.382 val/loss:
                                                                 1.716          
                                                                 test/accuracy: 
                                                                 0.387          
                                                                 test/loss:     
                                                                 1.698          
                                                                 train/accuracy:
                                                                 0.374          
                                                                 train/loss:    
                                                                 1.722          
Epoch 11, global step 10800: 'val/accuracy' reached 0.38460 (best 0.38460), saving model to '/home/qvk729/Master_thesis/outputs/2023-07-21/17-45-16-669653/checkpoints/val/accuracy.ckpt' as top 1
Epoch 11/199 ━━━━━━━━━━━━━━━ 1200/1200 0:03:54 •       10.80it/s loss: 1.64     
                                       0:00:00                   v_num: b1zs    
                                                                 val/accuracy:  
                                                                 0.385 val/loss:
                                                                 1.734          
                                                                 test/accuracy: 
                                                                 0.392          
                                                                 test/loss: 1.7 
                                                                 train/accuracy:
                                                                 0.385          
                                                                 train/loss:    
                                                                 1.693          
Epoch 12, global step 11700: 'val/accuracy' reached 0.38900 (best 0.38900), saving model to '/home/qvk729/Master_thesis/outputs/2023-07-21/17-45-16-669653/checkpoints/val/accuracy.ckpt' as top 1
Epoch 12/199 ━━━━━━━━━━━━━━━ 1200/1200 0:03:52 •       10.81it/s loss: 1.68     
                                       0:00:00                   v_num: b1zs    
                                                                 val/accuracy:  
                                                                 0.389 val/loss:
                                                                 1.682          
                                                                 test/accuracy: 
                                                                 0.398          
                                                                 test/loss:     
                                                                 1.651          
                                                                 train/accuracy:
                                                                 0.4 train/loss:
                                                                 1.666          
Epoch 13, global step 12600: 'val/accuracy' reached 0.41700 (best 0.41700), saving model to '/home/qvk729/Master_thesis/outputs/2023-07-21/17-45-16-669653/checkpoints/val/accuracy.ckpt' as top 1
Epoch 13/199 ━━━━━━━━━━━━━━━ 1200/1200 0:03:54 •       10.69it/s loss: 1.55     
                                       0:00:00                   v_num: b1zs    
                                                                 val/accuracy:  
                                                                 0.417 val/loss:
                                                                 1.648          
                                                                 test/accuracy: 
                                                                 0.424          
                                                                 test/loss: 1.62
                                                                 train/accuracy:
                                                                 0.408          
                                                                 train/loss:    
                                                                 1.65           
Epoch 14, global step 13500: 'val/accuracy' was not in top 1
Epoch 14/199 ━━━━━━━━━━━━━━━ 1200/1200 0:03:56 •       10.76it/s loss: 1.62     
                                       0:00:00                   v_num: b1zs    
                                                                 val/accuracy:  
                                                                 0.404 val/loss:
                                                                 1.673          
                                                                 test/accuracy: 
                                                                 0.42 test/loss:
                                                                 1.64           
                                                                 train/accuracy:
                                                                 0.419          
                                                                 train/loss:    
                                                                 1.62           
Epoch 15, global step 14400: 'val/accuracy' was not in top 1
Epoch 15/199 ━━━━━━━━━━━━━━━ 1200/1200 0:03:56 •       10.59it/s loss: 1.61     
                                       0:00:00                   v_num: b1zs    
                                                                 val/accuracy:  
                                                                 0.294 val/loss:
                                                                 2.069          
                                                                 test/accuracy: 
                                                                 0.297          
                                                                 test/loss:     
                                                                 2.063          
                                                                 train/accuracy:
                                                                 0.427          
                                                                 train/loss:    
                                                                 1.601          
Epoch 16, global step 15300: 'val/accuracy' was not in top 1
Epoch 16/199 ━━━━━━━━━━━━━━━ 1200/1200 0:03:59 •       10.60it/s loss: 1.54     
                                       0:00:00                   v_num: b1zs    
                                                                 val/accuracy:  
                                                                 0.185 val/loss:
                                                                 3.755          
                                                                 test/accuracy: 
                                                                 0.176          
                                                                 test/loss:     
                                                                 3.768          
                                                                 train/accuracy:
                                                                 0.436          
                                                                 train/loss:    
                                                                 1.574          
Epoch 17, global step 16200: 'val/accuracy' was not in top 1
Epoch 17/199 ━━━━━━━━━━━━━━━ 1200/1200 0:03:53 •       10.60it/s loss: 1.58     
                                       0:00:00                   v_num: b1zs    
                                                                 val/accuracy:  
                                                                 0.385 val/loss:
                                                                 1.83           
                                                                 test/accuracy: 
                                                                 0.379          
                                                                 test/loss:     
                                                                 1.799          
                                                                 train/accuracy:
                                                                 0.448          
                                                                 train/loss:    
                                                                 1.55           
Epoch 18, global step 17100: 'val/accuracy' reached 0.46220 (best 0.46220), saving model to '/home/qvk729/Master_thesis/outputs/2023-07-21/17-45-16-669653/checkpoints/val/accuracy.ckpt' as top 1
Epoch 18/199 ━━━━━━━━━━━━━━━ 1200/1200 0:03:53 •       10.71it/s loss: 1.51     
                                       0:00:00                   v_num: b1zs    
                                                                 val/accuracy:  
                                                                 0.462 val/loss:
                                                                 1.516          
                                                                 test/accuracy: 
                                                                 0.467          
                                                                 test/loss:     
                                                                 1.497          
                                                                 train/accuracy:
                                                                 0.454          
                                                                 train/loss:    
                                                                 1.53           
Epoch 19, global step 18000: 'val/accuracy' was not in top 1
Epoch 19/199 ━━━━━━━━━━━━━━━ 1200/1200 0:03:55 •       10.78it/s loss: 1.51     
                                       0:00:00                   v_num: b1zs    
                                                                 val/accuracy:  
                                                                 0.446 val/loss:
                                                                 1.548          
                                                                 test/accuracy: 
                                                                 0.452          
                                                                 test/loss:     
                                                                 1.534          
                                                                 train/accuracy:
                                                                 0.46           
                                                                 train/loss:    
                                                                 1.518          
Epoch 20, global step 18900: 'val/accuracy' was not in top 1
Epoch 20/199 ━━━━━━━━━━━━━━━ 1200/1200 0:03:58 •       10.61it/s loss: 1.47     
                                       0:00:00                   v_num: b1zs    
                                                                 val/accuracy:  
                                                                 0.41 val/loss: 
                                                                 1.656          
                                                                 test/accuracy: 
                                                                 0.418          
                                                                 test/loss:     
                                                                 1.642          
                                                                 train/accuracy:
                                                                 0.471          
                                                                 train/loss:    
                                                                 1.493          
Epoch 21, global step 19800: 'val/accuracy' reached 0.46560 (best 0.46560), saving model to '/home/qvk729/Master_thesis/outputs/2023-07-21/17-45-16-669653/checkpoints/val/accuracy.ckpt' as top 1
Epoch 21/199 ━━━━━━━━━━━━━━━ 1200/1200 0:03:54 •       10.78it/s loss: 1.49     
                                       0:00:00                   v_num: b1zs    
                                                                 val/accuracy:  
                                                                 0.466 val/loss:
                                                                 1.492          
                                                                 test/accuracy: 
                                                                 0.468          
                                                                 test/loss:     
                                                                 1.482          
                                                                 train/accuracy:
                                                                 0.476          
                                                                 train/loss:    
                                                                 1.475          
Epoch 22, global step 20700: 'val/accuracy' was not in top 1
Epoch 22/199 ━━━━━━━━━━━━━━━ 1200/1200 0:03:55 •       10.78it/s loss: 1.38     
                                       0:00:00                   v_num: b1zs    
                                                                 val/accuracy:  
                                                                 0.31 val/loss: 
                                                                 2.14           
                                                                 test/accuracy: 
                                                                 0.312          
                                                                 test/loss:     
                                                                 2.137          
                                                                 train/accuracy:
                                                                 0.482          
                                                                 train/loss:    
                                                                 1.454          
Epoch 23, global step 21600: 'val/accuracy' was not in top 1
Epoch 23/199 ━━━━━━━━━━━━━━━ 1200/1200 0:03:56 •       10.74it/s loss: 1.37     
                                       0:00:00                   v_num: b1zs    
                                                                 val/accuracy:  
                                                                 0.134 val/loss:
                                                                 9.895          
                                                                 test/accuracy: 
                                                                 0.132          
                                                                 test/loss:     
                                                                 9.876          
                                                                 train/accuracy:
                                                                 0.492          
                                                                 train/loss:    
                                                                 1.434          
Epoch 24, global step 22500: 'val/accuracy' was not in top 1
Epoch 24/199 ━━━━━━━━━━━━━━━ 1200/1200 0:03:55 •       10.64it/s loss: 1.42     
                                       0:00:00                   v_num: b1zs    
                                                                 val/accuracy:  
                                                                 0.424 val/loss:
                                                                 1.731          
                                                                 test/accuracy: 
                                                                 0.429          
                                                                 test/loss:     
                                                                 1.706          
                                                                 train/accuracy:
                                                                 0.499          
                                                                 train/loss:    
                                                                 1.417          
Epoch 25, global step 23400: 'val/accuracy' reached 0.49140 (best 0.49140), saving model to '/home/qvk729/Master_thesis/outputs/2023-07-21/17-45-16-669653/checkpoints/val/accuracy.ckpt' as top 1
Epoch 25/199 ━━━━━━━━━━━━━━━ 1200/1200 0:03:53 •       10.73it/s loss: 1.39     
                                       0:00:00                   v_num: b1zs    
                                                                 val/accuracy:  
                                                                 0.491 val/loss:
                                                                 1.427          
                                                                 test/accuracy: 
                                                                 0.491          
                                                                 test/loss:     
                                                                 1.426          
                                                                 train/accuracy:
                                                                 0.505          
                                                                 train/loss:    
                                                                 1.397          
Epoch 26, global step 24300: 'val/accuracy' was not in top 1
Epoch 26/199 ━━━━━━━━━━━━━━━ 1200/1200 0:03:56 •       10.78it/s loss: 1.44     
                                       0:00:00                   v_num: b1zs    
                                                                 val/accuracy:  
                                                                 0.48 val/loss: 
                                                                 1.513          
                                                                 test/accuracy: 
                                                                 0.474          
                                                                 test/loss:     
                                                                 1.501          
                                                                 train/accuracy:
                                                                 0.512          
                                                                 train/loss:    
                                                                 1.384          
Epoch 27, global step 25200: 'val/accuracy' reached 0.49480 (best 0.49480), saving model to '/home/qvk729/Master_thesis/outputs/2023-07-21/17-45-16-669653/checkpoints/val/accuracy.ckpt' as top 1
Epoch 27/199 ━━━━━━━━━━━━━━━ 1200/1200 0:03:52 •       10.79it/s loss: 1.28     
                                       0:00:00                   v_num: b1zs    
                                                                 val/accuracy:  
                                                                 0.495 val/loss:
                                                                 1.427          
                                                                 test/accuracy: 
                                                                 0.486          
                                                                 test/loss: 1.43
                                                                 train/accuracy:
                                                                 0.52           
                                                                 train/loss:    
                                                                 1.363          
Epoch 28, global step 26100: 'val/accuracy' was not in top 1
Epoch 28/199 ━━━━━━━━━━━━━━━ 1200/1200 0:03:56 •       10.61it/s loss: 1.31     
                                       0:00:00                   v_num: b1zs    
                                                                 val/accuracy:  
                                                                 0.483 val/loss:
                                                                 1.438          
                                                                 test/accuracy: 
                                                                 0.473          
                                                                 test/loss:     
                                                                 1.444          
                                                                 train/accuracy:
                                                                 0.524          
                                                                 train/loss:    
                                                                 1.352          
Epoch 29, global step 27000: 'val/accuracy' reached 0.49900 (best 0.49900), saving model to '/home/qvk729/Master_thesis/outputs/2023-07-21/17-45-16-669653/checkpoints/val/accuracy.ckpt' as top 1
Epoch 29/199 ━━━━━━━━━━━━━━━ 1200/1200 0:03:58 •       10.75it/s loss: 1.35     
                                       0:00:00                   v_num: b1zs    
                                                                 val/accuracy:  
                                                                 0.499 val/loss:
                                                                 1.404          
                                                                 test/accuracy: 
                                                                 0.493          
                                                                 test/loss: 1.41
                                                                 train/accuracy:
                                                                 0.529          
                                                                 train/loss:    
                                                                 1.335          
Epoch 30, global step 27900: 'val/accuracy' reached 0.50760 (best 0.50760), saving model to '/home/qvk729/Master_thesis/outputs/2023-07-21/17-45-16-669653/checkpoints/val/accuracy.ckpt' as top 1
Epoch 30/199 ━━━━━━━━━━━━━━━ 1200/1200 0:03:58 •       10.81it/s loss: 1.3      
                                       0:00:00                   v_num: b1zs    
                                                                 val/accuracy:  
                                                                 0.508 val/loss:
                                                                 1.409          
                                                                 test/accuracy: 
                                                                 0.509          
                                                                 test/loss:     
                                                                 1.395          
                                                                 train/accuracy:
                                                                 0.536          
                                                                 train/loss:    
                                                                 1.317          
Epoch 31, global step 28800: 'val/accuracy' reached 0.52540 (best 0.52540), saving model to '/home/qvk729/Master_thesis/outputs/2023-07-21/17-45-16-669653/checkpoints/val/accuracy.ckpt' as top 1
Epoch 31/199 ━━━━━━━━━━━━━━━ 1200/1200 0:03:56 •       10.72it/s loss: 1.3      
                                       0:00:00                   v_num: b1zs    
                                                                 val/accuracy:  
                                                                 0.525 val/loss:
                                                                 1.355          
                                                                 test/accuracy: 
                                                                 0.528          
                                                                 test/loss:     
                                                                 1.347          
                                                                 train/accuracy:
                                                                 0.545          
                                                                 train/loss:    
                                                                 1.301          
Epoch 32, global step 29700: 'val/accuracy' was not in top 1
Epoch 32/199 ━━━━━━━━━━━━━━━ 1200/1200 0:03:54 •       10.57it/s loss: 1.28     
                                       0:00:00                   v_num: b1zs    
                                                                 val/accuracy:  
                                                                 0.355 val/loss:
                                                                 2.095          
                                                                 test/accuracy: 
                                                                 0.348          
                                                                 test/loss:     
                                                                 2.095          
                                                                 train/accuracy:
                                                                 0.546          
                                                                 train/loss:    
                                                                 1.288          
Epoch 33, global step 30600: 'val/accuracy' reached 0.52720 (best 0.52720), saving model to '/home/qvk729/Master_thesis/outputs/2023-07-21/17-45-16-669653/checkpoints/val/accuracy.ckpt' as top 1
Epoch 33/199 ━━━━━━━━━━━━━━━ 1200/1200 0:03:55 •       10.71it/s loss: 1.22     
                                       0:00:00                   v_num: b1zs    
                                                                 val/accuracy:  
                                                                 0.527 val/loss:
                                                                 1.347          
                                                                 test/accuracy: 
                                                                 0.529          
                                                                 test/loss:     
                                                                 1.348          
                                                                 train/accuracy:
                                                                 0.553          
                                                                 train/loss:    
                                                                 1.274          
Epoch 34, global step 31500: 'val/accuracy' was not in top 1
Epoch 34/199 ━━━━━━━━━━━━━━━ 1200/1200 0:03:55 •       10.61it/s loss: 1.26     
                                       0:00:00                   v_num: b1zs    
                                                                 val/accuracy:  
                                                                 0.332 val/loss:
                                                                 2.723          
                                                                 test/accuracy: 
                                                                 0.327          
                                                                 test/loss:     
                                                                 2.688          
                                                                 train/accuracy:
                                                                 0.561          
                                                                 train/loss:    
                                                                 1.257          
Epoch 35, global step 32400: 'val/accuracy' was not in top 1
Epoch 35/199 ━━━━━━━━━━━━━━━ 1200/1200 0:03:56 •       10.79it/s loss: 1.21     
                                       0:00:00                   v_num: b1zs    
                                                                 val/accuracy:  
                                                                 0.482 val/loss:
                                                                 1.514          
                                                                 test/accuracy: 
                                                                 0.482          
                                                                 test/loss:     
                                                                 1.507          
                                                                 train/accuracy:
                                                                 0.559          
                                                                 train/loss:    
                                                                 1.253          
Epoch 36, global step 33300: 'val/accuracy' was not in top 1
Epoch 36/199 ━━━━━━━━━━━━━━━ 1200/1200 0:04:00 •       10.55it/s loss: 1.27     
                                       0:00:00                   v_num: b1zs    
                                                                 val/accuracy:  
                                                                 0.464 val/loss:
                                                                 1.618          
                                                                 test/accuracy: 
                                                                 0.466          
                                                                 test/loss:     
                                                                 1.625          
                                                                 train/accuracy:
                                                                 0.566          
                                                                 train/loss:    
                                                                 1.242          
Epoch 37, global step 34200: 'val/accuracy' was not in top 1
Epoch 37/199 ━━━━━━━━━━━━━━━ 1200/1200 0:03:55 •       10.69it/s loss: 1.22     
                                       0:00:00                   v_num: b1zs    
                                                                 val/accuracy:  
                                                                 0.45 val/loss: 
                                                                 1.691          
                                                                 test/accuracy: 
                                                                 0.447          
                                                                 test/loss:     
                                                                 1.693          
                                                                 train/accuracy:
                                                                 0.568          
                                                                 train/loss:    
                                                                 1.23           
Epoch 38, global step 35100: 'val/accuracy' reached 0.53500 (best 0.53500), saving model to '/home/qvk729/Master_thesis/outputs/2023-07-21/17-45-16-669653/checkpoints/val/accuracy.ckpt' as top 1
Epoch 38/199 ━━━━━━━━━━━━━━━ 1200/1200 0:03:57 •       10.56it/s loss: 1.27     
                                       0:00:00                   v_num: b1zs    
                                                                 val/accuracy:  
                                                                 0.535 val/loss:
                                                                 1.297          
                                                                 test/accuracy: 
                                                                 0.527          
                                                                 test/loss:     
                                                                 1.302          
                                                                 train/accuracy:
                                                                 0.569          
                                                                 train/loss:    
                                                                 1.228          
Epoch 39, global step 36000: 'val/accuracy' was not in top 1
Epoch 39/199 ━━━━━━━━━━━━━━━ 1200/1200 0:03:53 •       10.71it/s loss: 1.2      
                                       0:00:00                   v_num: b1zs    
                                                                 val/accuracy:  
                                                                 0.527 val/loss:
                                                                 1.346          
                                                                 test/accuracy: 
                                                                 0.527          
                                                                 test/loss: 1.35
                                                                 train/accuracy:
                                                                 0.575          
                                                                 train/loss:    
                                                                 1.216          
Epoch 40, global step 36900: 'val/accuracy' reached 0.53840 (best 0.53840), saving model to '/home/qvk729/Master_thesis/outputs/2023-07-21/17-45-16-669653/checkpoints/val/accuracy.ckpt' as top 1
Epoch 40/199 ━━━━━━━━━━━━━━━ 1200/1200 0:03:53 •       10.62it/s loss: 1.22     
                                       0:00:00                   v_num: b1zs    
                                                                 val/accuracy:  
                                                                 0.538 val/loss:
                                                                 1.304          
                                                                 test/accuracy: 
                                                                 0.531          
                                                                 test/loss:     
                                                                 1.305          
                                                                 train/accuracy:
                                                                 0.577          
                                                                 train/loss:    
                                                                 1.206          
Epoch 41, global step 37800: 'val/accuracy' reached 0.55300 (best 0.55300), saving model to '/home/qvk729/Master_thesis/outputs/2023-07-21/17-45-16-669653/checkpoints/val/accuracy.ckpt' as top 1
Epoch 41/199 ━━━━━━━━━━━━━━━ 1200/1200 0:03:54 •       10.88it/s loss: 1.22     
                                       0:00:00                   v_num: b1zs    
                                                                 val/accuracy:  
                                                                 0.553 val/loss:
                                                                 1.265          
                                                                 test/accuracy: 
                                                                 0.543          
                                                                 test/loss:     
                                                                 1.294          
                                                                 train/accuracy:
                                                                 0.58           
                                                                 train/loss: 1.2
Epoch 42, global step 38700: 'val/accuracy' was not in top 1
Epoch 42/199 ━━━━━━━━━━━━━━━ 1200/1200 0:03:54 •       10.43it/s loss: 1.27     
                                       0:00:00                   v_num: b1zs    
                                                                 val/accuracy:  
                                                                 0.389 val/loss:
                                                                 2.285          
                                                                 test/accuracy: 
                                                                 0.382          
                                                                 test/loss:     
                                                                 2.265          
                                                                 train/accuracy:
                                                                 0.584          
                                                                 train/loss:    
                                                                 1.189          
Epoch 43, global step 39600: 'val/accuracy' was not in top 1
Epoch 43/199 ━━━━━━━━━━━━━━━ 1200/1200 0:03:48 •       10.90it/s loss: 1.23     
                                       0:00:00                   v_num: b1zs    
                                                                 val/accuracy:  
                                                                 0.469 val/loss:
                                                                 1.627          
                                                                 test/accuracy: 
                                                                 0.473          
                                                                 test/loss:     
                                                                 1.616          
                                                                 train/accuracy:
                                                                 0.585          
                                                                 train/loss:    
                                                                 1.184          
Epoch 44, global step 40500: 'val/accuracy' reached 0.56860 (best 0.56860), saving model to '/home/qvk729/Master_thesis/outputs/2023-07-21/17-45-16-669653/checkpoints/val/accuracy.ckpt' as top 1
Epoch 44/199 ━━━━━━━━━━━━━━━ 1200/1200 0:03:54 •       10.57it/s loss: 1.22     
                                       0:00:00                   v_num: b1zs    
                                                                 val/accuracy:  
                                                                 0.569 val/loss:
                                                                 1.222          
                                                                 test/accuracy: 
                                                                 0.566          
                                                                 test/loss:     
                                                                 1.224          
                                                                 train/accuracy:
                                                                 0.589          
                                                                 train/loss:    
                                                                 1.173          
