CONFIG
├── train
│   └── seed: 2222                                                              
│       name: null                                                              
│       interval: step                                                          
│       monitor: val/accuracy                                                   
│       mode: max                                                               
│       ema: 0.0                                                                
│       test: false                                                             
│       debug: false                                                            
│       ignore_warnings: false                                                  
│       state:                                                                  
│         mode: null                                                            
│         n_context: 0                                                          
│         n_context_eval: 0                                                     
│       ckpt: null                                                              
│       disable_dataset: false                                                  
│       validate_at_start: false                                                
│       pretrained_model_path: null                                             
│       pretrained_model_strict_load: true                                      
│       pretrained_model_state_hook:                                            
│         _name_: null                                                          
│       post_init_hook:                                                         
│         _name_: null                                                          
│       layer_decay:                                                            
│         _name_: null                                                          
│         decay: 0.7                                                            
│                                                                               
├── tolerance
│   └── logdir: ./resume                                                        
│       id: null                                                                
│                                                                               
├── wandb
│   └── project: TNLM                                                           
│       group: ''                                                               
│       job_type: training                                                      
│       mode: online                                                            
│       save_dir: .                                                             
│       id: null                                                                
│       name: rnn-lin-mnist1-sgd                                                
│                                                                               
├── trainer
│   └── accelerator: gpu                                                        
│       strategy: null                                                          
│       devices: 1                                                              
│       accumulate_grad_batches: 1                                              
│       max_epochs: 100                                                         
│       gradient_clip_val: null                                                 
│       log_every_n_steps: 10                                                   
│       limit_train_batches: 1.0                                                
│       limit_val_batches: 1.0                                                  
│       enable_model_summary: false                                             
│       track_grad_norm: 2                                                      
│                                                                               
├── loader
│   └── batch_size: 50                                                          
│       num_workers: 4                                                          
│       pin_memory: true                                                        
│       drop_last: true                                                         
│                                                                               
├── dataset
│   └── _name_: mnist                                                           
│       permute: true                                                           
│       val_split: 0.1                                                          
│       seed: 42                                                                
│                                                                               
├── task
│   └── _name_: base                                                            
│       loss: cross_entropy                                                     
│       metrics:                                                                
│       - accuracy                                                              
│       torchmetrics: null                                                      
│                                                                               
├── optimizer
│   └── _name_: sgd                                                             
│       lr: 0.0003                                                              
│       momentum: 0.0                                                           
│       weight_decay: 0.0                                                       
│                                                                               
├── scheduler
│   └── _name_: cosine_warmup                                                   
│       num_warmup_steps: 10800                                                 
│       num_training_steps: 108000                                              
│                                                                               
├── encoder
│   └── linear                                                                  
├── decoder
│   └── _name_: sequence                                                        
│       mode: pool                                                              
│                                                                               
├── model
│   └── layer:                                                                  
│         cell:                                                                 
│           _name_: rnn                                                         
│           hidden_activation: identity                                         
│           orthogonal: false                                                   
│           d_input: 384                                                        
│           lr: 7.5e-05                                                         
│         _name_: rnn                                                           
│         return_output: true                                                   
│       _name_: model                                                           
│       prenorm: false                                                          
│       transposed: false                                                       
│       n_layers: 1                                                             
│       d_model: 384                                                            
│       bidirectional: false                                                    
│       residual: R                                                             
│       pool: null                                                              
│       norm: batch                                                             
│       dropout: 0.2                                                            
│       tie_dropout: false                                                      
│       track_norms: true                                                       
│       encoder: null                                                           
│       decoder: null                                                           
│                                                                               
└── callbacks
    └── learning_rate_monitor:                                                  
          logging_interval: step                                                
        timer:                                                                  
          step: true                                                            
          inter_step: false                                                     
          epoch: true                                                           
          val: true                                                             
        params:                                                                 
          total: true                                                           
          trainable: true                                                       
          fixed: true                                                           
        model_checkpoint:                                                       
          monitor: val/accuracy                                                 
          mode: max                                                             
          save_top_k: 1                                                         
          save_last: true                                                       
          dirpath: checkpoints/                                                 
          filename: val/accuracy                                                
          auto_insert_metric_name: false                                        
          verbose: true                                                         
        rich_model_summary:                                                     
          max_depth: 1                                                          
        rich_progress_bar:                                                      
          refresh_rate: 1                                                       
          leave: true                                                           
                                                                                
[rank: 0] Global seed set to 2222
wandb: Currently logged in as: yuqinzhou. Use `wandb login --relogin` to force relogin
wandb: - Waiting for wandb.init()...wandb: \ Waiting for wandb.init()...wandb: wandb version 0.15.5 is available!  To upgrade, please run:
wandb:  $ pip install wandb --upgrade
wandb: Tracking run with wandb version 0.15.4
wandb: Run data is saved locally in ./wandb/run-20230721_171247-xe4iodz1
wandb: Run `wandb offline` to turn off syncing.
wandb: Syncing run rnn-lin-mnist1-sgd
wandb: ⭐️ View project at https://wandb.ai/yuqinzhou/TNLM
wandb: 🚀 View run at https://wandb.ai/yuqinzhou/TNLM/runs/xe4iodz1
[2023-07-21 17:12:52,918][__main__][INFO] - Instantiating callback <pytorch_lightning.callbacks.LearningRateMonitor>
[2023-07-21 17:12:52,919][__main__][INFO] - Instantiating callback <src.callbacks.timer.Timer>
[2023-07-21 17:12:52,921][__main__][INFO] - Instantiating callback <src.callbacks.params.ParamsLog>
[2023-07-21 17:12:52,923][__main__][INFO] - Instantiating callback <pytorch_lightning.callbacks.ModelCheckpoint>
[2023-07-21 17:12:52,925][__main__][INFO] - Instantiating callback <pytorch_lightning.callbacks.RichModelSummary>
[2023-07-21 17:12:52,925][__main__][INFO] - Instantiating callback <pytorch_lightning.callbacks.RichProgressBar>
GPU available: True (cuda), used: True
TPU available: False, using: 0 TPU cores
IPU available: False, using: 0 IPUs
HPU available: False, using: 0 HPUs
`Trainer(limit_train_batches=1.0)` was configured so 100% of the batches per epoch will be used..
`Trainer(limit_val_batches=1.0)` was configured so 100% of the batches will be used..
LOCAL_RANK: 0 - CUDA_VISIBLE_DEVICES: [0]
NOTE: no dropout inside recurrent cell
SequenceLightningModule(
  (model): SequenceModel(
    (drop): Identity()
    (layers): ModuleList(
      (0): SequenceResidualBlock(
        (layer): RNN(
          (cell): RNNCell(
            (W_hx): Linear(in_features=384, out_features=384, bias=False)
            (activate): Identity()
            (W_hh): Linear(in_features=384, out_features=384, bias=False)
          )
        )
        (residual): Residual()
        (norm): Normalization(
          (norm): BatchNorm1d(384, eps=1e-05, momentum=0.1, affine=True, track_running_stats=True)
        )
        (drop): Dropout(p=0.2, inplace=False)
        (output_linear): Sequential(
          (0): Conv1d(384, 768, kernel_size=(1,), stride=(1,))
          (1): GLU(dim=-2)
        )
        (activation): GELU(approximate=none)
      )
    )
    (norm): Identity()
  )
  (encoder): Linear(
    (0): Linear(in_features=1, out_features=384, bias=True)
  )
  (decoder): SequenceDecoder(
    (0): SequenceDecoder(
      (output_transform): Linear(in_features=384, out_features=10, bias=True)
    )
  )
)
Hyperparameter groups [{'lr': 7.5e-05, 'weight_decay': 0.0}]
[2023-07-21 17:12:54,744][__main__][INFO] - Optimizer group 0 | 8 tensors | lr 0.0003 | weight_decay 0.0
[2023-07-21 17:12:54,744][__main__][INFO] - Optimizer group 1 | 2 tensors | lr 7.5e-05 | weight_decay 0.0
┏━━━┳━━━━━━━━━┳━━━━━━━━━━━━━━━━━┳━━━━━━━━┓
┃   ┃ Name    ┃ Type            ┃ Params ┃
┡━━━╇━━━━━━━━━╇━━━━━━━━━━━━━━━━━╇━━━━━━━━┩
│ 0 │ model   │ SequenceModel   │  591 K │
│ 1 │ encoder │ Linear          │    768 │
│ 2 │ decoder │ SequenceDecoder │  3.9 K │
└───┴─────────┴─────────────────┴────────┘
Trainable params: 595 K                                                         
Non-trainable params: 0                                                         
Total params: 595 K                                                             
Total estimated model params size (MB): 2                                       
SLURM auto-requeueing enabled. Setting signal handlers.
[2023-07-21 17:12:54,768][__main__][INFO] - Loaded 'val' dataloader:         6000 examples |    120 steps
[2023-07-21 17:12:54,768][__main__][INFO] - Loaded 'test' dataloader:       10000 examples |    200 steps
[2023-07-21 17:12:57,780][__main__][INFO] - Loaded 'train' dataloader:      54000 examples |   1080 steps
Epoch 0, global step 1080: 'val/accuracy' reached 0.10933 (best 0.10933), saving model to '/home/qvk729/Master_thesis/outputs/2023-07-21/17-12-46-012482/checkpoints/val/accuracy.ckpt' as top 1
Epoch 0/99 ━━━━━━━━━━━━━━━ 1400/1400 0:02:58 •       13.37it/s loss: 2.33 v_num:
                                     0:00:00                   odz1             
                                                               val/accuracy:    
                                                               0.109 val/loss:  
                                                               2.321            
                                                               test/accuracy:   
                                                               0.103 test/loss: 
                                                               2.325            
                                                               train/accuracy:  
                                                               0.104 train/loss:
                                                               2.333            
Epoch 1, global step 2160: 'val/accuracy' was not in top 1
Epoch 1/99 ━━━━━━━━━━━━━━━ 1400/1400 0:02:57 •       13.41it/s loss: 2.3 v_num: 
                                     0:00:00                   odz1             
                                                               val/accuracy:    
                                                               0.109 val/loss:  
                                                               2.304            
                                                               test/accuracy:   
                                                               0.103 test/loss: 
                                                               2.306            
                                                               train/accuracy:  
                                                               0.104 train/loss:
                                                               2.314            
Epoch 2, global step 3240: 'val/accuracy' reached 0.12650 (best 0.12650), saving model to '/home/qvk729/Master_thesis/outputs/2023-07-21/17-12-46-012482/checkpoints/val/accuracy.ckpt' as top 1
Epoch 2/99 ━━━━━━━━━━━━━━━ 1400/1400 0:03:00 •       13.38it/s loss: 2.3 v_num: 
                                     0:00:00                   odz1             
                                                               val/accuracy:    
                                                               0.126 val/loss:  
                                                               2.297            
                                                               test/accuracy:   
                                                               0.126 test/loss: 
                                                               2.298            
                                                               train/accuracy:  
                                                               0.127 train/loss:
                                                               2.301            
Epoch 3, global step 4320: 'val/accuracy' was not in top 1
Epoch 3/99 ━━━━━━━━━━━━━━━ 1400/1400 0:02:56 •       13.59it/s loss: 2.3 v_num: 
                                     0:00:00                   odz1             
                                                               val/accuracy:    
                                                               0.111 val/loss:  
                                                               2.295            
                                                               test/accuracy:   
                                                               0.114 test/loss: 
                                                               2.295            
                                                               train/accuracy:  
                                                               0.119 train/loss:
                                                               2.297            
Epoch 4, global step 5400: 'val/accuracy' was not in top 1
Epoch 4/99 ━━━━━━━━━━━━━━━ 1400/1400 0:02:59 •       13.49it/s loss: 2.3 v_num: 
                                     0:00:00                   odz1             
                                                               val/accuracy:    
                                                               0.111 val/loss:  
                                                               2.294            
                                                               test/accuracy:   
                                                               0.114 test/loss: 
                                                               2.294            
                                                               train/accuracy:  
                                                               0.114 train/loss:
                                                               2.295            
Epoch 5, global step 6480: 'val/accuracy' was not in top 1
Epoch 5/99 ━━━━━━━━━━━━━━━ 1400/1400 0:03:00 •       13.51it/s loss: 2.29 v_num:
                                     0:00:00                   odz1             
                                                               val/accuracy:    
                                                               0.112 val/loss:  
                                                               2.292            
                                                               test/accuracy:   
                                                               0.115 test/loss: 
                                                               2.292            
                                                               train/accuracy:  
                                                               0.114 train/loss:
                                                               2.294            
Epoch 6, global step 7560: 'val/accuracy' was not in top 1
Epoch 6/99 ━━━━━━━━━━━━━━━ 1400/1400 0:02:59 •       13.48it/s loss: 2.29 v_num:
                                     0:00:00                   odz1             
                                                               val/accuracy:    
                                                               0.117 val/loss:  
                                                               2.291            
                                                               test/accuracy:   
                                                               0.122 test/loss: 
                                                               2.29             
                                                               train/accuracy:  
                                                               0.116 train/loss:
                                                               2.292            
Epoch 7, global step 8640: 'val/accuracy' was not in top 1
Epoch 7/99 ━━━━━━━━━━━━━━━ 1400/1400 0:02:59 •       13.47it/s loss: 2.29 v_num:
                                     0:00:00                   odz1             
                                                               val/accuracy:    
                                                               0.118 val/loss:  
                                                               2.288            
                                                               test/accuracy:   
                                                               0.122 test/loss: 
                                                               2.288            
                                                               train/accuracy:  
                                                               0.125 train/loss:
                                                               2.29             
Epoch 8, global step 9720: 'val/accuracy' reached 0.13300 (best 0.13300), saving model to '/home/qvk729/Master_thesis/outputs/2023-07-21/17-12-46-012482/checkpoints/val/accuracy.ckpt' as top 1
Epoch 8/99 ━━━━━━━━━━━━━━━ 1400/1400 0:03:00 •       13.44it/s loss: 2.29 v_num:
                                     0:00:00                   odz1             
                                                               val/accuracy:    
                                                               0.133 val/loss:  
                                                               2.286            
                                                               test/accuracy:   
                                                               0.138 test/loss: 
                                                               2.285            
                                                               train/accuracy:  
                                                               0.134 train/loss:
                                                               2.287            
Epoch 9, global step 10800: 'val/accuracy' reached 0.13750 (best 0.13750), saving model to '/home/qvk729/Master_thesis/outputs/2023-07-21/17-12-46-012482/checkpoints/val/accuracy.ckpt' as top 1
Epoch 9/99 ━━━━━━━━━━━━━━━ 1400/1400 0:02:58 •       13.64it/s loss: 2.28 v_num:
                                     0:00:00                   odz1             
                                                               val/accuracy:    
                                                               0.138 val/loss:  
                                                               2.283            
                                                               test/accuracy:   
                                                               0.143 test/loss: 
                                                               2.283            
                                                               train/accuracy:  
                                                               0.142 train/loss:
                                                               2.285            
Epoch 10, global step 11880: 'val/accuracy' reached 0.18317 (best 0.18317), saving model to '/home/qvk729/Master_thesis/outputs/2023-07-21/17-12-46-012482/checkpoints/val/accuracy.ckpt' as top 1
Epoch 10/99 ━━━━━━━━━━━━━━━ 1400/1400 0:02:58 •       13.55it/s loss: 2.28      
                                      0:00:00                   v_num: odz1     
                                                                val/accuracy:   
                                                                0.183 val/loss: 
                                                                2.28            
                                                                test/accuracy:  
                                                                0.177 test/loss:
                                                                2.28            
                                                                train/accuracy: 
                                                                0.152           
                                                                train/loss:     
                                                                2.282           
Epoch 11, global step 12960: 'val/accuracy' was not in top 1
Epoch 11/99 ━━━━━━━━━━━━━━━ 1400/1400 0:02:58 •       13.43it/s loss: 2.28      
                                      0:00:00                   v_num: odz1     
                                                                val/accuracy:   
                                                                0.158 val/loss: 
                                                                2.277           
                                                                test/accuracy:  
                                                                0.163 test/loss:
                                                                2.277           
                                                                train/accuracy: 
                                                                0.17 train/loss:
                                                                2.279           
Epoch 12, global step 14040: 'val/accuracy' was not in top 1
Epoch 12/99 ━━━━━━━━━━━━━━━ 1400/1400 0:02:59 •       13.42it/s loss: 2.27      
                                      0:00:00                   v_num: odz1     
                                                                val/accuracy:   
                                                                0.168 val/loss: 
                                                                2.275           
                                                                test/accuracy:  
                                                                0.165 test/loss:
                                                                2.274           
                                                                train/accuracy: 
                                                                0.169           
                                                                train/loss:     
                                                                2.277           
Epoch 13, global step 15120: 'val/accuracy' was not in top 1
Epoch 13/99 ━━━━━━━━━━━━━━━ 1400/1400 0:02:59 •       13.47it/s loss: 2.27      
                                      0:00:00                   v_num: odz1     
                                                                val/accuracy:   
                                                                0.177 val/loss: 
                                                                2.272           
                                                                test/accuracy:  
                                                                0.172 test/loss:
                                                                2.272           
                                                                train/accuracy: 
                                                                0.173           
                                                                train/loss:     
                                                                2.274           
Epoch 14, global step 16200: 'val/accuracy' reached 0.18850 (best 0.18850), saving model to '/home/qvk729/Master_thesis/outputs/2023-07-21/17-12-46-012482/checkpoints/val/accuracy.ckpt' as top 1
Epoch 14/99 ━━━━━━━━━━━━━━━ 1400/1400 0:03:00 •       13.31it/s loss: 2.26      
                                      0:00:00                   v_num: odz1     
                                                                val/accuracy:   
                                                                0.189 val/loss: 
                                                                2.266           
                                                                test/accuracy:  
                                                                0.186 test/loss:
                                                                2.266           
                                                                train/accuracy: 
                                                                0.179           
                                                                train/loss: 2.27
Epoch 15, global step 17280: 'val/accuracy' reached 0.20667 (best 0.20667), saving model to '/home/qvk729/Master_thesis/outputs/2023-07-21/17-12-46-012482/checkpoints/val/accuracy.ckpt' as top 1
Epoch 15/99 ━━━━━━━━━━━━━━━ 1400/1400 0:03:00 •       13.49it/s loss: 2.24      
                                      0:00:00                   v_num: odz1     
                                                                val/accuracy:   
                                                                0.207 val/loss: 
                                                                2.253           
                                                                test/accuracy:  
                                                                0.204 test/loss:
                                                                2.252           
                                                                train/accuracy: 
                                                                0.193           
                                                                train/loss:     
                                                                2.255           
Epoch 16, global step 18360: 'val/accuracy' reached 0.21683 (best 0.21683), saving model to '/home/qvk729/Master_thesis/outputs/2023-07-21/17-12-46-012482/checkpoints/val/accuracy.ckpt' as top 1
Epoch 16/99 ━━━━━━━━━━━━━━━ 1400/1400 0:03:00 •       13.45it/s loss: 2.2 v_num:
                                      0:00:00                   odz1            
                                                                val/accuracy:   
                                                                0.217 val/loss: 
                                                                2.216           
                                                                test/accuracy:  
                                                                0.217 test/loss:
                                                                2.216           
                                                                train/accuracy: 
                                                                0.197           
                                                                train/loss:     
                                                                2.218           
Epoch 17, global step 19440: 'val/accuracy' reached 0.22167 (best 0.22167), saving model to '/home/qvk729/Master_thesis/outputs/2023-07-21/17-12-46-012482/checkpoints/val/accuracy.ckpt' as top 1
Epoch 17/99 ━━━━━━━━━━━━━━━ 1400/1400 0:02:58 •       13.54it/s loss: 2.11      
                                      0:00:00                   v_num: odz1     
                                                                val/accuracy:   
                                                                0.222 val/loss: 
                                                                2.134           
                                                                test/accuracy:  
                                                                0.216 test/loss:
                                                                2.132           
                                                                train/accuracy: 
                                                                0.214           
                                                                train/loss:     
                                                                2.146           
Epoch 18, global step 20520: 'val/accuracy' was not in top 1
Epoch 18/99 ━━━━━━━━━━━━━━━ 1400/1400 0:02:59 •       13.47it/s loss: 2.13      
                                      0:00:00                   v_num: odz1     
                                                                val/accuracy:   
                                                                0.144 val/loss: 
                                                                2.242           
                                                                test/accuracy:  
                                                                0.15 test/loss: 
                                                                2.243           
                                                                train/accuracy: 
                                                                0.222           
                                                                train/loss:     
                                                                2.108           
Epoch 19, global step 21600: 'val/accuracy' was not in top 1
Epoch 19/99 ━━━━━━━━━━━━━━━ 1400/1400 0:02:57 •       13.56it/s loss: 2.08      
                                      0:00:00                   v_num: odz1     
                                                                val/accuracy:   
                                                                0.156 val/loss: 
                                                                2.226           
                                                                test/accuracy:  
                                                                0.153 test/loss:
                                                                2.229           
                                                                train/accuracy: 
                                                                0.226           
                                                                train/loss: 2.09
Epoch 20, global step 22680: 'val/accuracy' was not in top 1
Epoch 20/99 ━━━━━━━━━━━━━━━ 1400/1400 0:02:58 •       13.37it/s loss: 2.08      
                                      0:00:00                   v_num: odz1     
                                                                val/accuracy:   
                                                                0.144 val/loss: 
                                                                2.241           
                                                                test/accuracy:  
                                                                0.149 test/loss:
                                                                2.244           
                                                                train/accuracy: 
                                                                0.229           
                                                                train/loss: 2.08
Epoch 21, global step 23760: 'val/accuracy' was not in top 1
Epoch 21/99 ━━━━━━━━━━━━━━━ 1400/1400 0:02:59 •       13.57it/s loss: 2.07      
                                      0:00:00                   v_num: odz1     
                                                                val/accuracy:   
                                                                0.161 val/loss: 
                                                                2.244           
                                                                test/accuracy:  
                                                                0.153 test/loss:
                                                                2.248           
                                                                train/accuracy: 
                                                                0.227           
                                                                train/loss:     
                                                                2.074           
Epoch 22, global step 24840: 'val/accuracy' was not in top 1
Epoch 22/99 ━━━━━━━━━━━━━━━ 1400/1400 0:02:59 •       13.51it/s loss: 2.06      
                                      0:00:00                   v_num: odz1     
                                                                val/accuracy:   
                                                                0.204 val/loss: 
                                                                5.469           
                                                                test/accuracy:  
                                                                0.205 test/loss:
                                                                5.378           
                                                                train/accuracy: 
                                                                0.23 train/loss:
                                                                2.07            
Epoch 23, global step 25920: 'val/accuracy' was not in top 1
Epoch 23/99 ━━━━━━━━━━━━━━━ 1400/1400 0:02:57 •       13.52it/s loss: 2.06      
                                      0:00:00                   v_num: odz1     
                                                                val/accuracy:   
                                                                0.14 val/loss:  
                                                                2.281           
                                                                test/accuracy:  
                                                                0.149 test/loss:
                                                                2.285           
                                                                train/accuracy: 
                                                                0.234           
                                                                train/loss:     
                                                                2.065           
Epoch 24, global step 27000: 'val/accuracy' was not in top 1
Epoch 24/99 ━━━━━━━━━━━━━━━ 1400/1400 0:03:00 •       13.38it/s loss: 2.07      
                                      0:00:00                   v_num: odz1     
                                                                val/accuracy:   
                                                                0.127 val/loss: 
                                                                2.33            
                                                                test/accuracy:  
                                                                0.119 test/loss:
                                                                2.334           
                                                                train/accuracy: 
                                                                0.233           
                                                                train/loss:     
                                                                2.062           
Epoch 25, global step 28080: 'val/accuracy' was not in top 1
Epoch 25/99 ━━━━━━━━━━━━━━━ 1400/1400 0:03:00 •       13.52it/s loss: 2.02      
                                      0:00:00                   v_num: odz1     
                                                                val/accuracy:   
                                                                0.178 val/loss: 
                                                                2.273           
                                                                test/accuracy:  
                                                                0.182 test/loss:
                                                                2.277           
                                                                train/accuracy: 
                                                                0.237           
                                                                train/loss:     
                                                                2.057           
Epoch 26, global step 29160: 'val/accuracy' was not in top 1
Epoch 26/99 ━━━━━━━━━━━━━━━ 1400/1400 0:03:00 •       13.46it/s loss: 2.05      
                                      0:00:00                   v_num: odz1     
                                                                val/accuracy:   
                                                                0.139 val/loss: 
                                                                2.276           
                                                                test/accuracy:  
                                                                0.138 test/loss:
                                                                2.28            
                                                                train/accuracy: 
                                                                0.244           
                                                                train/loss:     
                                                                2.054           
Epoch 27, global step 30240: 'val/accuracy' was not in top 1
Epoch 27/99 ━━━━━━━━━━━━━━━ 1400/1400 0:02:57 •       13.56it/s loss: 2.07      
                                      0:00:00                   v_num: odz1     
                                                                val/accuracy:   
                                                                0.209 val/loss: 
                                                                2.19            
                                                                test/accuracy:  
                                                                0.216 test/loss:
                                                                2.19            
                                                                train/accuracy: 
                                                                0.245           
                                                                train/loss:     
                                                                2.048           
Epoch 28, global step 31320: 'val/accuracy' reached 0.23333 (best 0.23333), saving model to '/home/qvk729/Master_thesis/outputs/2023-07-21/17-12-46-012482/checkpoints/val/accuracy.ckpt' as top 1
Epoch 28/99 ━━━━━━━━━━━━━━━ 1400/1400 0:02:54 •       13.56it/s loss: 2.03      
                                      0:00:00                   v_num: odz1     
                                                                val/accuracy:   
                                                                0.233 val/loss: 
                                                                2.052           
                                                                test/accuracy:  
                                                                0.229 test/loss:
                                                                2.05            
                                                                train/accuracy: 
                                                                0.25 train/loss:
                                                                2.044           
Epoch 29, global step 32400: 'val/accuracy' reached 0.24283 (best 0.24283), saving model to '/home/qvk729/Master_thesis/outputs/2023-07-21/17-12-46-012482/checkpoints/val/accuracy.ckpt' as top 1
Epoch 29/99 ━━━━━━━━━━━━━━━ 1400/1400 0:02:53 •       13.69it/s loss: 2.05      
                                      0:00:00                   v_num: odz1     
                                                                val/accuracy:   
                                                                0.243 val/loss: 
                                                                2.118           
                                                                test/accuracy:  
                                                                0.246 test/loss:
                                                                2.118           
                                                                train/accuracy: 
                                                                0.257           
                                                                train/loss:     
                                                                2.038           
Epoch 30, global step 33480: 'val/accuracy' was not in top 1
Epoch 30/99 ━━━━━━━━━━━━━━━ 1400/1400 0:02:52 •       13.58it/s loss: 2.04      
                                      0:00:00                   v_num: odz1     
                                                                val/accuracy:   
                                                                0.188 val/loss: 
                                                                42.35           
                                                                test/accuracy:  
                                                                0.185 test/loss:
                                                                40.61           
                                                                train/accuracy: 
                                                                0.264           
                                                                train/loss: 2.03
Epoch 31, global step 34560: 'val/accuracy' was not in top 1
Epoch 31/99 ━━━━━━━━━━━━━━━ 1400/1400 0:02:54 •       13.67it/s loss: 1.99      
                                      0:00:00                   v_num: odz1     
                                                                val/accuracy:   
                                                                0.211 val/loss: 
                                                                2.138           
                                                                test/accuracy:  
                                                                0.219 test/loss:
                                                                2.137           
                                                                train/accuracy: 
                                                                0.267           
                                                                train/loss:     
                                                                2.024           
Epoch 32, global step 35640: 'val/accuracy' was not in top 1
Epoch 32/99 ━━━━━━━━━━━━━━━ 1400/1400 0:02:52 •       13.59it/s loss: 2.02      
                                      0:00:00                   v_num: odz1     
                                                                val/accuracy:   
                                                                0.228 val/loss: 
                                                                2.097           
                                                                test/accuracy:  
                                                                0.236 test/loss:
                                                                2.094           
                                                                train/accuracy: 
                                                                0.274           
                                                                train/loss:     
                                                                2.012           
Epoch 33, global step 36720: 'val/accuracy' reached 0.28250 (best 0.28250), saving model to '/home/qvk729/Master_thesis/outputs/2023-07-21/17-12-46-012482/checkpoints/val/accuracy.ckpt' as top 1
Epoch 33/99 ━━━━━━━━━━━━━━━ 1400/1400 0:02:53 •       13.69it/s loss: 2.01      
                                      0:00:00                   v_num: odz1     
                                                                val/accuracy:   
                                                                0.282 val/loss: 
                                                                2.052           
                                                                test/accuracy:  
                                                                0.281 test/loss:
                                                                2.052           
                                                                train/accuracy: 
                                                                0.276           
                                                                train/loss:     
                                                                2.006           
Epoch 34, global step 37800: 'val/accuracy' was not in top 1
Epoch 34/99 ━━━━━━━━━━━━━━━ 1400/1400 0:02:51 •       13.67it/s loss: 1.97      
                                      0:00:00                   v_num: odz1     
                                                                val/accuracy:   
                                                                0.213 val/loss: 
                                                                2.134           
                                                                test/accuracy:  
                                                                0.213 test/loss:
                                                                2.135           
                                                                train/accuracy: 
                                                                0.281           
                                                                train/loss:     
                                                                1.995           
Epoch 35, global step 38880: 'val/accuracy' reached 0.28350 (best 0.28350), saving model to '/home/qvk729/Master_thesis/outputs/2023-07-21/17-12-46-012482/checkpoints/val/accuracy.ckpt' as top 1
Epoch 35/99 ━━━━━━━━━━━━━━━ 1400/1400 0:02:54 •       13.64it/s loss: 1.93      
                                      0:00:00                   v_num: odz1     
                                                                val/accuracy:   
                                                                0.283 val/loss: 
                                                                2.009           
                                                                test/accuracy:  
                                                                0.287 test/loss:
                                                                2.004           
                                                                train/accuracy: 
                                                                0.282           
                                                                train/loss:     
                                                                1.983           
Epoch 36, global step 39960: 'val/accuracy' was not in top 1
Epoch 36/99 ━━━━━━━━━━━━━━━ 1400/1400 0:02:52 •       13.66it/s loss: 1.94      
                                      0:00:00                   v_num: odz1     
                                                                val/accuracy:   
                                                                0.199 val/loss: 
                                                                2.114           
                                                                test/accuracy:  
                                                                0.207 test/loss:
                                                                2.107           
                                                                train/accuracy: 
                                                                0.286           
                                                                train/loss:     
                                                                1.971           
Epoch 37, global step 41040: 'val/accuracy' was not in top 1
Epoch 37/99 ━━━━━━━━━━━━━━━ 1400/1400 0:02:53 •       13.61it/s loss: 1.93      
                                      0:00:00                   v_num: odz1     
                                                                val/accuracy:   
                                                                0.273 val/loss: 
                                                                2.011           
                                                                test/accuracy:  
                                                                0.274 test/loss:
                                                                2.009           
                                                                train/accuracy: 
                                                                0.289           
                                                                train/loss:     
                                                                1.961           
Epoch 38, global step 42120: 'val/accuracy' reached 0.29367 (best 0.29367), saving model to '/home/qvk729/Master_thesis/outputs/2023-07-21/17-12-46-012482/checkpoints/val/accuracy.ckpt' as top 1
Epoch 38/99 ━━━━━━━━━━━━━━━ 1400/1400 0:02:51 •       13.77it/s loss: 1.96      
                                      0:00:00                   v_num: odz1     
                                                                val/accuracy:   
                                                                0.294 val/loss: 
                                                                1.964           
                                                                test/accuracy:  
                                                                0.298 test/loss:
                                                                1.96            
                                                                train/accuracy: 
                                                                0.288           
                                                                train/loss:     
                                                                1.948           
Epoch 39, global step 43200: 'val/accuracy' was not in top 1
Epoch 39/99 ━━━━━━━━━━━━━━━ 1400/1400 0:02:52 •       13.71it/s loss: 1.95      
                                      0:00:00                   v_num: odz1     
                                                                val/accuracy:   
                                                                0.269 val/loss: 
                                                                1.976           
                                                                test/accuracy:  
                                                                0.274 test/loss:
                                                                1.961           
                                                                train/accuracy: 
                                                                0.292           
                                                                train/loss:     
                                                                1.935           
Epoch 40, global step 44280: 'val/accuracy' reached 0.29867 (best 0.29867), saving model to '/home/qvk729/Master_thesis/outputs/2023-07-21/17-12-46-012482/checkpoints/val/accuracy.ckpt' as top 1
Epoch 40/99 ━━━━━━━━━━━━━━━ 1400/1400 0:02:51 •       13.79it/s loss: 1.94      
                                      0:00:00                   v_num: odz1     
                                                                val/accuracy:   
                                                                0.299 val/loss: 
                                                                1.964           
                                                                test/accuracy:  
                                                                0.301 test/loss:
                                                                1.957           
                                                                train/accuracy: 
                                                                0.297           
                                                                train/loss:     
                                                                1.925           
Epoch 41, global step 45360: 'val/accuracy' was not in top 1
Epoch 41/99 ━━━━━━━━━━━━━━━ 1400/1400 0:02:52 •       13.74it/s loss: 1.89      
                                      0:00:00                   v_num: odz1     
                                                                val/accuracy:   
                                                                0.248 val/loss: 
                                                                2.306           
                                                                test/accuracy:  
                                                                0.248 test/loss:
                                                                2.269           
                                                                train/accuracy: 
                                                                0.3 train/loss: 
                                                                1.913           
Epoch 42, global step 46440: 'val/accuracy' reached 0.31000 (best 0.31000), saving model to '/home/qvk729/Master_thesis/outputs/2023-07-21/17-12-46-012482/checkpoints/val/accuracy.ckpt' as top 1
Epoch 42/99 ━━━━━━━━━━━━━━━ 1400/1400 0:02:53 •       13.62it/s loss: 1.94      
                                      0:00:00                   v_num: odz1     
                                                                val/accuracy:   
                                                                0.31 val/loss:  
                                                                1.919           
                                                                test/accuracy:  
                                                                0.311 test/loss:
                                                                1.911           
                                                                train/accuracy: 
                                                                0.301           
                                                                train/loss:     
                                                                1.903           
Epoch 43, global step 47520: 'val/accuracy' was not in top 1
Epoch 43/99 ━━━━━━━━━━━━━━━ 1400/1400 0:02:53 •       13.81it/s loss: 1.9 v_num:
                                      0:00:00                   odz1            
                                                                val/accuracy:   
                                                                0.307 val/loss: 
                                                                1.874           
                                                                test/accuracy:  
                                                                0.305 test/loss:
                                                                1.862           
                                                                train/accuracy: 
                                                                0.306           
                                                                train/loss:     
                                                                1.892           
Epoch 44, global step 48600: 'val/accuracy' was not in top 1
Epoch 44/99 ━━━━━━━━━━━━━━━ 1400/1400 0:02:54 •       13.59it/s loss: 1.87      
                                      0:00:00                   v_num: odz1     
                                                                val/accuracy:   
                                                                0.306 val/loss: 
                                                                1.865           
                                                                test/accuracy:  
                                                                0.305 test/loss:
                                                                1.851           
                                                                train/accuracy: 
                                                                0.308           
                                                                train/loss:     
                                                                1.883           
Epoch 45, global step 49680: 'val/accuracy' was not in top 1
Epoch 45/99 ━━━━━━━━━━━━━━━ 1400/1400 0:02:53 •       13.73it/s loss: 1.87      
                                      0:00:00                   v_num: odz1     
                                                                val/accuracy:   
                                                                0.265 val/loss: 
                                                                1.946           
                                                                test/accuracy:  
                                                                0.261 test/loss:
                                                                1.942           
                                                                train/accuracy: 
                                                                0.311           
                                                                train/loss:     
                                                                1.876           
Epoch 46, global step 50760: 'val/accuracy' reached 0.31933 (best 0.31933), saving model to '/home/qvk729/Master_thesis/outputs/2023-07-21/17-12-46-012482/checkpoints/val/accuracy.ckpt' as top 1
Epoch 46/99 ━━━━━━━━━━━━━━━ 1400/1400 0:02:52 •       13.62it/s loss: 1.86      
                                      0:00:00                   v_num: odz1     
                                                                val/accuracy:   
                                                                0.319 val/loss: 
                                                                1.862           
                                                                test/accuracy:  
                                                                0.318 test/loss:
                                                                1.851           
                                                                train/accuracy: 
                                                                0.312           
                                                                train/loss:     
                                                                1.867           
Epoch 47, global step 51840: 'val/accuracy' was not in top 1
Epoch 47/99 ━━━━━━━━━━━━━━━ 1400/1400 0:02:53 •       13.77it/s loss: 1.86      
                                      0:00:00                   v_num: odz1     
                                                                val/accuracy:   
                                                                0.317 val/loss: 
                                                                1.842           
                                                                test/accuracy:  
                                                                0.312 test/loss:
                                                                1.826           
                                                                train/accuracy: 
                                                                0.314           
                                                                train/loss: 1.86
Epoch 48, global step 52920: 'val/accuracy' was not in top 1
Epoch 48/99 ━━━━━━━━━━━━━━━ 1400/1400 0:02:53 •       13.57it/s loss: 1.88      
                                      0:00:00                   v_num: odz1     
                                                                val/accuracy:   
                                                                0.281 val/loss: 
                                                                1.944           
                                                                test/accuracy:  
                                                                0.281 test/loss:
                                                                1.929           
                                                                train/accuracy: 
                                                                0.316           
                                                                train/loss:     
                                                                1.853           
Epoch 49, global step 54000: 'val/accuracy' was not in top 1
Epoch 49/99 ━━━━━━━━━━━━━━━ 1400/1400 0:02:52 •       13.67it/s loss: 1.84      
                                      0:00:00                   v_num: odz1     
                                                                val/accuracy:   
                                                                0.308 val/loss: 
                                                                1.877           
                                                                test/accuracy:  
                                                                0.312 test/loss:
                                                                1.858           
                                                                train/accuracy: 
                                                                0.32 train/loss:
                                                                1.847           
Epoch 50, global step 55080: 'val/accuracy' reached 0.32217 (best 0.32217), saving model to '/home/qvk729/Master_thesis/outputs/2023-07-21/17-12-46-012482/checkpoints/val/accuracy.ckpt' as top 1
Epoch 50/99 ━━━━━━━━━━━━━━━ 1400/1400 0:02:44 •       14.20it/s loss: 1.84      
                                      0:00:00                   v_num: odz1     
                                                                val/accuracy:   
                                                                0.322 val/loss: 
                                                                1.873           
                                                                test/accuracy:  
                                                                0.323 test/loss:
                                                                1.861           
                                                                train/accuracy: 
                                                                0.32 train/loss:
                                                                1.841           
Epoch 51, global step 56160: 'val/accuracy' was not in top 1
Epoch 51/99 ━━━━━━━━━━━━━━━ 1400/1400 0:02:33 •       14.74it/s loss: 1.84      
                                      0:00:00                   v_num: odz1     
                                                                val/accuracy:   
                                                                0.259 val/loss: 
                                                                2.114           
                                                                test/accuracy:  
                                                                0.262 test/loss:
                                                                2.085           
                                                                train/accuracy: 
                                                                0.323           
                                                                train/loss:     
                                                                1.836           
Epoch 52, global step 57240: 'val/accuracy' reached 0.33000 (best 0.33000), saving model to '/home/qvk729/Master_thesis/outputs/2023-07-21/17-12-46-012482/checkpoints/val/accuracy.ckpt' as top 1
Epoch 52/99 ━━━━━━━━━━━━━━━ 1400/1400 0:02:25 •       15.01it/s loss: 1.85      
                                      0:00:00                   v_num: odz1     
                                                                val/accuracy:   
                                                                0.33 val/loss:  
                                                                1.849           
                                                                test/accuracy:  
                                                                0.331 test/loss:
                                                                1.836           
                                                                train/accuracy: 
                                                                0.323           
                                                                train/loss: 1.83
Epoch 53, global step 58320: 'val/accuracy' reached 0.33117 (best 0.33117), saving model to '/home/qvk729/Master_thesis/outputs/2023-07-21/17-12-46-012482/checkpoints/val/accuracy.ckpt' as top 1
Epoch 53/99 ━━━━━━━━━━━━━━━ 1400/1400 0:02:27 •       15.00it/s loss: 1.84      
                                      0:00:00                   v_num: odz1     
                                                                val/accuracy:   
                                                                0.331 val/loss: 
                                                                1.838           
                                                                test/accuracy:  
                                                                0.333 test/loss:
                                                                1.822           
                                                                train/accuracy: 
                                                                0.324           
                                                                train/loss:     
                                                                1.827           
Epoch 54, global step 59400: 'val/accuracy' was not in top 1
Epoch 54/99 ━━━━━━━━━━━━━━━ 1400/1400 0:02:27 •       14.87it/s loss: 1.83      
                                      0:00:00                   v_num: odz1     
                                                                val/accuracy:   
                                                                0.301 val/loss: 
                                                                1.879           
                                                                test/accuracy:  
                                                                0.301 test/loss:
                                                                1.865           
                                                                train/accuracy: 
                                                                0.327           
                                                                train/loss:     
                                                                1.822           
Epoch 55, global step 60480: 'val/accuracy' was not in top 1
Epoch 55/99 ━━━━━━━━━━━━━━━ 1400/1400 0:02:28 •       14.80it/s loss: 1.83      
                                      0:00:00                   v_num: odz1     
                                                                val/accuracy:   
                                                                0.315 val/loss: 
                                                                1.842           
                                                                test/accuracy:  
                                                                0.32 test/loss: 
                                                                1.828           
                                                                train/accuracy: 
                                                                0.327           
                                                                train/loss:     
                                                                1.818           
Epoch 56, global step 61560: 'val/accuracy' reached 0.33183 (best 0.33183), saving model to '/home/qvk729/Master_thesis/outputs/2023-07-21/17-12-46-012482/checkpoints/val/accuracy.ckpt' as top 1
Epoch 56/99 ━━━━━━━━━━━━━━━ 1400/1400 0:02:26 •       14.99it/s loss: 1.83      
                                      0:00:00                   v_num: odz1     
                                                                val/accuracy:   
                                                                0.332 val/loss: 
                                                                1.847           
                                                                test/accuracy:  
                                                                0.338 test/loss:
                                                                1.83            
                                                                train/accuracy: 
                                                                0.326           
                                                                train/loss:     
                                                                1.814           
Epoch 57, global step 62640: 'val/accuracy' was not in top 1
Epoch 57/99 ━━━━━━━━━━━━━━━ 1400/1400 0:02:26 •       15.17it/s loss: 1.8 v_num:
                                      0:00:00                   odz1            
                                                                val/accuracy:   
                                                                0.326 val/loss: 
                                                                1.823           
                                                                test/accuracy:  
                                                                0.324 test/loss:
                                                                1.802           
                                                                train/accuracy: 
                                                                0.329           
                                                                train/loss:     
                                                                1.813           
Epoch 58, global step 63720: 'val/accuracy' reached 0.33650 (best 0.33650), saving model to '/home/qvk729/Master_thesis/outputs/2023-07-21/17-12-46-012482/checkpoints/val/accuracy.ckpt' as top 1
Epoch 58/99 ━━━━━━━━━━━━━━━ 1400/1400 0:02:25 •       14.96it/s loss: 1.8 v_num:
                                      0:00:00                   odz1            
                                                                val/accuracy:   
                                                                0.336 val/loss: 
                                                                1.804           
                                                                test/accuracy:  
                                                                0.334 test/loss:
                                                                1.788           
                                                                train/accuracy: 
                                                                0.328           
                                                                train/loss: 1.81
Epoch 59, global step 64800: 'val/accuracy' reached 0.33917 (best 0.33917), saving model to '/home/qvk729/Master_thesis/outputs/2023-07-21/17-12-46-012482/checkpoints/val/accuracy.ckpt' as top 1
Epoch 59/99 ━━━━━━━━━━━━━━━ 1400/1400 0:02:27 •       14.95it/s loss: 1.81      
                                      0:00:00                   v_num: odz1     
                                                                val/accuracy:   
                                                                0.339 val/loss: 
                                                                1.811           
                                                                test/accuracy:  
                                                                0.338 test/loss:
                                                                1.794           
                                                                train/accuracy: 
                                                                0.33 train/loss:
                                                                1.807           
Epoch 60, global step 65880: 'val/accuracy' was not in top 1
Epoch 60/99 ━━━━━━━━━━━━━━━ 1400/1400 0:02:26 •       14.91it/s loss: 1.8 v_num:
                                      0:00:00                   odz1            
                                                                val/accuracy:   
                                                                0.33 val/loss:  
                                                                1.801           
                                                                test/accuracy:  
                                                                0.327 test/loss:
                                                                1.78            
                                                                train/accuracy: 
                                                                0.331           
                                                                train/loss:     
                                                                1.806           
Epoch 61, global step 66960: 'val/accuracy' was not in top 1
Epoch 61/99 ━━━━━━━━━━━━━━━ 1400/1400 0:02:26 •       15.04it/s loss: 1.8 v_num:
                                      0:00:00                   odz1            
                                                                val/accuracy:   
                                                                0.268 val/loss: 
                                                                2.118           
                                                                test/accuracy:  
                                                                0.268 test/loss:
                                                                2.085           
                                                                train/accuracy: 
                                                                0.33 train/loss:
                                                                1.803           
Epoch 62, global step 68040: 'val/accuracy' was not in top 1
Epoch 62/99 ━━━━━━━━━━━━━━━ 1400/1400 0:02:25 •       14.97it/s loss: 1.8 v_num:
                                      0:00:00                   odz1            
                                                                val/accuracy:   
                                                                0.274 val/loss: 
                                                                1.905           
                                                                test/accuracy:  
                                                                0.267 test/loss:
                                                                1.897           
                                                                train/accuracy: 
                                                                0.327           
                                                                train/loss:     
                                                                1.802           
Epoch 63, global step 69120: 'val/accuracy' was not in top 1
Epoch 63/99 ━━━━━━━━━━━━━━━ 1400/1400 0:02:25 •       14.99it/s loss: 1.74      
                                      0:00:00                   v_num: odz1     
                                                                val/accuracy:   
                                                                0.338 val/loss: 
                                                                1.801           
                                                                test/accuracy:  
                                                                0.336 test/loss:
                                                                1.785           
                                                                train/accuracy: 
                                                                0.331           
                                                                train/loss:     
                                                                1.798           
Epoch 64, global step 70200: 'val/accuracy' reached 0.34250 (best 0.34250), saving model to '/home/qvk729/Master_thesis/outputs/2023-07-21/17-12-46-012482/checkpoints/val/accuracy.ckpt' as top 1
Epoch 64/99 ━━━━━━━━━━━━━━━ 1400/1400 0:02:27 •       15.00it/s loss: 1.8 v_num:
                                      0:00:00                   odz1            
                                                                val/accuracy:   
                                                                0.343 val/loss: 
                                                                1.794           
                                                                test/accuracy:  
                                                                0.342 test/loss:
                                                                1.777           
                                                                train/accuracy: 
                                                                0.331           
                                                                train/loss:     
                                                                1.798           
Epoch 65, global step 71280: 'val/accuracy' was not in top 1
Epoch 65/99 ━━━━━━━━━━━━━━━ 1400/1400 0:02:25 •       15.00it/s loss: 1.77      
                                      0:00:00                   v_num: odz1     
                                                                val/accuracy:   
                                                                0.315 val/loss: 
                                                                1.831           
                                                                test/accuracy:  
                                                                0.321 test/loss:
                                                                1.816           
                                                                train/accuracy: 
                                                                0.332           
                                                                train/loss:     
                                                                1.794           
Epoch 66, global step 72360: 'val/accuracy' was not in top 1
Epoch 66/99 ━━━━━━━━━━━━━━━ 1400/1400 0:02:25 •       14.94it/s loss: 1.79      
                                      0:00:00                   v_num: odz1     
                                                                val/accuracy:   
                                                                0.333 val/loss: 
                                                                1.83            
                                                                test/accuracy:  
                                                                0.332 test/loss:
                                                                1.808           
                                                                train/accuracy: 
                                                                0.332           
                                                                train/loss:     
                                                                1.795           
Epoch 67, global step 73440: 'val/accuracy' was not in top 1
Epoch 67/99 ━━━━━━━━━━━━━━━ 1400/1400 0:02:26 •       15.12it/s loss: 1.8 v_num:
                                      0:00:00                   odz1            
                                                                val/accuracy:   
                                                                0.338 val/loss: 
                                                                1.79            
                                                                test/accuracy:  
                                                                0.337 test/loss:
                                                                1.771           
                                                                train/accuracy: 
                                                                0.333           
                                                                train/loss:     
                                                                1.793           
Epoch 68, global step 74520: 'val/accuracy' was not in top 1
Epoch 68/99 ━━━━━━━━━━━━━━━ 1400/1400 0:02:26 •       14.96it/s loss: 1.82      
                                      0:00:00                   v_num: odz1     
                                                                val/accuracy:   
                                                                0.341 val/loss: 
                                                                1.788           
                                                                test/accuracy:  
                                                                0.34 test/loss: 
                                                                1.772           
                                                                train/accuracy: 
                                                                0.334           
                                                                train/loss:     
                                                                1.791           
Epoch 69, global step 75600: 'val/accuracy' was not in top 1
Epoch 69/99 ━━━━━━━━━━━━━━━ 1400/1400 0:02:25 •       14.91it/s loss: 1.76      
                                      0:00:00                   v_num: odz1     
                                                                val/accuracy:   
                                                                0.341 val/loss: 
                                                                1.788           
                                                                test/accuracy:  
                                                                0.337 test/loss:
                                                                1.768           
                                                                train/accuracy: 
                                                                0.333           
                                                                train/loss:     
                                                                1.788           
Epoch 70, global step 76680: 'val/accuracy' was not in top 1
Epoch 70/99 ━━━━━━━━━━━━━━━ 1400/1400 0:02:26 •       14.85it/s loss: 1.75      
                                      0:00:00                   v_num: odz1     
                                                                val/accuracy:   
                                                                0.342 val/loss: 
                                                                1.789           
                                                                test/accuracy:  
                                                                0.338 test/loss:
                                                                1.769           
                                                                train/accuracy: 
                                                                0.333           
                                                                train/loss: 1.79
Epoch 71, global step 77760: 'val/accuracy' was not in top 1
Epoch 71/99 ━━━━━━━━━━━━━━━ 1400/1400 0:02:26 •       15.01it/s loss: 1.75      
                                      0:00:00                   v_num: odz1     
                                                                val/accuracy:   
                                                                0.323 val/loss: 
                                                                1.807           
                                                                test/accuracy:  
                                                                0.331 test/loss:
                                                                1.794           
                                                                train/accuracy: 
                                                                0.333           
                                                                train/loss:     
                                                                1.788           
Epoch 72, global step 78840: 'val/accuracy' was not in top 1
Epoch 72/99 ━━━━━━━━━━━━━━━ 1400/1400 0:02:27 •       14.87it/s loss: 1.79      
                                      0:00:00                   v_num: odz1     
                                                                val/accuracy:   
                                                                0.335 val/loss: 
                                                                1.798           
                                                                test/accuracy:  
                                                                0.335 test/loss:
                                                                1.781           
                                                                train/accuracy: 
                                                                0.335           
                                                                train/loss:     
                                                                1.789           
Epoch 73, global step 79920: 'val/accuracy' reached 0.34483 (best 0.34483), saving model to '/home/qvk729/Master_thesis/outputs/2023-07-21/17-12-46-012482/checkpoints/val/accuracy.ckpt' as top 1
Epoch 73/99 ━━━━━━━━━━━━━━━ 1400/1400 0:02:26 •       14.76it/s loss: 1.77      
                                      0:00:00                   v_num: odz1     
                                                                val/accuracy:   
                                                                0.345 val/loss: 
                                                                1.782           
                                                                test/accuracy:  
                                                                0.344 test/loss:
                                                                1.765           
                                                                train/accuracy: 
                                                                0.336           
                                                                train/loss:     
                                                                1.787           
Epoch 74, global step 81000: 'val/accuracy' was not in top 1
Epoch 74/99 ━━━━━━━━━━━━━━━ 1400/1400 0:02:27 •       15.02it/s loss: 1.83      
                                      0:00:00                   v_num: odz1     
                                                                val/accuracy:   
                                                                0.336 val/loss: 
                                                                1.803           
                                                                test/accuracy:  
                                                                0.338 test/loss:
                                                                1.78            
                                                                train/accuracy: 
                                                                0.333           
                                                                train/loss:     
                                                                1.786           
Epoch 75, global step 82080: 'val/accuracy' was not in top 1
Epoch 75/99 ━━━━━━━━━━━━━━━ 1400/1400 0:02:27 •       14.77it/s loss: 1.83      
                                      0:00:00                   v_num: odz1     
                                                                val/accuracy:   
                                                                0.333 val/loss: 
                                                                1.822           
                                                                test/accuracy:  
                                                                0.334 test/loss:
                                                                1.8             
                                                                train/accuracy: 
                                                                0.335           
                                                                train/loss:     
                                                                1.785           
